[ 2016-12-08T09:31:05+08:00 ] ::1 /apply/
INFO: [ app_init ] --START--
INFO: Run Behavior\BuildLiteBehavior [ RunTime:0.000000s ]
INFO: [ app_init ] --END-- [ RunTime:0.001000s ]
INFO: [ app_begin ] --START--
INFO: Run Behavior\ReadHtmlCacheBehavior [ RunTime:0.000000s ]
INFO: [ app_begin ] --END-- [ RunTime:0.001000s ]

[ 2016-12-08T09:31:05+08:00 ] ::1 /apply/index.php/Home/Login/login.html
INFO: [ app_init ] --START--
INFO: Run Behavior\BuildLiteBehavior [ RunTime:0.000000s ]
INFO: [ app_init ] --END-- [ RunTime:0.001000s ]
INFO: [ app_begin ] --START--
INFO: Run Behavior\ReadHtmlCacheBehavior [ RunTime:0.001000s ]
INFO: [ app_begin ] --END-- [ RunTime:0.001000s ]
INFO: [ view_parse ] --START--
INFO: [ template_filter ] --START--
INFO: Run Behavior\ContentReplaceBehavior [ RunTime:0.001000s ]
INFO: [ template_filter ] --END-- [ RunTime:0.001000s ]
INFO: Run Behavior\ParseTemplateBehavior [ RunTime:0.009000s ]
INFO: [ view_parse ] --END-- [ RunTime:0.009000s ]
INFO: [ view_filter ] --START--
INFO: Run Behavior\WriteHtmlCacheBehavior [ RunTime:0.001000s ]
INFO: Run Behavior\TokenBuildBehavior [ RunTime:0.001000s ]
INFO: [ view_filter ] --END-- [ RunTime:0.002000s ]
INFO: [ app_end ] --START--
INFO: Run Behavior\ShowPageTraceBehavior [ RunTime:0.001000s ]
INFO: [ app_end ] --END-- [ RunTime:0.001000s ]

[ 2016-12-08T11:34:22+08:00 ] ::1 /apply/
INFO: [ app_init ] --START--
INFO: Run Behavior\BuildLiteBehavior [ RunTime:0.000000s ]
INFO: [ app_init ] --END-- [ RunTime:0.000000s ]
INFO: [ app_begin ] --START--
INFO: Run Behavior\ReadHtmlCacheBehavior [ RunTime:0.001000s ]
INFO: [ app_begin ] --END-- [ RunTime:0.001000s ]

[ 2016-12-08T11:34:22+08:00 ] ::1 /apply/index.php/Home/Login/login.html
INFO: [ app_init ] --START--
INFO: Run Behavior\BuildLiteBehavior [ RunTime:0.000000s ]
INFO: [ app_init ] --END-- [ RunTime:0.000000s ]
INFO: [ app_begin ] --START--
INFO: Run Behavior\ReadHtmlCacheBehavior [ RunTime:0.001000s ]
INFO: [ app_begin ] --END-- [ RunTime:0.001000s ]
INFO: [ view_parse ] --START--
INFO: [ template_filter ] --START--
INFO: Run Behavior\ContentReplaceBehavior [ RunTime:0.000000s ]
INFO: [ template_filter ] --END-- [ RunTime:0.001000s ]
INFO: Run Behavior\ParseTemplateBehavior [ RunTime:0.008000s ]
INFO: [ view_parse ] --END-- [ RunTime:0.009000s ]
INFO: [ view_filter ] --START--
INFO: Run Behavior\WriteHtmlCacheBehavior [ RunTime:0.000000s ]
INFO: Run Behavior\TokenBuildBehavior [ RunTime:0.001000s ]
INFO: [ view_filter ] --END-- [ RunTime:0.001000s ]
INFO: [ app_end ] --START--
INFO: Run Behavior\ShowPageTraceBehavior [ RunTime:0.000000s ]
INFO: [ app_end ] --END-- [ RunTime:0.000000s ]

[ 2016-12-08T11:34:55+08:00 ] ::1 /apply/index.php/Home/Login/login.html
INFO: [ app_init ] --START--
INFO: Run Behavior\BuildLiteBehavior [ RunTime:0.000000s ]
INFO: [ app_init ] --END-- [ RunTime:0.001000s ]
INFO: [ app_begin ] --START--
INFO: Run Behavior\ReadHtmlCacheBehavior [ RunTime:0.001000s ]
INFO: [ app_begin ] --END-- [ RunTime:0.001000s ]
SQL: SHOW COLUMNS FROM `l_user` [ RunTime:0.0030s ]
SQL: SELECT `id`,`nickname`,`cid`,`type` FROM `l_user` WHERE `account` = '经济学院' AND `password` = 'e10adc3949ba59abbe56e057f20f883e' LIMIT 1   [ RunTime:0.0010s ]

[ 2016-12-08T11:34:55+08:00 ] ::1 /apply/index.php/Home/Index/index.html
INFO: [ app_init ] --START--
INFO: Run Behavior\BuildLiteBehavior [ RunTime:0.000000s ]
INFO: [ app_init ] --END-- [ RunTime:0.002000s ]
INFO: [ app_begin ] --START--
INFO: Run Behavior\ReadHtmlCacheBehavior [ RunTime:0.000000s ]
INFO: [ app_begin ] --END-- [ RunTime:0.001000s ]
SQL: SHOW COLUMNS FROM `l_material` [ RunTime:0.0030s ]
SQL: SHOW COLUMNS FROM `l_apply_material` [ RunTime:0.0040s ]
SQL: SHOW COLUMNS FROM `l_apply_material` [ RunTime:0.0050s ]
SQL: SHOW COLUMNS FROM `l_apply_young` [ RunTime:0.0030s ]
SQL: SHOW COLUMNS FROM `l_approve` [ RunTime:0.0050s ]
SQL: SHOW COLUMNS FROM `l_process` [ RunTime:0.0090s ]
SQL: SHOW COLUMNS FROM `l_apply_venue` [ RunTime:0.0040s ]
INFO: [ view_parse ] --START--
INFO: [ template_filter ] --START--
INFO: Run Behavior\ContentReplaceBehavior [ RunTime:0.000000s ]
INFO: [ template_filter ] --END-- [ RunTime:0.000000s ]
INFO: Run Behavior\ParseTemplateBehavior [ RunTime:0.019000s ]
INFO: [ view_parse ] --END-- [ RunTime:0.019000s ]
INFO: [ view_filter ] --START--
INFO: Run Behavior\WriteHtmlCacheBehavior [ RunTime:0.001000s ]
INFO: Run Behavior\TokenBuildBehavior [ RunTime:0.000000s ]
INFO: [ view_filter ] --END-- [ RunTime:0.001000s ]
INFO: [ app_end ] --START--
INFO: Run Behavior\ShowPageTraceBehavior [ RunTime:0.001000s ]
INFO: [ app_end ] --END-- [ RunTime:0.001000s ]

[ 2016-12-08T11:34:56+08:00 ] ::1 /apply/index.php/Home/Index/index.html?type=1
INFO: [ app_init ] --START--
INFO: Run Behavior\BuildLiteBehavior [ RunTime:0.000000s ]
INFO: [ app_init ] --END-- [ RunTime:0.001000s ]
INFO: [ app_begin ] --START--
INFO: Run Behavior\ReadHtmlCacheBehavior [ RunTime:0.001000s ]
INFO: [ app_begin ] --END-- [ RunTime:0.001000s ]
SQL: SHOW COLUMNS FROM `l_material` [ RunTime:0.0060s ]
SQL: SHOW COLUMNS FROM `l_apply_material` [ RunTime:0.0050s ]
SQL: SHOW COLUMNS FROM `l_apply_material` [ RunTime:0.0030s ]
SQL: SHOW COLUMNS FROM `l_apply_young` [ RunTime:0.0060s ]
SQL: SHOW COLUMNS FROM `l_approve` [ RunTime:0.0040s ]
SQL: SHOW COLUMNS FROM `l_process` [ RunTime:0.0040s ]
SQL: SHOW COLUMNS FROM `l_apply_venue` [ RunTime:0.0030s ]
SQL: SELECT COUNT(*) AS tp_count FROM `l_apply_material` WHERE ( applicant = 8 ) LIMIT 1   [ RunTime:0.0000s ]
SQL: SELECT l_apply_material.id,`theme`,`apply_code`,`qr_code`,`apply_time`,`applicant`,`isReturn`,a.isagree,u.nickname FROM `l_apply_material` LEFT JOIN l_user u on l_apply_material.applicant = u.id LEFT JOIN l_approve a on l_apply_material.id = a.aid AND a.type = 1  WHERE ( applicant = 8 ) ORDER BY a.isagree asc, apply_time desc LIMIT 0,11   [ RunTime:0.0020s ]
NOTIC: [2] Invalid argument supplied for foreach() E:\wamp\www\apply\Application\Common\Model\AmaterialModel.class.php 第 83 行.

[ 2016-12-08T11:34:56+08:00 ] ::1 /apply/index.php/Home/Index/getApplyType.html
INFO: [ app_init ] --START--
INFO: Run Behavior\BuildLiteBehavior [ RunTime:0.000000s ]
INFO: [ app_init ] --END-- [ RunTime:0.001000s ]
INFO: [ app_begin ] --START--
INFO: Run Behavior\ReadHtmlCacheBehavior [ RunTime:0.001000s ]
INFO: [ app_begin ] --END-- [ RunTime:0.001000s ]
SQL: SHOW COLUMNS FROM `l_material` [ RunTime:0.0060s ]
SQL: SHOW COLUMNS FROM `l_apply_material` [ RunTime:0.0040s ]
SQL: SHOW COLUMNS FROM `l_apply_material` [ RunTime:0.0040s ]
SQL: SHOW COLUMNS FROM `l_apply_young` [ RunTime:0.0080s ]
SQL: SHOW COLUMNS FROM `l_approve` [ RunTime:0.0050s ]
SQL: SHOW COLUMNS FROM `l_process` [ RunTime:0.0040s ]
SQL: SHOW COLUMNS FROM `l_apply_venue` [ RunTime:0.0040s ]

[ 2016-12-08T11:34:56+08:00 ] ::1 /apply/index.php/Home/Index/index.html?type=1&pageid=1
INFO: [ app_init ] --START--
INFO: Run Behavior\BuildLiteBehavior [ RunTime:0.000000s ]
INFO: [ app_init ] --END-- [ RunTime:0.001000s ]
INFO: [ app_begin ] --START--
INFO: Run Behavior\ReadHtmlCacheBehavior [ RunTime:0.001000s ]
INFO: [ app_begin ] --END-- [ RunTime:0.001000s ]
SQL: SHOW COLUMNS FROM `l_material` [ RunTime:0.0030s ]
SQL: SHOW COLUMNS FROM `l_apply_material` [ RunTime:0.0030s ]
SQL: SHOW COLUMNS FROM `l_apply_material` [ RunTime:0.0020s ]
SQL: SHOW COLUMNS FROM `l_apply_young` [ RunTime:0.0070s ]
SQL: SHOW COLUMNS FROM `l_approve` [ RunTime:0.0040s ]
SQL: SHOW COLUMNS FROM `l_process` [ RunTime:0.0040s ]
SQL: SHOW COLUMNS FROM `l_apply_venue` [ RunTime:0.0030s ]
SQL: SELECT COUNT(*) AS tp_count FROM `l_apply_material` WHERE ( applicant = 8 ) LIMIT 1   [ RunTime:0.0000s ]
SQL: SELECT l_apply_material.id,`theme`,`apply_code`,`qr_code`,`apply_time`,`applicant`,`isReturn`,a.isagree,u.nickname FROM `l_apply_material` LEFT JOIN l_user u on l_apply_material.applicant = u.id LEFT JOIN l_approve a on l_apply_material.id = a.aid AND a.type = 1  WHERE ( applicant = 8 ) ORDER BY a.isagree asc, apply_time desc LIMIT 0,11   [ RunTime:0.0000s ]
NOTIC: [2] Invalid argument supplied for foreach() E:\wamp\www\apply\Application\Common\Model\AmaterialModel.class.php 第 83 行.

[ 2016-12-08T11:34:57+08:00 ] ::1 /apply/index.php/Home/Index/resetPwd.html
INFO: [ app_init ] --START--
INFO: Run Behavior\BuildLiteBehavior [ RunTime:0.000000s ]
INFO: [ app_init ] --END-- [ RunTime:0.000000s ]
INFO: [ app_begin ] --START--
INFO: Run Behavior\ReadHtmlCacheBehavior [ RunTime:0.001000s ]
INFO: [ app_begin ] --END-- [ RunTime:0.001000s ]
SQL: SHOW COLUMNS FROM `l_material` [ RunTime:0.0020s ]
SQL: SHOW COLUMNS FROM `l_apply_material` [ RunTime:0.0030s ]
SQL: SHOW COLUMNS FROM `l_apply_material` [ RunTime:0.0030s ]
SQL: SHOW COLUMNS FROM `l_apply_young` [ RunTime:0.0020s ]
SQL: SHOW COLUMNS FROM `l_approve` [ RunTime:0.0030s ]
SQL: SHOW COLUMNS FROM `l_process` [ RunTime:0.0020s ]
SQL: SHOW COLUMNS FROM `l_apply_venue` [ RunTime:0.0030s ]
INFO: [ view_parse ] --START--
INFO: [ template_filter ] --START--
INFO: Run Behavior\ContentReplaceBehavior [ RunTime:0.000000s ]
INFO: [ template_filter ] --END-- [ RunTime:0.000000s ]
INFO: Run Behavior\ParseTemplateBehavior [ RunTime:0.010000s ]
INFO: [ view_parse ] --END-- [ RunTime:0.010000s ]
INFO: [ view_filter ] --START--
INFO: Run Behavior\WriteHtmlCacheBehavior [ RunTime:0.001000s ]
INFO: Run Behavior\TokenBuildBehavior [ RunTime:0.000000s ]
INFO: [ view_filter ] --END-- [ RunTime:0.001000s ]
INFO: [ app_end ] --START--
INFO: Run Behavior\ShowPageTraceBehavior [ RunTime:0.001000s ]
INFO: [ app_end ] --END-- [ RunTime:0.001000s ]

[ 2016-12-08T11:34:59+08:00 ] ::1 /apply/index.php/Home/Index/applyMaterials.html
INFO: [ app_init ] --START--
INFO: Run Behavior\BuildLiteBehavior [ RunTime:0.000000s ]
INFO: [ app_init ] --END-- [ RunTime:0.001000s ]
INFO: [ app_begin ] --START--
INFO: Run Behavior\ReadHtmlCacheBehavior [ RunTime:0.000000s ]
INFO: [ app_begin ] --END-- [ RunTime:0.000000s ]
SQL: SHOW COLUMNS FROM `l_material` [ RunTime:0.0030s ]
SQL: SHOW COLUMNS FROM `l_apply_material` [ RunTime:0.0050s ]
SQL: SHOW COLUMNS FROM `l_apply_material` [ RunTime:0.0050s ]
SQL: SHOW COLUMNS FROM `l_apply_young` [ RunTime:0.0040s ]
SQL: SHOW COLUMNS FROM `l_approve` [ RunTime:0.0040s ]
SQL: SHOW COLUMNS FROM `l_process` [ RunTime:0.0030s ]
SQL: SHOW COLUMNS FROM `l_apply_venue` [ RunTime:0.0040s ]
SQL: SELECT `id`,`name`,`isdel` FROM `l_material` WHERE `pid` = 0 AND `isdel` = 1 ORDER BY id asc  [ RunTime:0.0010s ]
SQL: SELECT `status` FROM `l_material` WHERE `pid` = 40  [ RunTime:0.0010s ]
SQL: SELECT `status` FROM `l_material` WHERE `pid` = 41  [ RunTime:0.0010s ]
SQL: SELECT `status` FROM `l_material` WHERE `pid` = 42  [ RunTime:0.0010s ]
SQL: SELECT `status` FROM `l_material` WHERE `pid` = 43  [ RunTime:0.0000s ]
SQL: SELECT `status` FROM `l_material` WHERE `pid` = 44  [ RunTime:0.0000s ]
SQL: SELECT `status` FROM `l_material` WHERE `pid` = 45  [ RunTime:0.0010s ]
SQL: SELECT `status` FROM `l_material` WHERE `pid` = 46  [ RunTime:0.0000s ]
SQL: SELECT `status` FROM `l_material` WHERE `pid` = 47  [ RunTime:0.0000s ]
SQL: SELECT `status` FROM `l_material` WHERE `pid` = 48  [ RunTime:0.0000s ]
SQL: SELECT `status` FROM `l_material` WHERE `pid` = 49  [ RunTime:0.0000s ]
SQL: SELECT `status` FROM `l_material` WHERE `pid` = 50  [ RunTime:0.0010s ]
SQL: SELECT `status` FROM `l_material` WHERE `pid` = 51  [ RunTime:0.0000s ]
SQL: SELECT `status` FROM `l_material` WHERE `pid` = 52  [ RunTime:0.0010s ]
SQL: SELECT `status` FROM `l_material` WHERE `pid` = 53  [ RunTime:0.0000s ]
SQL: SELECT `status` FROM `l_material` WHERE `pid` = 54  [ RunTime:0.0010s ]
SQL: SELECT `status` FROM `l_material` WHERE `pid` = 55  [ RunTime:0.0000s ]
SQL: SELECT `status` FROM `l_material` WHERE `pid` = 56  [ RunTime:0.0000s ]
SQL: SELECT `status` FROM `l_material` WHERE `pid` = 57  [ RunTime:0.0010s ]
SQL: SELECT `status` FROM `l_material` WHERE `pid` = 58  [ RunTime:0.0000s ]
SQL: SELECT `status` FROM `l_material` WHERE `pid` = 59  [ RunTime:0.0010s ]
SQL: SELECT `status` FROM `l_material` WHERE `pid` = 60  [ RunTime:0.0000s ]
SQL: SELECT `status` FROM `l_material` WHERE `pid` = 61  [ RunTime:0.0000s ]
SQL: SELECT `status` FROM `l_material` WHERE `pid` = 62  [ RunTime:0.0010s ]
SQL: SELECT `status` FROM `l_material` WHERE `pid` = 63  [ RunTime:0.0000s ]
SQL: SELECT `status` FROM `l_material` WHERE `pid` = 64  [ RunTime:0.0000s ]
SQL: SELECT `status` FROM `l_material` WHERE `pid` = 65  [ RunTime:0.0010s ]
SQL: SELECT `status` FROM `l_material` WHERE `pid` = 66  [ RunTime:0.0010s ]
SQL: SELECT `status` FROM `l_material` WHERE `pid` = 67  [ RunTime:0.0000s ]
SQL: SELECT `status` FROM `l_material` WHERE `pid` = 68  [ RunTime:0.0010s ]
SQL: SELECT `status` FROM `l_material` WHERE `pid` = 69  [ RunTime:0.0000s ]
SQL: SELECT `status` FROM `l_material` WHERE `pid` = 70  [ RunTime:0.0000s ]
SQL: SELECT `status` FROM `l_material` WHERE `pid` = 71  [ RunTime:0.0000s ]
SQL: SELECT `status` FROM `l_material` WHERE `pid` = 72  [ RunTime:0.0000s ]
SQL: SELECT `status` FROM `l_material` WHERE `pid` = 73  [ RunTime:0.0010s ]
SQL: SELECT `status` FROM `l_material` WHERE `pid` = 74  [ RunTime:0.0000s ]
SQL: SELECT `status` FROM `l_material` WHERE `pid` = 75  [ RunTime:0.0000s ]
SQL: SELECT `status` FROM `l_material` WHERE `pid` = 76  [ RunTime:0.0000s ]
SQL: SELECT `status` FROM `l_material` WHERE `pid` = 77  [ RunTime:0.0000s ]
NOTIC: [8] Undefined variable: data E:\wamp\www\apply\Application\Home\Controller\IndexController.class.php 第 169 行.
SQL: SELECT `status` FROM `l_material` WHERE `pid` = 40  [ RunTime:0.0010s ]
SQL: SELECT `status` FROM `l_material` WHERE `pid` = 41  [ RunTime:0.0000s ]
SQL: SELECT `status` FROM `l_material` WHERE `pid` = 42  [ RunTime:0.0000s ]
SQL: SELECT `status` FROM `l_material` WHERE `pid` = 43  [ RunTime:0.0010s ]
SQL: SELECT `status` FROM `l_material` WHERE `pid` = 44  [ RunTime:0.0000s ]
SQL: SELECT `status` FROM `l_material` WHERE `pid` = 45  [ RunTime:0.0010s ]
SQL: SELECT `status` FROM `l_material` WHERE `pid` = 46  [ RunTime:0.0000s ]
SQL: SELECT `status` FROM `l_material` WHERE `pid` = 47  [ RunTime:0.0000s ]
SQL: SELECT `status` FROM `l_material` WHERE `pid` = 48  [ RunTime:0.0010s ]
SQL: SELECT `status` FROM `l_material` WHERE `pid` = 49  [ RunTime:0.0010s ]
SQL: SELECT `status` FROM `l_material` WHERE `pid` = 50  [ RunTime:0.0010s ]
SQL: SELECT `status` FROM `l_material` WHERE `pid` = 51  [ RunTime:0.0010s ]
SQL: SELECT `status` FROM `l_material` WHERE `pid` = 52  [ RunTime:0.0010s ]
SQL: SELECT `status` FROM `l_material` WHERE `pid` = 53  [ RunTime:0.0000s ]
SQL: SELECT `status` FROM `l_material` WHERE `pid` = 54  [ RunTime:0.0000s ]
SQL: SELECT `status` FROM `l_material` WHERE `pid` = 55  [ RunTime:0.0010s ]
SQL: SELECT `status` FROM `l_material` WHERE `pid` = 56  [ RunTime:0.0010s ]
SQL: SELECT `status` FROM `l_material` WHERE `pid` = 57  [ RunTime:0.0000s ]
SQL: SELECT `status` FROM `l_material` WHERE `pid` = 58  [ RunTime:0.0000s ]
SQL: SELECT `status` FROM `l_material` WHERE `pid` = 59  [ RunTime:0.0000s ]
SQL: SELECT `status` FROM `l_material` WHERE `pid` = 60  [ RunTime:0.0000s ]
SQL: SELECT `status` FROM `l_material` WHERE `pid` = 61  [ RunTime:0.0000s ]
SQL: SELECT `status` FROM `l_material` WHERE `pid` = 62  [ RunTime:0.0000s ]
SQL: SELECT `status` FROM `l_material` WHERE `pid` = 63  [ RunTime:0.0000s ]
SQL: SELECT `status` FROM `l_material` WHERE `pid` = 64  [ RunTime:0.0000s ]
SQL: SELECT `status` FROM `l_material` WHERE `pid` = 65  [ RunTime:0.0010s ]
SQL: SELECT `status` FROM `l_material` WHERE `pid` = 66  [ RunTime:0.0000s ]
SQL: SELECT `status` FROM `l_material` WHERE `pid` = 67  [ RunTime:0.0010s ]
SQL: SELECT `status` FROM `l_material` WHERE `pid` = 68  [ RunTime:0.0000s ]
SQL: SELECT `status` FROM `l_material` WHERE `pid` = 69  [ RunTime:0.0000s ]
SQL: SELECT `status` FROM `l_material` WHERE `pid` = 70  [ RunTime:0.0000s ]
SQL: SELECT `status` FROM `l_material` WHERE `pid` = 71  [ RunTime:0.0000s ]
SQL: SELECT `status` FROM `l_material` WHERE `pid` = 72  [ RunTime:0.0010s ]
SQL: SELECT `status` FROM `l_material` WHERE `pid` = 73  [ RunTime:0.0000s ]
SQL: SELECT `status` FROM `l_material` WHERE `pid` = 74  [ RunTime:0.0000s ]
SQL: SELECT `status` FROM `l_material` WHERE `pid` = 75  [ RunTime:0.0000s ]
SQL: SELECT `status` FROM `l_material` WHERE `pid` = 76  [ RunTime:0.0000s ]
SQL: SELECT `status` FROM `l_material` WHERE `pid` = 77  [ RunTime:0.0000s ]
NOTIC: [8] Undefined variable: data E:\wamp\www\apply\Application\Home\Controller\IndexController.class.php 第 177 行.
INFO: [ view_parse ] --START--
INFO: [ template_filter ] --START--
INFO: Run Behavior\ContentReplaceBehavior [ RunTime:0.001000s ]
INFO: [ template_filter ] --END-- [ RunTime:0.001000s ]
NOTIC: [8] Undefined variable: data E:\wamp\www\apply\Application\Runtime\Cache\Home\c61586669bc1edddd8455c56ab5b2af0.php 第 58 行.
NOTIC: [8] Undefined variable: data E:\wamp\www\apply\Application\Runtime\Cache\Home\c61586669bc1edddd8455c56ab5b2af0.php 第 58 行.
NOTIC: [8] Undefined variable: data E:\wamp\www\apply\Application\Runtime\Cache\Home\c61586669bc1edddd8455c56ab5b2af0.php 第 72 行.
NOTIC: [8] Undefined variable: data E:\wamp\www\apply\Application\Runtime\Cache\Home\c61586669bc1edddd8455c56ab5b2af0.php 第 82 行.
NOTIC: [8] Undefined variable: data E:\wamp\www\apply\Application\Runtime\Cache\Home\c61586669bc1edddd8455c56ab5b2af0.php 第 82 行.
NOTIC: [8] Undefined variable: data E:\wamp\www\apply\Application\Runtime\Cache\Home\c61586669bc1edddd8455c56ab5b2af0.php 第 90 行.
NOTIC: [8] Undefined variable: data E:\wamp\www\apply\Application\Runtime\Cache\Home\c61586669bc1edddd8455c56ab5b2af0.php 第 100 行.
NOTIC: [8] Undefined variable: data E:\wamp\www\apply\Application\Runtime\Cache\Home\c61586669bc1edddd8455c56ab5b2af0.php 第 145 行.
NOTIC: [8] Undefined variable: data E:\wamp\www\apply\Application\Runtime\Cache\Home\c61586669bc1edddd8455c56ab5b2af0.php 第 188 行.
NOTIC: [8] Undefined variable: data E:\wamp\www\apply\Application\Runtime\Cache\Home\c61586669bc1edddd8455c56ab5b2af0.php 第 207 行.
NOTIC: [8] Undefined variable: data E:\wamp\www\apply\Application\Runtime\Cache\Home\c61586669bc1edddd8455c56ab5b2af0.php 第 216 行.
INFO: Run Behavior\ParseTemplateBehavior [ RunTime:0.028000s ]
INFO: [ view_parse ] --END-- [ RunTime:0.028000s ]
INFO: [ view_filter ] --START--
INFO: Run Behavior\WriteHtmlCacheBehavior [ RunTime:0.000000s ]
INFO: Run Behavior\TokenBuildBehavior [ RunTime:0.000000s ]
INFO: [ view_filter ] --END-- [ RunTime:0.000000s ]
INFO: [ app_end ] --START--
INFO: Run Behavior\ShowPageTraceBehavior [ RunTime:0.000000s ]
INFO: [ app_end ] --END-- [ RunTime:0.000000s ]

[ 2016-12-08T11:35:00+08:00 ] ::1 /apply/index.php/Home/Index/applyWorkshop.html
INFO: [ app_init ] --START--
INFO: Run Behavior\BuildLiteBehavior [ RunTime:0.000000s ]
INFO: [ app_init ] --END-- [ RunTime:0.000000s ]
INFO: [ app_begin ] --START--
INFO: Run Behavior\ReadHtmlCacheBehavior [ RunTime:0.000000s ]
INFO: [ app_begin ] --END-- [ RunTime:0.000000s ]
SQL: SHOW COLUMNS FROM `l_material` [ RunTime:0.0060s ]
SQL: SHOW COLUMNS FROM `l_apply_material` [ RunTime:0.0040s ]
SQL: SHOW COLUMNS FROM `l_apply_material` [ RunTime:0.0070s ]
SQL: SHOW COLUMNS FROM `l_apply_young` [ RunTime:0.0050s ]
SQL: SHOW COLUMNS FROM `l_approve` [ RunTime:0.0050s ]
SQL: SHOW COLUMNS FROM `l_process` [ RunTime:0.0030s ]
SQL: SHOW COLUMNS FROM `l_apply_venue` [ RunTime:0.0030s ]
NOTIC: [8] Undefined variable: data E:\wamp\www\apply\Application\Home\Controller\IndexController.class.php 第 203 行.
SQL: SHOW COLUMNS FROM `l_young` [ RunTime:0.0130s ]
SQL: SELECT * FROM `l_young`  [ RunTime:0.0010s ]
INFO: [ view_parse ] --START--
INFO: [ template_filter ] --START--
INFO: Run Behavior\ContentReplaceBehavior [ RunTime:0.001000s ]
INFO: [ template_filter ] --END-- [ RunTime:0.001000s ]
NOTIC: [8] Undefined variable: apply E:\wamp\www\apply\Application\Runtime\Cache\Home\94342d8373310cff3222b4b898a7c5ce.php 第 65 行.
NOTIC: [8] Undefined variable: apply E:\wamp\www\apply\Application\Runtime\Cache\Home\94342d8373310cff3222b4b898a7c5ce.php 第 65 行.
NOTIC: [8] Undefined variable: apply E:\wamp\www\apply\Application\Runtime\Cache\Home\94342d8373310cff3222b4b898a7c5ce.php 第 73 行.
NOTIC: [8] Undefined variable: apply E:\wamp\www\apply\Application\Runtime\Cache\Home\94342d8373310cff3222b4b898a7c5ce.php 第 81 行.
NOTIC: [8] Undefined variable: apply E:\wamp\www\apply\Application\Runtime\Cache\Home\94342d8373310cff3222b4b898a7c5ce.php 第 103 行.
NOTIC: [8] Undefined variable: apply E:\wamp\www\apply\Application\Runtime\Cache\Home\94342d8373310cff3222b4b898a7c5ce.php 第 113 行.
NOTIC: [8] Undefined variable: apply E:\wamp\www\apply\Application\Runtime\Cache\Home\94342d8373310cff3222b4b898a7c5ce.php 第 113 行.
NOTIC: [8] Undefined variable: apply E:\wamp\www\apply\Application\Runtime\Cache\Home\94342d8373310cff3222b4b898a7c5ce.php 第 119 行.
NOTIC: [8] Undefined variable: apply E:\wamp\www\apply\Application\Runtime\Cache\Home\94342d8373310cff3222b4b898a7c5ce.php 第 119 行.
NOTIC: [8] Undefined variable: apply E:\wamp\www\apply\Application\Runtime\Cache\Home\94342d8373310cff3222b4b898a7c5ce.php 第 130 行.
NOTIC: [8] Undefined variable: apply E:\wamp\www\apply\Application\Runtime\Cache\Home\94342d8373310cff3222b4b898a7c5ce.php 第 134 行.
NOTIC: [8] Undefined variable: apply E:\wamp\www\apply\Application\Runtime\Cache\Home\94342d8373310cff3222b4b898a7c5ce.php 第 143 行.
NOTIC: [8] Undefined variable: apply E:\wamp\www\apply\Application\Runtime\Cache\Home\94342d8373310cff3222b4b898a7c5ce.php 第 143 行.
NOTIC: [8] Undefined variable: apply E:\wamp\www\apply\Application\Runtime\Cache\Home\94342d8373310cff3222b4b898a7c5ce.php 第 146 行.
NOTIC: [8] Undefined variable: apply E:\wamp\www\apply\Application\Runtime\Cache\Home\94342d8373310cff3222b4b898a7c5ce.php 第 163 行.
NOTIC: [8] Undefined variable: apply E:\wamp\www\apply\Application\Runtime\Cache\Home\94342d8373310cff3222b4b898a7c5ce.php 第 181 行.
INFO: Run Behavior\ParseTemplateBehavior [ RunTime:0.026000s ]
INFO: [ view_parse ] --END-- [ RunTime:0.027000s ]
INFO: [ view_filter ] --START--
INFO: Run Behavior\WriteHtmlCacheBehavior [ RunTime:0.000000s ]
INFO: Run Behavior\TokenBuildBehavior [ RunTime:0.001000s ]
INFO: [ view_filter ] --END-- [ RunTime:0.001000s ]
INFO: [ app_end ] --START--
INFO: Run Behavior\ShowPageTraceBehavior [ RunTime:0.002000s ]
INFO: [ app_end ] --END-- [ RunTime:0.003000s ]

[ 2016-12-08T11:35:02+08:00 ] ::1 /apply/index.php/Home/Index/applySite.html
INFO: [ app_init ] --START--
INFO: Run Behavior\BuildLiteBehavior [ RunTime:0.000000s ]
INFO: [ app_init ] --END-- [ RunTime:0.000000s ]
INFO: [ app_begin ] --START--
INFO: Run Behavior\ReadHtmlCacheBehavior [ RunTime:0.000000s ]
INFO: [ app_begin ] --END-- [ RunTime:0.000000s ]
SQL: SHOW COLUMNS FROM `l_material` [ RunTime:0.0040s ]
SQL: SHOW COLUMNS FROM `l_apply_material` [ RunTime:0.0030s ]
SQL: SHOW COLUMNS FROM `l_apply_material` [ RunTime:0.0040s ]
SQL: SHOW COLUMNS FROM `l_apply_young` [ RunTime:0.0030s ]
SQL: SHOW COLUMNS FROM `l_approve` [ RunTime:0.0060s ]
SQL: SHOW COLUMNS FROM `l_process` [ RunTime:0.0030s ]
SQL: SHOW COLUMNS FROM `l_apply_venue` [ RunTime:0.0040s ]
INFO: [ view_parse ] --START--
INFO: [ template_filter ] --START--
INFO: Run Behavior\ContentReplaceBehavior [ RunTime:0.001000s ]
INFO: [ template_filter ] --END-- [ RunTime:0.001000s ]
NOTIC: [8] Undefined variable: data E:\wamp\www\apply\Application\Runtime\Cache\Home\883047aeb9fec54e7cfcecf69f4c2f77.php 第 66 行.
NOTIC: [8] Undefined variable: data E:\wamp\www\apply\Application\Runtime\Cache\Home\883047aeb9fec54e7cfcecf69f4c2f77.php 第 66 行.
NOTIC: [8] Undefined variable: data E:\wamp\www\apply\Application\Runtime\Cache\Home\883047aeb9fec54e7cfcecf69f4c2f77.php 第 72 行.
NOTIC: [8] Undefined variable: data E:\wamp\www\apply\Application\Runtime\Cache\Home\883047aeb9fec54e7cfcecf69f4c2f77.php 第 88 行.
NOTIC: [8] Undefined variable: data E:\wamp\www\apply\Application\Runtime\Cache\Home\883047aeb9fec54e7cfcecf69f4c2f77.php 第 88 行.
NOTIC: [8] Undefined variable: data E:\wamp\www\apply\Application\Runtime\Cache\Home\883047aeb9fec54e7cfcecf69f4c2f77.php 第 96 行.
NOTIC: [8] Undefined variable: data E:\wamp\www\apply\Application\Runtime\Cache\Home\883047aeb9fec54e7cfcecf69f4c2f77.php 第 96 行.
NOTIC: [8] Undefined variable: data E:\wamp\www\apply\Application\Runtime\Cache\Home\883047aeb9fec54e7cfcecf69f4c2f77.php 第 100 行.
NOTIC: [8] Undefined variable: data E:\wamp\www\apply\Application\Runtime\Cache\Home\883047aeb9fec54e7cfcecf69f4c2f77.php 第 120 行.
NOTIC: [8] Undefined variable: data E:\wamp\www\apply\Application\Runtime\Cache\Home\883047aeb9fec54e7cfcecf69f4c2f77.php 第 130 行.
NOTIC: [8] Undefined variable: data E:\wamp\www\apply\Application\Runtime\Cache\Home\883047aeb9fec54e7cfcecf69f4c2f77.php 第 140 行.
NOTIC: [8] Undefined variable: data E:\wamp\www\apply\Application\Runtime\Cache\Home\883047aeb9fec54e7cfcecf69f4c2f77.php 第 140 行.
NOTIC: [8] Undefined variable: data E:\wamp\www\apply\Application\Runtime\Cache\Home\883047aeb9fec54e7cfcecf69f4c2f77.php 第 146 行.
NOTIC: [8] Undefined variable: data E:\wamp\www\apply\Application\Runtime\Cache\Home\883047aeb9fec54e7cfcecf69f4c2f77.php 第 162 行.
NOTIC: [8] Undefined variable: data E:\wamp\www\apply\Application\Runtime\Cache\Home\883047aeb9fec54e7cfcecf69f4c2f77.php 第 168 行.
NOTIC: [8] Undefined variable: data E:\wamp\www\apply\Application\Runtime\Cache\Home\883047aeb9fec54e7cfcecf69f4c2f77.php 第 168 行.
NOTIC: [8] Undefined variable: data E:\wamp\www\apply\Application\Runtime\Cache\Home\883047aeb9fec54e7cfcecf69f4c2f77.php 第 179 行.
INFO: Run Behavior\ParseTemplateBehavior [ RunTime:0.024000s ]
INFO: [ view_parse ] --END-- [ RunTime:0.024000s ]
INFO: [ view_filter ] --START--
INFO: Run Behavior\WriteHtmlCacheBehavior [ RunTime:0.000000s ]
INFO: Run Behavior\TokenBuildBehavior [ RunTime:0.001000s ]
INFO: [ view_filter ] --END-- [ RunTime:0.001000s ]
INFO: [ app_end ] --START--
INFO: Run Behavior\ShowPageTraceBehavior [ RunTime:0.001000s ]
INFO: [ app_end ] --END-- [ RunTime:0.001000s ]

[ 2016-12-08T11:35:03+08:00 ] ::1 /apply/index.php/Home/Index/applyMaterials.html
INFO: [ app_init ] --START--
INFO: Run Behavior\BuildLiteBehavior [ RunTime:0.000000s ]
INFO: [ app_init ] --END-- [ RunTime:0.001000s ]
INFO: [ app_begin ] --START--
INFO: Run Behavior\ReadHtmlCacheBehavior [ RunTime:0.001000s ]
INFO: [ app_begin ] --END-- [ RunTime:0.001000s ]
SQL: SHOW COLUMNS FROM `l_material` [ RunTime:0.0030s ]
SQL: SHOW COLUMNS FROM `l_apply_material` [ RunTime:0.0040s ]
SQL: SHOW COLUMNS FROM `l_apply_material` [ RunTime:0.0040s ]
SQL: SHOW COLUMNS FROM `l_apply_young` [ RunTime:0.0030s ]
SQL: SHOW COLUMNS FROM `l_approve` [ RunTime:0.0050s ]
SQL: SHOW COLUMNS FROM `l_process` [ RunTime:0.0040s ]
SQL: SHOW COLUMNS FROM `l_apply_venue` [ RunTime:0.0050s ]
SQL: SELECT `id`,`name`,`isdel` FROM `l_material` WHERE `pid` = 0 AND `isdel` = 1 ORDER BY id asc  [ RunTime:0.0010s ]
SQL: SELECT `status` FROM `l_material` WHERE `pid` = 40  [ RunTime:0.0000s ]
SQL: SELECT `status` FROM `l_material` WHERE `pid` = 41  [ RunTime:0.0000s ]
SQL: SELECT `status` FROM `l_material` WHERE `pid` = 42  [ RunTime:0.0000s ]
SQL: SELECT `status` FROM `l_material` WHERE `pid` = 43  [ RunTime:0.0010s ]
SQL: SELECT `status` FROM `l_material` WHERE `pid` = 44  [ RunTime:0.0000s ]
SQL: SELECT `status` FROM `l_material` WHERE `pid` = 45  [ RunTime:0.0000s ]
SQL: SELECT `status` FROM `l_material` WHERE `pid` = 46  [ RunTime:0.0010s ]
SQL: SELECT `status` FROM `l_material` WHERE `pid` = 47  [ RunTime:0.0000s ]
SQL: SELECT `status` FROM `l_material` WHERE `pid` = 48  [ RunTime:0.0030s ]
SQL: SELECT `status` FROM `l_material` WHERE `pid` = 49  [ RunTime:0.0010s ]
SQL: SELECT `status` FROM `l_material` WHERE `pid` = 50  [ RunTime:0.0010s ]
SQL: SELECT `status` FROM `l_material` WHERE `pid` = 51  [ RunTime:0.0000s ]
SQL: SELECT `status` FROM `l_material` WHERE `pid` = 52  [ RunTime:0.0000s ]
SQL: SELECT `status` FROM `l_material` WHERE `pid` = 53  [ RunTime:0.0000s ]
SQL: SELECT `status` FROM `l_material` WHERE `pid` = 54  [ RunTime:0.0010s ]
SQL: SELECT `status` FROM `l_material` WHERE `pid` = 55  [ RunTime:0.0010s ]
SQL: SELECT `status` FROM `l_material` WHERE `pid` = 56  [ RunTime:0.0000s ]
SQL: SELECT `status` FROM `l_material` WHERE `pid` = 57  [ RunTime:0.0000s ]
SQL: SELECT `status` FROM `l_material` WHERE `pid` = 58  [ RunTime:0.0000s ]
SQL: SELECT `status` FROM `l_material` WHERE `pid` = 59  [ RunTime:0.0000s ]
SQL: SELECT `status` FROM `l_material` WHERE `pid` = 60  [ RunTime:0.0000s ]
SQL: SELECT `status` FROM `l_material` WHERE `pid` = 61  [ RunTime:0.0000s ]
SQL: SELECT `status` FROM `l_material` WHERE `pid` = 62  [ RunTime:0.0000s ]
SQL: SELECT `status` FROM `l_material` WHERE `pid` = 63  [ RunTime:0.0000s ]
SQL: SELECT `status` FROM `l_material` WHERE `pid` = 64  [ RunTime:0.0000s ]
SQL: SELECT `status` FROM `l_material` WHERE `pid` = 65  [ RunTime:0.0000s ]
SQL: SELECT `status` FROM `l_material` WHERE `pid` = 66  [ RunTime:0.0000s ]
SQL: SELECT `status` FROM `l_material` WHERE `pid` = 67  [ RunTime:0.0000s ]
SQL: SELECT `status` FROM `l_material` WHERE `pid` = 68  [ RunTime:0.0000s ]
SQL: SELECT `status` FROM `l_material` WHERE `pid` = 69  [ RunTime:0.0000s ]
SQL: SELECT `status` FROM `l_material` WHERE `pid` = 70  [ RunTime:0.0000s ]
SQL: SELECT `status` FROM `l_material` WHERE `pid` = 71  [ RunTime:0.0000s ]
SQL: SELECT `status` FROM `l_material` WHERE `pid` = 72  [ RunTime:0.0000s ]
SQL: SELECT `status` FROM `l_material` WHERE `pid` = 73  [ RunTime:0.0000s ]
SQL: SELECT `status` FROM `l_material` WHERE `pid` = 74  [ RunTime:0.0000s ]
SQL: SELECT `status` FROM `l_material` WHERE `pid` = 75  [ RunTime:0.0010s ]
SQL: SELECT `status` FROM `l_material` WHERE `pid` = 76  [ RunTime:0.0010s ]
SQL: SELECT `status` FROM `l_material` WHERE `pid` = 77  [ RunTime:0.0000s ]
NOTIC: [8] Undefined variable: data E:\wamp\www\apply\Application\Home\Controller\IndexController.class.php 第 169 行.
SQL: SELECT `status` FROM `l_material` WHERE `pid` = 40  [ RunTime:0.0000s ]
SQL: SELECT `status` FROM `l_material` WHERE `pid` = 41  [ RunTime:0.0000s ]
SQL: SELECT `status` FROM `l_material` WHERE `pid` = 42  [ RunTime:0.0000s ]
SQL: SELECT `status` FROM `l_material` WHERE `pid` = 43  [ RunTime:0.0000s ]
SQL: SELECT `status` FROM `l_material` WHERE `pid` = 44  [ RunTime:0.0000s ]
SQL: SELECT `status` FROM `l_material` WHERE `pid` = 45  [ RunTime:0.0010s ]
SQL: SELECT `status` FROM `l_material` WHERE `pid` = 46  [ RunTime:0.0000s ]
SQL: SELECT `status` FROM `l_material` WHERE `pid` = 47  [ RunTime:0.0000s ]
SQL: SELECT `status` FROM `l_material` WHERE `pid` = 48  [ RunTime:0.0010s ]
SQL: SELECT `status` FROM `l_material` WHERE `pid` = 49  [ RunTime:0.0000s ]
SQL: SELECT `status` FROM `l_material` WHERE `pid` = 50  [ RunTime:0.0010s ]
SQL: SELECT `status` FROM `l_material` WHERE `pid` = 51  [ RunTime:0.0000s ]
SQL: SELECT `status` FROM `l_material` WHERE `pid` = 52  [ RunTime:0.0010s ]
SQL: SELECT `status` FROM `l_material` WHERE `pid` = 53  [ RunTime:0.0000s ]
SQL: SELECT `status` FROM `l_material` WHERE `pid` = 54  [ RunTime:0.0010s ]
SQL: SELECT `status` FROM `l_material` WHERE `pid` = 55  [ RunTime:0.0000s ]
SQL: SELECT `status` FROM `l_material` WHERE `pid` = 56  [ RunTime:0.0000s ]
SQL: SELECT `status` FROM `l_material` WHERE `pid` = 57  [ RunTime:0.0010s ]
SQL: SELECT `status` FROM `l_material` WHERE `pid` = 58  [ RunTime:0.0010s ]
SQL: SELECT `status` FROM `l_material` WHERE `pid` = 59  [ RunTime:0.0000s ]
SQL: SELECT `status` FROM `l_material` WHERE `pid` = 60  [ RunTime:0.0000s ]
SQL: SELECT `status` FROM `l_material` WHERE `pid` = 61  [ RunTime:0.0010s ]
SQL: SELECT `status` FROM `l_material` WHERE `pid` = 62  [ RunTime:0.0000s ]
SQL: SELECT `status` FROM `l_material` WHERE `pid` = 63  [ RunTime:0.0000s ]
SQL: SELECT `status` FROM `l_material` WHERE `pid` = 64  [ RunTime:0.0010s ]
SQL: SELECT `status` FROM `l_material` WHERE `pid` = 65  [ RunTime:0.0010s ]
SQL: SELECT `status` FROM `l_material` WHERE `pid` = 66  [ RunTime:0.0010s ]
SQL: SELECT `status` FROM `l_material` WHERE `pid` = 67  [ RunTime:0.0000s ]
SQL: SELECT `status` FROM `l_material` WHERE `pid` = 68  [ RunTime:0.0000s ]
SQL: SELECT `status` FROM `l_material` WHERE `pid` = 69  [ RunTime:0.0010s ]
SQL: SELECT `status` FROM `l_material` WHERE `pid` = 70  [ RunTime:0.0010s ]
SQL: SELECT `status` FROM `l_material` WHERE `pid` = 71  [ RunTime:0.0000s ]
SQL: SELECT `status` FROM `l_material` WHERE `pid` = 72  [ RunTime:0.0000s ]
SQL: SELECT `status` FROM `l_material` WHERE `pid` = 73  [ RunTime:0.0010s ]
SQL: SELECT `status` FROM `l_material` WHERE `pid` = 74  [ RunTime:0.0010s ]
SQL: SELECT `status` FROM `l_material` WHERE `pid` = 75  [ RunTime:0.0010s ]
SQL: SELECT `status` FROM `l_material` WHERE `pid` = 76  [ RunTime:0.0000s ]
SQL: SELECT `status` FROM `l_material` WHERE `pid` = 77  [ RunTime:0.0010s ]
NOTIC: [8] Undefined variable: data E:\wamp\www\apply\Application\Home\Controller\IndexController.class.php 第 177 行.
INFO: [ view_parse ] --START--
INFO: [ template_filter ] --START--
INFO: Run Behavior\ContentReplaceBehavior [ RunTime:0.000000s ]
INFO: [ template_filter ] --END-- [ RunTime:0.000000s ]
NOTIC: [8] Undefined variable: data E:\wamp\www\apply\Application\Runtime\Cache\Home\c61586669bc1edddd8455c56ab5b2af0.php 第 58 行.
NOTIC: [8] Undefined variable: data E:\wamp\www\apply\Application\Runtime\Cache\Home\c61586669bc1edddd8455c56ab5b2af0.php 第 58 行.
NOTIC: [8] Undefined variable: data E:\wamp\www\apply\Application\Runtime\Cache\Home\c61586669bc1edddd8455c56ab5b2af0.php 第 72 行.
NOTIC: [8] Undefined variable: data E:\wamp\www\apply\Application\Runtime\Cache\Home\c61586669bc1edddd8455c56ab5b2af0.php 第 82 行.
NOTIC: [8] Undefined variable: data E:\wamp\www\apply\Application\Runtime\Cache\Home\c61586669bc1edddd8455c56ab5b2af0.php 第 82 行.
NOTIC: [8] Undefined variable: data E:\wamp\www\apply\Application\Runtime\Cache\Home\c61586669bc1edddd8455c56ab5b2af0.php 第 90 行.
NOTIC: [8] Undefined variable: data E:\wamp\www\apply\Application\Runtime\Cache\Home\c61586669bc1edddd8455c56ab5b2af0.php 第 100 行.
NOTIC: [8] Undefined variable: data E:\wamp\www\apply\Application\Runtime\Cache\Home\c61586669bc1edddd8455c56ab5b2af0.php 第 145 行.
NOTIC: [8] Undefined variable: data E:\wamp\www\apply\Application\Runtime\Cache\Home\c61586669bc1edddd8455c56ab5b2af0.php 第 188 行.
NOTIC: [8] Undefined variable: data E:\wamp\www\apply\Application\Runtime\Cache\Home\c61586669bc1edddd8455c56ab5b2af0.php 第 207 行.
NOTIC: [8] Undefined variable: data E:\wamp\www\apply\Application\Runtime\Cache\Home\c61586669bc1edddd8455c56ab5b2af0.php 第 216 行.
INFO: Run Behavior\ParseTemplateBehavior [ RunTime:0.031000s ]
INFO: [ view_parse ] --END-- [ RunTime:0.031000s ]
INFO: [ view_filter ] --START--
INFO: Run Behavior\WriteHtmlCacheBehavior [ RunTime:0.000000s ]
INFO: Run Behavior\TokenBuildBehavior [ RunTime:0.000000s ]
INFO: [ view_filter ] --END-- [ RunTime:0.001000s ]
INFO: [ app_end ] --START--
INFO: Run Behavior\ShowPageTraceBehavior [ RunTime:0.001000s ]
INFO: [ app_end ] --END-- [ RunTime:0.001000s ]

[ 2016-12-08T11:35:03+08:00 ] ::1 /apply/index.php/Home/Index/index.html
INFO: [ app_init ] --START--
INFO: Run Behavior\BuildLiteBehavior [ RunTime:0.000000s ]
INFO: [ app_init ] --END-- [ RunTime:0.001000s ]
INFO: [ app_begin ] --START--
INFO: Run Behavior\ReadHtmlCacheBehavior [ RunTime:0.001000s ]
INFO: [ app_begin ] --END-- [ RunTime:0.001000s ]
SQL: SHOW COLUMNS FROM `l_material` [ RunTime:0.0030s ]
SQL: SHOW COLUMNS FROM `l_apply_material` [ RunTime:0.0080s ]
SQL: SHOW COLUMNS FROM `l_apply_material` [ RunTime:0.0030s ]
SQL: SHOW COLUMNS FROM `l_apply_young` [ RunTime:0.0030s ]
SQL: SHOW COLUMNS FROM `l_approve` [ RunTime:0.0030s ]
SQL: SHOW COLUMNS FROM `l_process` [ RunTime:0.0030s ]
SQL: SHOW COLUMNS FROM `l_apply_venue` [ RunTime:0.0030s ]
INFO: [ view_parse ] --START--
INFO: [ template_filter ] --START--
INFO: Run Behavior\ContentReplaceBehavior [ RunTime:0.000000s ]
INFO: [ template_filter ] --END-- [ RunTime:0.000000s ]
INFO: Run Behavior\ParseTemplateBehavior [ RunTime:0.012000s ]
INFO: [ view_parse ] --END-- [ RunTime:0.012000s ]
INFO: [ view_filter ] --START--
INFO: Run Behavior\WriteHtmlCacheBehavior [ RunTime:0.001000s ]
INFO: Run Behavior\TokenBuildBehavior [ RunTime:0.001000s ]
INFO: [ view_filter ] --END-- [ RunTime:0.002000s ]
INFO: [ app_end ] --START--
INFO: Run Behavior\ShowPageTraceBehavior [ RunTime:0.000000s ]
INFO: [ app_end ] --END-- [ RunTime:0.000000s ]

[ 2016-12-08T11:35:04+08:00 ] ::1 /apply/index.php/Home/Index/index.html?type=1&pageid=1
INFO: [ app_init ] --START--
INFO: Run Behavior\BuildLiteBehavior [ RunTime:0.000000s ]
INFO: [ app_init ] --END-- [ RunTime:0.001000s ]
INFO: [ app_begin ] --START--
INFO: Run Behavior\ReadHtmlCacheBehavior [ RunTime:0.000000s ]
INFO: [ app_begin ] --END-- [ RunTime:0.000000s ]
SQL: SHOW COLUMNS FROM `l_material` [ RunTime:0.0040s ]
SQL: SHOW COLUMNS FROM `l_apply_material` [ RunTime:0.0060s ]
SQL: SHOW COLUMNS FROM `l_apply_material` [ RunTime:0.0040s ]
SQL: SHOW COLUMNS FROM `l_apply_young` [ RunTime:0.0030s ]
SQL: SHOW COLUMNS FROM `l_approve` [ RunTime:0.0030s ]
SQL: SHOW COLUMNS FROM `l_process` [ RunTime:0.0030s ]
SQL: SHOW COLUMNS FROM `l_apply_venue` [ RunTime:0.0050s ]
SQL: SELECT COUNT(*) AS tp_count FROM `l_apply_material` WHERE ( applicant = 8 ) LIMIT 1   [ RunTime:0.0000s ]
SQL: SELECT l_apply_material.id,`theme`,`apply_code`,`qr_code`,`apply_time`,`applicant`,`isReturn`,a.isagree,u.nickname FROM `l_apply_material` LEFT JOIN l_user u on l_apply_material.applicant = u.id LEFT JOIN l_approve a on l_apply_material.id = a.aid AND a.type = 1  WHERE ( applicant = 8 ) ORDER BY a.isagree asc, apply_time desc LIMIT 0,11   [ RunTime:0.0000s ]
NOTIC: [2] Invalid argument supplied for foreach() E:\wamp\www\apply\Application\Common\Model\AmaterialModel.class.php 第 83 行.

[ 2016-12-08T11:35:04+08:00 ] ::1 /apply/index.php/Home/Index/getApplyType.html
INFO: [ app_init ] --START--
INFO: Run Behavior\BuildLiteBehavior [ RunTime:0.000000s ]
INFO: [ app_init ] --END-- [ RunTime:0.000000s ]
INFO: [ app_begin ] --START--
INFO: Run Behavior\ReadHtmlCacheBehavior [ RunTime:0.001000s ]
INFO: [ app_begin ] --END-- [ RunTime:0.001000s ]
SQL: SHOW COLUMNS FROM `l_material` [ RunTime:0.0060s ]
SQL: SHOW COLUMNS FROM `l_apply_material` [ RunTime:0.0050s ]
SQL: SHOW COLUMNS FROM `l_apply_material` [ RunTime:0.0040s ]
SQL: SHOW COLUMNS FROM `l_apply_young` [ RunTime:0.0040s ]
SQL: SHOW COLUMNS FROM `l_approve` [ RunTime:0.0020s ]
SQL: SHOW COLUMNS FROM `l_process` [ RunTime:0.0030s ]
SQL: SHOW COLUMNS FROM `l_apply_venue` [ RunTime:0.0050s ]

[ 2016-12-08T11:35:04+08:00 ] ::1 /apply/index.php/Home/Index/index.html?type=1&pageid=1
INFO: [ app_init ] --START--
INFO: Run Behavior\BuildLiteBehavior [ RunTime:0.000000s ]
INFO: [ app_init ] --END-- [ RunTime:0.002000s ]
INFO: [ app_begin ] --START--
INFO: Run Behavior\ReadHtmlCacheBehavior [ RunTime:0.000000s ]
INFO: [ app_begin ] --END-- [ RunTime:0.001000s ]
SQL: SHOW COLUMNS FROM `l_material` [ RunTime:0.0030s ]
SQL: SHOW COLUMNS FROM `l_apply_material` [ RunTime:0.0040s ]
SQL: SHOW COLUMNS FROM `l_apply_material` [ RunTime:0.0030s ]
SQL: SHOW COLUMNS FROM `l_apply_young` [ RunTime:0.0030s ]
SQL: SHOW COLUMNS FROM `l_approve` [ RunTime:0.0020s ]
SQL: SHOW COLUMNS FROM `l_process` [ RunTime:0.0040s ]
SQL: SHOW COLUMNS FROM `l_apply_venue` [ RunTime:0.0030s ]
SQL: SELECT COUNT(*) AS tp_count FROM `l_apply_material` WHERE ( applicant = 8 ) LIMIT 1   [ RunTime:0.0010s ]
SQL: SELECT l_apply_material.id,`theme`,`apply_code`,`qr_code`,`apply_time`,`applicant`,`isReturn`,a.isagree,u.nickname FROM `l_apply_material` LEFT JOIN l_user u on l_apply_material.applicant = u.id LEFT JOIN l_approve a on l_apply_material.id = a.aid AND a.type = 1  WHERE ( applicant = 8 ) ORDER BY a.isagree asc, apply_time desc LIMIT 0,11   [ RunTime:0.0000s ]
NOTIC: [2] Invalid argument supplied for foreach() E:\wamp\www\apply\Application\Common\Model\AmaterialModel.class.php 第 83 行.

[ 2016-12-08T14:44:13+08:00 ] 127.0.0.1 /apply/
INFO: [ app_init ] --START--
INFO: Run Behavior\BuildLiteBehavior [ RunTime:0.000000s ]
INFO: [ app_init ] --END-- [ RunTime:0.000000s ]
INFO: [ app_begin ] --START--
INFO: Run Behavior\ReadHtmlCacheBehavior [ RunTime:0.000000s ]
INFO: [ app_begin ] --END-- [ RunTime:0.001000s ]

[ 2016-12-08T14:44:13+08:00 ] 127.0.0.1 /apply/index.php/Home/Login/login.html
INFO: [ app_init ] --START--
INFO: Run Behavior\BuildLiteBehavior [ RunTime:0.000000s ]
INFO: [ app_init ] --END-- [ RunTime:0.000000s ]
INFO: [ app_begin ] --START--
INFO: Run Behavior\ReadHtmlCacheBehavior [ RunTime:0.001000s ]
INFO: [ app_begin ] --END-- [ RunTime:0.001000s ]
INFO: [ view_parse ] --START--
INFO: [ template_filter ] --START--
INFO: Run Behavior\ContentReplaceBehavior [ RunTime:0.000000s ]
INFO: [ template_filter ] --END-- [ RunTime:0.000000s ]
INFO: Run Behavior\ParseTemplateBehavior [ RunTime:0.005000s ]
INFO: [ view_parse ] --END-- [ RunTime:0.005000s ]
INFO: [ view_filter ] --START--
INFO: Run Behavior\WriteHtmlCacheBehavior [ RunTime:0.001000s ]
INFO: Run Behavior\TokenBuildBehavior [ RunTime:0.002000s ]
INFO: [ view_filter ] --END-- [ RunTime:0.004000s ]
INFO: [ app_end ] --START--
INFO: Run Behavior\ShowPageTraceBehavior [ RunTime:0.001000s ]
INFO: [ app_end ] --END-- [ RunTime:0.001000s ]

[ 2016-12-08T16:40:45+08:00 ] ::1 /apply/
INFO: [ app_init ] --START--
INFO: Run Behavior\BuildLiteBehavior [ RunTime:0.000000s ]
INFO: [ app_init ] --END-- [ RunTime:0.000000s ]
INFO: [ app_begin ] --START--
INFO: Run Behavior\ReadHtmlCacheBehavior [ RunTime:0.001000s ]
INFO: [ app_begin ] --END-- [ RunTime:0.001000s ]

[ 2016-12-08T16:40:45+08:00 ] ::1 /apply/index.php/Home/Login/login.html
INFO: [ app_init ] --START--
INFO: Run Behavior\BuildLiteBehavior [ RunTime:0.000000s ]
INFO: [ app_init ] --END-- [ RunTime:0.001000s ]
INFO: [ app_begin ] --START--
INFO: Run Behavior\ReadHtmlCacheBehavior [ RunTime:0.000000s ]
INFO: [ app_begin ] --END-- [ RunTime:0.001000s ]
INFO: [ view_parse ] --START--
INFO: [ template_filter ] --START--
INFO: Run Behavior\ContentReplaceBehavior [ RunTime:0.000000s ]
INFO: [ template_filter ] --END-- [ RunTime:0.000000s ]
INFO: Run Behavior\ParseTemplateBehavior [ RunTime:0.010000s ]
INFO: [ view_parse ] --END-- [ RunTime:0.010000s ]
INFO: [ view_filter ] --START--
INFO: Run Behavior\WriteHtmlCacheBehavior [ RunTime:0.000000s ]
INFO: Run Behavior\TokenBuildBehavior [ RunTime:0.000000s ]
INFO: [ view_filter ] --END-- [ RunTime:0.001000s ]
INFO: [ app_end ] --START--
INFO: Run Behavior\ShowPageTraceBehavior [ RunTime:0.000000s ]
INFO: [ app_end ] --END-- [ RunTime:0.000000s ]

[ 2016-12-08T16:58:11+08:00 ] ::1 /apply/
INFO: [ app_init ] --START--
INFO: Run Behavior\BuildLiteBehavior [ RunTime:0.000000s ]
INFO: [ app_init ] --END-- [ RunTime:0.001000s ]
INFO: [ app_begin ] --START--
INFO: Run Behavior\ReadHtmlCacheBehavior [ RunTime:0.001000s ]
INFO: [ app_begin ] --END-- [ RunTime:0.001000s ]

[ 2016-12-08T16:58:11+08:00 ] ::1 /apply/index.php/Home/Login/login.html
INFO: [ app_init ] --START--
INFO: Run Behavior\BuildLiteBehavior [ RunTime:0.000000s ]
INFO: [ app_init ] --END-- [ RunTime:0.000000s ]
INFO: [ app_begin ] --START--
INFO: Run Behavior\ReadHtmlCacheBehavior [ RunTime:0.000000s ]
INFO: [ app_begin ] --END-- [ RunTime:0.000000s ]
INFO: [ view_parse ] --START--
INFO: [ template_filter ] --START--
INFO: Run Behavior\ContentReplaceBehavior [ RunTime:0.000000s ]
INFO: [ template_filter ] --END-- [ RunTime:0.001000s ]
INFO: Run Behavior\ParseTemplateBehavior [ RunTime:0.011000s ]
INFO: [ view_parse ] --END-- [ RunTime:0.011000s ]
INFO: [ view_filter ] --START--
INFO: Run Behavior\WriteHtmlCacheBehavior [ RunTime:0.000000s ]
INFO: Run Behavior\TokenBuildBehavior [ RunTime:0.000000s ]
INFO: [ view_filter ] --END-- [ RunTime:0.002000s ]
INFO: [ app_end ] --START--
INFO: Run Behavior\ShowPageTraceBehavior [ RunTime:0.001000s ]
INFO: [ app_end ] --END-- [ RunTime:0.001000s ]

[ 2016-12-08T17:31:06+08:00 ] ::1 /apply/
INFO: [ app_init ] --START--
INFO: Run Behavior\BuildLiteBehavior [ RunTime:0.000000s ]
INFO: [ app_init ] --END-- [ RunTime:0.001000s ]
INFO: [ app_begin ] --START--
INFO: Run Behavior\ReadHtmlCacheBehavior [ RunTime:0.001000s ]
INFO: [ app_begin ] --END-- [ RunTime:0.001000s ]

[ 2016-12-08T17:31:06+08:00 ] ::1 /apply/index.php/Home/Login/login.html
INFO: [ app_init ] --START--
INFO: Run Behavior\BuildLiteBehavior [ RunTime:0.000000s ]
INFO: [ app_init ] --END-- [ RunTime:0.000000s ]
INFO: [ app_begin ] --START--
INFO: Run Behavior\ReadHtmlCacheBehavior [ RunTime:0.001000s ]
INFO: [ app_begin ] --END-- [ RunTime:0.001000s ]
INFO: [ view_parse ] --START--
INFO: [ template_filter ] --START--
INFO: Run Behavior\ContentReplaceBehavior [ RunTime:0.000000s ]
INFO: [ template_filter ] --END-- [ RunTime:0.000000s ]
INFO: Run Behavior\ParseTemplateBehavior [ RunTime:0.005000s ]
INFO: [ view_parse ] --END-- [ RunTime:0.005000s ]
INFO: [ view_filter ] --START--
INFO: Run Behavior\WriteHtmlCacheBehavior [ RunTime:0.000000s ]
INFO: Run Behavior\TokenBuildBehavior [ RunTime:0.000000s ]
INFO: [ view_filter ] --END-- [ RunTime:0.000000s ]
INFO: [ app_end ] --START--
INFO: Run Behavior\ShowPageTraceBehavior [ RunTime:0.001000s ]
INFO: [ app_end ] --END-- [ RunTime:0.001000s ]

