[ 2016-12-06T09:51:12+08:00 ] ::1 /apply/
INFO: [ app_init ] --START--
INFO: Run Behavior\BuildLiteBehavior [ RunTime:0.000000s ]
INFO: [ app_init ] --END-- [ RunTime:0.001000s ]
INFO: [ app_begin ] --START--
INFO: Run Behavior\ReadHtmlCacheBehavior [ RunTime:0.001000s ]
INFO: [ app_begin ] --END-- [ RunTime:0.001000s ]

[ 2016-12-06T09:51:12+08:00 ] ::1 /apply/index.php/Home/Login/login.html
INFO: [ app_init ] --START--
INFO: Run Behavior\BuildLiteBehavior [ RunTime:0.000000s ]
INFO: [ app_init ] --END-- [ RunTime:0.001000s ]
INFO: [ app_begin ] --START--
INFO: Run Behavior\ReadHtmlCacheBehavior [ RunTime:0.001000s ]
INFO: [ app_begin ] --END-- [ RunTime:0.001000s ]
INFO: [ view_parse ] --START--
INFO: [ template_filter ] --START--
INFO: Run Behavior\ContentReplaceBehavior [ RunTime:0.001000s ]
INFO: [ template_filter ] --END-- [ RunTime:0.001000s ]
INFO: Run Behavior\ParseTemplateBehavior [ RunTime:0.011000s ]
INFO: [ view_parse ] --END-- [ RunTime:0.011000s ]
INFO: [ view_filter ] --START--
INFO: Run Behavior\WriteHtmlCacheBehavior [ RunTime:0.000000s ]
INFO: Run Behavior\TokenBuildBehavior [ RunTime:0.001000s ]
INFO: [ view_filter ] --END-- [ RunTime:0.001000s ]
INFO: [ app_end ] --START--
INFO: Run Behavior\ShowPageTraceBehavior [ RunTime:0.000000s ]
INFO: [ app_end ] --END-- [ RunTime:0.002000s ]

[ 2016-12-06T09:51:22+08:00 ] ::1 /apply/index.php/Home/Login/login.html
INFO: [ app_init ] --START--
INFO: Run Behavior\BuildLiteBehavior [ RunTime:0.000000s ]
INFO: [ app_init ] --END-- [ RunTime:0.000000s ]
INFO: [ app_begin ] --START--
INFO: Run Behavior\ReadHtmlCacheBehavior [ RunTime:0.000000s ]
INFO: [ app_begin ] --END-- [ RunTime:0.000000s ]
SQL: SHOW COLUMNS FROM `l_user` [ RunTime:0.0040s ]
SQL: SELECT `id`,`nickname`,`cid`,`type` FROM `l_user` WHERE `account` = '艺术学院' AND `password` = 'e10adc3949ba59abbe56e057f20f883e' LIMIT 1   [ RunTime:0.0000s ]

[ 2016-12-06T09:51:22+08:00 ] ::1 /apply/index.php/Home/Index/index.html
INFO: [ app_init ] --START--
INFO: Run Behavior\BuildLiteBehavior [ RunTime:0.000000s ]
INFO: [ app_init ] --END-- [ RunTime:0.000000s ]
INFO: [ app_begin ] --START--
INFO: Run Behavior\ReadHtmlCacheBehavior [ RunTime:0.000000s ]
INFO: [ app_begin ] --END-- [ RunTime:0.000000s ]
SQL: SHOW COLUMNS FROM `l_material` [ RunTime:0.0020s ]
SQL: SHOW COLUMNS FROM `l_apply_material` [ RunTime:0.0060s ]
SQL: SHOW COLUMNS FROM `l_apply_material` [ RunTime:0.0030s ]
SQL: SHOW COLUMNS FROM `l_apply_young` [ RunTime:0.0040s ]
SQL: SHOW COLUMNS FROM `l_approve` [ RunTime:0.0030s ]
SQL: SHOW COLUMNS FROM `l_process` [ RunTime:0.0040s ]
SQL: SHOW COLUMNS FROM `l_apply_venue` [ RunTime:0.0060s ]
INFO: [ view_parse ] --START--
INFO: [ template_filter ] --START--
INFO: Run Behavior\ContentReplaceBehavior [ RunTime:0.001000s ]
INFO: [ template_filter ] --END-- [ RunTime:0.004000s ]
INFO: Run Behavior\ParseTemplateBehavior [ RunTime:0.022000s ]
INFO: [ view_parse ] --END-- [ RunTime:0.022000s ]
INFO: [ view_filter ] --START--
INFO: Run Behavior\WriteHtmlCacheBehavior [ RunTime:0.000000s ]
INFO: Run Behavior\TokenBuildBehavior [ RunTime:0.000000s ]
INFO: [ view_filter ] --END-- [ RunTime:0.000000s ]
INFO: [ app_end ] --START--
INFO: Run Behavior\ShowPageTraceBehavior [ RunTime:0.000000s ]
INFO: [ app_end ] --END-- [ RunTime:0.000000s ]

[ 2016-12-06T09:51:23+08:00 ] ::1 /apply/index.php/Home/Index/getApplyType.html
INFO: [ app_init ] --START--
INFO: Run Behavior\BuildLiteBehavior [ RunTime:0.000000s ]
INFO: [ app_init ] --END-- [ RunTime:0.001000s ]
INFO: [ app_begin ] --START--
INFO: Run Behavior\ReadHtmlCacheBehavior [ RunTime:0.003000s ]
INFO: [ app_begin ] --END-- [ RunTime:0.003000s ]
SQL: SHOW COLUMNS FROM `l_material` [ RunTime:0.0050s ]
SQL: SHOW COLUMNS FROM `l_apply_material` [ RunTime:0.0050s ]
SQL: SHOW COLUMNS FROM `l_apply_material` [ RunTime:0.0070s ]
SQL: SHOW COLUMNS FROM `l_apply_young` [ RunTime:0.0040s ]
SQL: SHOW COLUMNS FROM `l_approve` [ RunTime:0.0040s ]
SQL: SHOW COLUMNS FROM `l_process` [ RunTime:0.0030s ]
SQL: SHOW COLUMNS FROM `l_apply_venue` [ RunTime:0.0040s ]

[ 2016-12-06T09:51:23+08:00 ] ::1 /apply/index.php/Home/Index/index.html?type=1
INFO: [ app_init ] --START--
INFO: Run Behavior\BuildLiteBehavior [ RunTime:0.000000s ]
INFO: [ app_init ] --END-- [ RunTime:0.001000s ]
INFO: [ app_begin ] --START--
INFO: Run Behavior\ReadHtmlCacheBehavior [ RunTime:0.003000s ]
INFO: [ app_begin ] --END-- [ RunTime:0.003000s ]
SQL: SHOW COLUMNS FROM `l_material` [ RunTime:0.0050s ]
SQL: SHOW COLUMNS FROM `l_apply_material` [ RunTime:0.0030s ]
SQL: SHOW COLUMNS FROM `l_apply_material` [ RunTime:0.0030s ]
SQL: SHOW COLUMNS FROM `l_apply_young` [ RunTime:0.0060s ]
SQL: SHOW COLUMNS FROM `l_approve` [ RunTime:0.0030s ]
SQL: SHOW COLUMNS FROM `l_process` [ RunTime:0.0040s ]
SQL: SHOW COLUMNS FROM `l_apply_venue` [ RunTime:0.0030s ]
SQL: SELECT COUNT(*) AS tp_count FROM `l_apply_material` WHERE ( applicant = 21 ) LIMIT 1   [ RunTime:0.0010s ]
SQL: SELECT l_apply_material.id,`theme`,`apply_code`,`qr_code`,`apply_time`,`applicant`,`isReturn`,a.isagree,u.nickname FROM `l_apply_material` LEFT JOIN l_user u on l_apply_material.applicant = u.id LEFT JOIN l_approve a on l_apply_material.id = a.aid AND a.type = 1  WHERE ( applicant = 21 ) ORDER BY a.isagree asc, apply_time desc LIMIT 0,20   [ RunTime:0.0000s ]
NOTIC: [2] Invalid argument supplied for foreach() E:\wamp\www\apply\Application\Common\Model\AmaterialModel.class.php 第 83 行.

[ 2016-12-06T09:51:23+08:00 ] ::1 /apply/index.php/Home/Index/index.html?type=1&pageid=1
INFO: [ app_init ] --START--
INFO: Run Behavior\BuildLiteBehavior [ RunTime:0.000000s ]
INFO: [ app_init ] --END-- [ RunTime:0.000000s ]
INFO: [ app_begin ] --START--
INFO: Run Behavior\ReadHtmlCacheBehavior [ RunTime:0.000000s ]
INFO: [ app_begin ] --END-- [ RunTime:0.001000s ]
SQL: SHOW COLUMNS FROM `l_material` [ RunTime:0.0050s ]
SQL: SHOW COLUMNS FROM `l_apply_material` [ RunTime:0.0040s ]
SQL: SHOW COLUMNS FROM `l_apply_material` [ RunTime:0.0070s ]
SQL: SHOW COLUMNS FROM `l_apply_young` [ RunTime:0.0060s ]
SQL: SHOW COLUMNS FROM `l_approve` [ RunTime:0.0040s ]
SQL: SHOW COLUMNS FROM `l_process` [ RunTime:0.0040s ]
SQL: SHOW COLUMNS FROM `l_apply_venue` [ RunTime:0.0040s ]
SQL: SELECT COUNT(*) AS tp_count FROM `l_apply_material` WHERE ( applicant = 21 ) LIMIT 1   [ RunTime:0.0000s ]
SQL: SELECT l_apply_material.id,`theme`,`apply_code`,`qr_code`,`apply_time`,`applicant`,`isReturn`,a.isagree,u.nickname FROM `l_apply_material` LEFT JOIN l_user u on l_apply_material.applicant = u.id LEFT JOIN l_approve a on l_apply_material.id = a.aid AND a.type = 1  WHERE ( applicant = 21 ) ORDER BY a.isagree asc, apply_time desc LIMIT 0,20   [ RunTime:0.0010s ]
NOTIC: [2] Invalid argument supplied for foreach() E:\wamp\www\apply\Application\Common\Model\AmaterialModel.class.php 第 83 行.

[ 2016-12-06T09:51:35+08:00 ] ::1 /apply/index.php/Home/Index/index.html?type=1&pageid=1
INFO: [ app_init ] --START--
INFO: Run Behavior\BuildLiteBehavior [ RunTime:0.000000s ]
INFO: [ app_init ] --END-- [ RunTime:0.001000s ]
INFO: [ app_begin ] --START--
INFO: Run Behavior\ReadHtmlCacheBehavior [ RunTime:0.001000s ]
INFO: [ app_begin ] --END-- [ RunTime:0.001000s ]
SQL: SHOW COLUMNS FROM `l_material` [ RunTime:0.0080s ]
SQL: SHOW COLUMNS FROM `l_apply_material` [ RunTime:0.0030s ]
SQL: SHOW COLUMNS FROM `l_apply_material` [ RunTime:0.0020s ]
SQL: SHOW COLUMNS FROM `l_apply_young` [ RunTime:0.0020s ]
SQL: SHOW COLUMNS FROM `l_approve` [ RunTime:0.0030s ]
SQL: SHOW COLUMNS FROM `l_process` [ RunTime:0.0040s ]
SQL: SHOW COLUMNS FROM `l_apply_venue` [ RunTime:0.0030s ]
SQL: SELECT COUNT(*) AS tp_count FROM `l_apply_material` WHERE ( applicant = 21 ) LIMIT 1   [ RunTime:0.0000s ]
SQL: SELECT l_apply_material.id,`theme`,`apply_code`,`qr_code`,`apply_time`,`applicant`,`isReturn`,a.isagree,u.nickname FROM `l_apply_material` LEFT JOIN l_user u on l_apply_material.applicant = u.id LEFT JOIN l_approve a on l_apply_material.id = a.aid AND a.type = 1  WHERE ( applicant = 21 ) ORDER BY a.isagree asc, apply_time desc LIMIT 0,20   [ RunTime:0.0000s ]
NOTIC: [2] Invalid argument supplied for foreach() E:\wamp\www\apply\Application\Common\Model\AmaterialModel.class.php 第 83 行.

[ 2016-12-06T09:51:45+08:00 ] ::1 /apply/index.php/Home/Index/index.html
INFO: [ app_init ] --START--
INFO: Run Behavior\BuildLiteBehavior [ RunTime:0.000000s ]
INFO: [ app_init ] --END-- [ RunTime:0.000000s ]
INFO: [ app_begin ] --START--
INFO: Run Behavior\ReadHtmlCacheBehavior [ RunTime:0.000000s ]
INFO: [ app_begin ] --END-- [ RunTime:0.001000s ]
SQL: SHOW COLUMNS FROM `l_material` [ RunTime:0.0030s ]
SQL: SHOW COLUMNS FROM `l_apply_material` [ RunTime:0.0040s ]
SQL: SHOW COLUMNS FROM `l_apply_material` [ RunTime:0.0040s ]
SQL: SHOW COLUMNS FROM `l_apply_young` [ RunTime:0.0040s ]
SQL: SHOW COLUMNS FROM `l_approve` [ RunTime:0.0020s ]
SQL: SHOW COLUMNS FROM `l_process` [ RunTime:0.0020s ]
SQL: SHOW COLUMNS FROM `l_apply_venue` [ RunTime:0.0030s ]
INFO: [ view_parse ] --START--
INFO: [ template_filter ] --START--
INFO: Run Behavior\ContentReplaceBehavior [ RunTime:0.000000s ]
INFO: [ template_filter ] --END-- [ RunTime:0.001000s ]
INFO: Run Behavior\ParseTemplateBehavior [ RunTime:0.009000s ]
INFO: [ view_parse ] --END-- [ RunTime:0.009000s ]
INFO: [ view_filter ] --START--
INFO: Run Behavior\WriteHtmlCacheBehavior [ RunTime:0.000000s ]
INFO: Run Behavior\TokenBuildBehavior [ RunTime:0.000000s ]
INFO: [ view_filter ] --END-- [ RunTime:0.001000s ]
INFO: [ app_end ] --START--
INFO: Run Behavior\ShowPageTraceBehavior [ RunTime:0.000000s ]
INFO: [ app_end ] --END-- [ RunTime:0.001000s ]

[ 2016-12-06T09:51:46+08:00 ] ::1 /apply/index.php/Home/Index/index.html?type=1&pageid=1
INFO: [ app_init ] --START--
INFO: Run Behavior\BuildLiteBehavior [ RunTime:0.000000s ]
INFO: [ app_init ] --END-- [ RunTime:0.001000s ]
INFO: [ app_begin ] --START--
INFO: Run Behavior\ReadHtmlCacheBehavior [ RunTime:0.001000s ]
INFO: [ app_begin ] --END-- [ RunTime:0.001000s ]
SQL: SHOW COLUMNS FROM `l_material` [ RunTime:0.0050s ]
SQL: SHOW COLUMNS FROM `l_apply_material` [ RunTime:0.0050s ]
SQL: SHOW COLUMNS FROM `l_apply_material` [ RunTime:0.0030s ]
SQL: SHOW COLUMNS FROM `l_apply_young` [ RunTime:0.0060s ]
SQL: SHOW COLUMNS FROM `l_approve` [ RunTime:0.0030s ]
SQL: SHOW COLUMNS FROM `l_process` [ RunTime:0.0040s ]
SQL: SHOW COLUMNS FROM `l_apply_venue` [ RunTime:0.0040s ]
SQL: SELECT COUNT(*) AS tp_count FROM `l_apply_material` WHERE ( applicant = 21 ) LIMIT 1   [ RunTime:0.0000s ]
SQL: SELECT l_apply_material.id,`theme`,`apply_code`,`qr_code`,`apply_time`,`applicant`,`isReturn`,a.isagree,u.nickname FROM `l_apply_material` LEFT JOIN l_user u on l_apply_material.applicant = u.id LEFT JOIN l_approve a on l_apply_material.id = a.aid AND a.type = 1  WHERE ( applicant = 21 ) ORDER BY a.isagree asc, apply_time desc LIMIT 0,20   [ RunTime:0.0010s ]
NOTIC: [2] Invalid argument supplied for foreach() E:\wamp\www\apply\Application\Common\Model\AmaterialModel.class.php 第 83 行.

[ 2016-12-06T09:51:46+08:00 ] ::1 /apply/index.php/Home/Index/getApplyType.html
INFO: [ app_init ] --START--
INFO: Run Behavior\BuildLiteBehavior [ RunTime:0.000000s ]
INFO: [ app_init ] --END-- [ RunTime:0.001000s ]
INFO: [ app_begin ] --START--
INFO: Run Behavior\ReadHtmlCacheBehavior [ RunTime:0.001000s ]
INFO: [ app_begin ] --END-- [ RunTime:0.001000s ]
SQL: SHOW COLUMNS FROM `l_material` [ RunTime:0.0030s ]
SQL: SHOW COLUMNS FROM `l_apply_material` [ RunTime:0.0030s ]
SQL: SHOW COLUMNS FROM `l_apply_material` [ RunTime:0.0030s ]
SQL: SHOW COLUMNS FROM `l_apply_young` [ RunTime:0.0050s ]
SQL: SHOW COLUMNS FROM `l_approve` [ RunTime:0.0030s ]
SQL: SHOW COLUMNS FROM `l_process` [ RunTime:0.0060s ]
SQL: SHOW COLUMNS FROM `l_apply_venue` [ RunTime:0.0030s ]

[ 2016-12-06T09:51:46+08:00 ] ::1 /apply/index.php/Home/Index/index.html?type=1&pageid=1
INFO: [ app_init ] --START--
INFO: Run Behavior\BuildLiteBehavior [ RunTime:0.000000s ]
INFO: [ app_init ] --END-- [ RunTime:0.002000s ]
INFO: [ app_begin ] --START--
INFO: Run Behavior\ReadHtmlCacheBehavior [ RunTime:0.001000s ]
INFO: [ app_begin ] --END-- [ RunTime:0.001000s ]
SQL: SHOW COLUMNS FROM `l_material` [ RunTime:0.0060s ]
SQL: SHOW COLUMNS FROM `l_apply_material` [ RunTime:0.0040s ]
SQL: SHOW COLUMNS FROM `l_apply_material` [ RunTime:0.0030s ]
SQL: SHOW COLUMNS FROM `l_apply_young` [ RunTime:0.0030s ]
SQL: SHOW COLUMNS FROM `l_approve` [ RunTime:0.0040s ]
SQL: SHOW COLUMNS FROM `l_process` [ RunTime:0.0020s ]
SQL: SHOW COLUMNS FROM `l_apply_venue` [ RunTime:0.0020s ]
SQL: SELECT COUNT(*) AS tp_count FROM `l_apply_material` WHERE ( applicant = 21 ) LIMIT 1   [ RunTime:0.0000s ]
SQL: SELECT l_apply_material.id,`theme`,`apply_code`,`qr_code`,`apply_time`,`applicant`,`isReturn`,a.isagree,u.nickname FROM `l_apply_material` LEFT JOIN l_user u on l_apply_material.applicant = u.id LEFT JOIN l_approve a on l_apply_material.id = a.aid AND a.type = 1  WHERE ( applicant = 21 ) ORDER BY a.isagree asc, apply_time desc LIMIT 0,20   [ RunTime:0.0000s ]
NOTIC: [2] Invalid argument supplied for foreach() E:\wamp\www\apply\Application\Common\Model\AmaterialModel.class.php 第 83 行.

[ 2016-12-06T09:51:48+08:00 ] ::1 /apply/index.php/Home/Index/index.html?type=2&pageid=1
INFO: [ app_init ] --START--
INFO: Run Behavior\BuildLiteBehavior [ RunTime:0.000000s ]
INFO: [ app_init ] --END-- [ RunTime:0.000000s ]
INFO: [ app_begin ] --START--
INFO: Run Behavior\ReadHtmlCacheBehavior [ RunTime:0.000000s ]
INFO: [ app_begin ] --END-- [ RunTime:0.001000s ]
SQL: SHOW COLUMNS FROM `l_material` [ RunTime:0.0060s ]
SQL: SHOW COLUMNS FROM `l_apply_material` [ RunTime:0.0030s ]
SQL: SHOW COLUMNS FROM `l_apply_material` [ RunTime:0.0020s ]
SQL: SHOW COLUMNS FROM `l_apply_young` [ RunTime:0.0030s ]
SQL: SHOW COLUMNS FROM `l_approve` [ RunTime:0.0020s ]
SQL: SHOW COLUMNS FROM `l_process` [ RunTime:0.0030s ]
SQL: SHOW COLUMNS FROM `l_apply_venue` [ RunTime:0.0040s ]
SQL: SELECT COUNT(*) AS tp_count FROM `l_apply_young` WHERE ( applicant = 21 ) LIMIT 1   [ RunTime:0.0000s ]
SQL: SELECT l_apply_young.id,`apply_code`,`qr_code`,`apply_time`,u.nickname,a.isagree FROM `l_apply_young` LEFT JOIN l_user u on l_apply_young.applicant = u.id LEFT JOIN l_approve a on a.aid = l_apply_young.id AND a.type = 2  WHERE ( applicant = 21 ) ORDER BY a.isagree asc, apply_time desc LIMIT 0,20   [ RunTime:0.0000s ]
NOTIC: [2] Invalid argument supplied for foreach() E:\wamp\www\apply\Application\Common\Model\AyoungModel.class.php 第 120 行.

[ 2016-12-06T09:51:49+08:00 ] ::1 /apply/index.php/Home/Index/index.html?type=2&pageid=1
INFO: [ app_init ] --START--
INFO: Run Behavior\BuildLiteBehavior [ RunTime:0.000000s ]
INFO: [ app_init ] --END-- [ RunTime:0.000000s ]
INFO: [ app_begin ] --START--
INFO: Run Behavior\ReadHtmlCacheBehavior [ RunTime:0.000000s ]
INFO: [ app_begin ] --END-- [ RunTime:0.000000s ]
SQL: SHOW COLUMNS FROM `l_material` [ RunTime:0.0040s ]
SQL: SHOW COLUMNS FROM `l_apply_material` [ RunTime:0.0030s ]
SQL: SHOW COLUMNS FROM `l_apply_material` [ RunTime:0.0030s ]
SQL: SHOW COLUMNS FROM `l_apply_young` [ RunTime:0.0040s ]
SQL: SHOW COLUMNS FROM `l_approve` [ RunTime:0.0030s ]
SQL: SHOW COLUMNS FROM `l_process` [ RunTime:0.0020s ]
SQL: SHOW COLUMNS FROM `l_apply_venue` [ RunTime:0.0040s ]
SQL: SELECT COUNT(*) AS tp_count FROM `l_apply_young` WHERE ( applicant = 21 ) LIMIT 1   [ RunTime:0.0010s ]
SQL: SELECT l_apply_young.id,`apply_code`,`qr_code`,`apply_time`,u.nickname,a.isagree FROM `l_apply_young` LEFT JOIN l_user u on l_apply_young.applicant = u.id LEFT JOIN l_approve a on a.aid = l_apply_young.id AND a.type = 2  WHERE ( applicant = 21 ) ORDER BY a.isagree asc, apply_time desc LIMIT 0,20   [ RunTime:0.0010s ]
NOTIC: [2] Invalid argument supplied for foreach() E:\wamp\www\apply\Application\Common\Model\AyoungModel.class.php 第 120 行.

[ 2016-12-06T09:51:50+08:00 ] ::1 /apply/index.php/Home/Index/index.html?type=1&pageid=1
INFO: [ app_init ] --START--
INFO: Run Behavior\BuildLiteBehavior [ RunTime:0.000000s ]
INFO: [ app_init ] --END-- [ RunTime:0.001000s ]
INFO: [ app_begin ] --START--
INFO: Run Behavior\ReadHtmlCacheBehavior [ RunTime:0.000000s ]
INFO: [ app_begin ] --END-- [ RunTime:0.000000s ]
SQL: SHOW COLUMNS FROM `l_material` [ RunTime:0.0060s ]
SQL: SHOW COLUMNS FROM `l_apply_material` [ RunTime:0.0020s ]
SQL: SHOW COLUMNS FROM `l_apply_material` [ RunTime:0.0040s ]
SQL: SHOW COLUMNS FROM `l_apply_young` [ RunTime:0.0040s ]
SQL: SHOW COLUMNS FROM `l_approve` [ RunTime:0.0030s ]
SQL: SHOW COLUMNS FROM `l_process` [ RunTime:0.0050s ]
SQL: SHOW COLUMNS FROM `l_apply_venue` [ RunTime:0.0050s ]
SQL: SELECT COUNT(*) AS tp_count FROM `l_apply_material` WHERE ( applicant = 21 ) LIMIT 1   [ RunTime:0.0000s ]
SQL: SELECT l_apply_material.id,`theme`,`apply_code`,`qr_code`,`apply_time`,`applicant`,`isReturn`,a.isagree,u.nickname FROM `l_apply_material` LEFT JOIN l_user u on l_apply_material.applicant = u.id LEFT JOIN l_approve a on l_apply_material.id = a.aid AND a.type = 1  WHERE ( applicant = 21 ) ORDER BY a.isagree asc, apply_time desc LIMIT 0,20   [ RunTime:0.0010s ]
NOTIC: [2] Invalid argument supplied for foreach() E:\wamp\www\apply\Application\Common\Model\AmaterialModel.class.php 第 83 行.

[ 2016-12-06T09:51:50+08:00 ] ::1 /apply/index.php/Home/Index/index.html?type=1&pageid=1
INFO: [ app_init ] --START--
INFO: Run Behavior\BuildLiteBehavior [ RunTime:0.000000s ]
INFO: [ app_init ] --END-- [ RunTime:0.000000s ]
INFO: [ app_begin ] --START--
INFO: Run Behavior\ReadHtmlCacheBehavior [ RunTime:0.000000s ]
INFO: [ app_begin ] --END-- [ RunTime:0.001000s ]
SQL: SHOW COLUMNS FROM `l_material` [ RunTime:0.0020s ]
SQL: SHOW COLUMNS FROM `l_apply_material` [ RunTime:0.0030s ]
SQL: SHOW COLUMNS FROM `l_apply_material` [ RunTime:0.0020s ]
SQL: SHOW COLUMNS FROM `l_apply_young` [ RunTime:0.0030s ]
SQL: SHOW COLUMNS FROM `l_approve` [ RunTime:0.0040s ]
SQL: SHOW COLUMNS FROM `l_process` [ RunTime:0.0020s ]
SQL: SHOW COLUMNS FROM `l_apply_venue` [ RunTime:0.0030s ]
SQL: SELECT COUNT(*) AS tp_count FROM `l_apply_material` WHERE ( applicant = 21 ) LIMIT 1   [ RunTime:0.0000s ]
SQL: SELECT l_apply_material.id,`theme`,`apply_code`,`qr_code`,`apply_time`,`applicant`,`isReturn`,a.isagree,u.nickname FROM `l_apply_material` LEFT JOIN l_user u on l_apply_material.applicant = u.id LEFT JOIN l_approve a on l_apply_material.id = a.aid AND a.type = 1  WHERE ( applicant = 21 ) ORDER BY a.isagree asc, apply_time desc LIMIT 0,20   [ RunTime:0.0000s ]
NOTIC: [2] Invalid argument supplied for foreach() E:\wamp\www\apply\Application\Common\Model\AmaterialModel.class.php 第 83 行.

[ 2016-12-06T09:51:52+08:00 ] ::1 /apply/index.php/Home/Index/index.html?type=2&pageid=1
INFO: [ app_init ] --START--
INFO: Run Behavior\BuildLiteBehavior [ RunTime:0.000000s ]
INFO: [ app_init ] --END-- [ RunTime:0.000000s ]
INFO: [ app_begin ] --START--
INFO: Run Behavior\ReadHtmlCacheBehavior [ RunTime:0.001000s ]
INFO: [ app_begin ] --END-- [ RunTime:0.001000s ]
SQL: SHOW COLUMNS FROM `l_material` [ RunTime:0.0040s ]
SQL: SHOW COLUMNS FROM `l_apply_material` [ RunTime:0.0040s ]
SQL: SHOW COLUMNS FROM `l_apply_material` [ RunTime:0.0040s ]
SQL: SHOW COLUMNS FROM `l_apply_young` [ RunTime:0.0020s ]
SQL: SHOW COLUMNS FROM `l_approve` [ RunTime:0.0020s ]
SQL: SHOW COLUMNS FROM `l_process` [ RunTime:0.0040s ]
SQL: SHOW COLUMNS FROM `l_apply_venue` [ RunTime:0.0030s ]
SQL: SELECT COUNT(*) AS tp_count FROM `l_apply_young` WHERE ( applicant = 21 ) LIMIT 1   [ RunTime:0.0010s ]
SQL: SELECT l_apply_young.id,`apply_code`,`qr_code`,`apply_time`,u.nickname,a.isagree FROM `l_apply_young` LEFT JOIN l_user u on l_apply_young.applicant = u.id LEFT JOIN l_approve a on a.aid = l_apply_young.id AND a.type = 2  WHERE ( applicant = 21 ) ORDER BY a.isagree asc, apply_time desc LIMIT 0,20   [ RunTime:0.0020s ]
NOTIC: [2] Invalid argument supplied for foreach() E:\wamp\www\apply\Application\Common\Model\AyoungModel.class.php 第 120 行.

[ 2016-12-06T09:51:52+08:00 ] ::1 /apply/index.php/Home/Index/index.html?type=2&pageid=1
INFO: [ app_init ] --START--
INFO: Run Behavior\BuildLiteBehavior [ RunTime:0.000000s ]
INFO: [ app_init ] --END-- [ RunTime:0.001000s ]
INFO: [ app_begin ] --START--
INFO: Run Behavior\ReadHtmlCacheBehavior [ RunTime:0.001000s ]
INFO: [ app_begin ] --END-- [ RunTime:0.001000s ]
SQL: SHOW COLUMNS FROM `l_material` [ RunTime:0.0040s ]
SQL: SHOW COLUMNS FROM `l_apply_material` [ RunTime:0.0050s ]
SQL: SHOW COLUMNS FROM `l_apply_material` [ RunTime:0.0030s ]
SQL: SHOW COLUMNS FROM `l_apply_young` [ RunTime:0.0030s ]
SQL: SHOW COLUMNS FROM `l_approve` [ RunTime:0.0050s ]
SQL: SHOW COLUMNS FROM `l_process` [ RunTime:0.0030s ]
SQL: SHOW COLUMNS FROM `l_apply_venue` [ RunTime:0.0030s ]
SQL: SELECT COUNT(*) AS tp_count FROM `l_apply_young` WHERE ( applicant = 21 ) LIMIT 1   [ RunTime:0.0010s ]
SQL: SELECT l_apply_young.id,`apply_code`,`qr_code`,`apply_time`,u.nickname,a.isagree FROM `l_apply_young` LEFT JOIN l_user u on l_apply_young.applicant = u.id LEFT JOIN l_approve a on a.aid = l_apply_young.id AND a.type = 2  WHERE ( applicant = 21 ) ORDER BY a.isagree asc, apply_time desc LIMIT 0,20   [ RunTime:0.0010s ]
NOTIC: [2] Invalid argument supplied for foreach() E:\wamp\www\apply\Application\Common\Model\AyoungModel.class.php 第 120 行.

[ 2016-12-06T09:53:49+08:00 ] ::1 /apply/
INFO: [ app_init ] --START--
INFO: Run Behavior\BuildLiteBehavior [ RunTime:0.000000s ]
INFO: [ app_init ] --END-- [ RunTime:0.001000s ]
INFO: [ app_begin ] --START--
INFO: Run Behavior\ReadHtmlCacheBehavior [ RunTime:0.001000s ]
INFO: [ app_begin ] --END-- [ RunTime:0.001000s ]

[ 2016-12-06T09:53:49+08:00 ] ::1 /apply/index.php/Home/Login/login.html
INFO: [ app_init ] --START--
INFO: Run Behavior\BuildLiteBehavior [ RunTime:0.000000s ]
INFO: [ app_init ] --END-- [ RunTime:0.001000s ]
INFO: [ app_begin ] --START--
INFO: Run Behavior\ReadHtmlCacheBehavior [ RunTime:0.000000s ]
INFO: [ app_begin ] --END-- [ RunTime:0.000000s ]
INFO: [ view_parse ] --START--
INFO: [ template_filter ] --START--
INFO: Run Behavior\ContentReplaceBehavior [ RunTime:0.000000s ]
INFO: [ template_filter ] --END-- [ RunTime:0.001000s ]
INFO: Run Behavior\ParseTemplateBehavior [ RunTime:0.009000s ]
INFO: [ view_parse ] --END-- [ RunTime:0.009000s ]
INFO: [ view_filter ] --START--
INFO: Run Behavior\WriteHtmlCacheBehavior [ RunTime:0.000000s ]
INFO: Run Behavior\TokenBuildBehavior [ RunTime:0.001000s ]
INFO: [ view_filter ] --END-- [ RunTime:0.001000s ]
INFO: [ app_end ] --START--
INFO: Run Behavior\ShowPageTraceBehavior [ RunTime:0.001000s ]
INFO: [ app_end ] --END-- [ RunTime:0.001000s ]

[ 2016-12-06T09:54:03+08:00 ] ::1 /apply/
INFO: [ app_init ] --START--
INFO: Run Behavior\BuildLiteBehavior [ RunTime:0.000000s ]
INFO: [ app_init ] --END-- [ RunTime:0.000000s ]
INFO: [ app_begin ] --START--
INFO: Run Behavior\ReadHtmlCacheBehavior [ RunTime:0.001000s ]
INFO: [ app_begin ] --END-- [ RunTime:0.001000s ]

[ 2016-12-06T09:54:03+08:00 ] ::1 /apply/index.php/Home/Login/login.html
INFO: [ app_init ] --START--
INFO: Run Behavior\BuildLiteBehavior [ RunTime:0.000000s ]
INFO: [ app_init ] --END-- [ RunTime:0.001000s ]
INFO: [ app_begin ] --START--
INFO: Run Behavior\ReadHtmlCacheBehavior [ RunTime:0.000000s ]
INFO: [ app_begin ] --END-- [ RunTime:0.000000s ]
INFO: [ view_parse ] --START--
INFO: [ template_filter ] --START--
INFO: Run Behavior\ContentReplaceBehavior [ RunTime:0.000000s ]
INFO: [ template_filter ] --END-- [ RunTime:0.000000s ]
INFO: Run Behavior\ParseTemplateBehavior [ RunTime:0.006000s ]
INFO: [ view_parse ] --END-- [ RunTime:0.006000s ]
INFO: [ view_filter ] --START--
INFO: Run Behavior\WriteHtmlCacheBehavior [ RunTime:0.000000s ]
INFO: Run Behavior\TokenBuildBehavior [ RunTime:0.001000s ]
INFO: [ view_filter ] --END-- [ RunTime:0.001000s ]
INFO: [ app_end ] --START--
INFO: Run Behavior\ShowPageTraceBehavior [ RunTime:0.001000s ]
INFO: [ app_end ] --END-- [ RunTime:0.001000s ]

[ 2016-12-06T09:56:29+08:00 ] 127.0.0.1 /apply/
INFO: [ app_init ] --START--
INFO: Run Behavior\BuildLiteBehavior [ RunTime:0.000000s ]
INFO: [ app_init ] --END-- [ RunTime:0.000000s ]
INFO: [ app_begin ] --START--
INFO: Run Behavior\ReadHtmlCacheBehavior [ RunTime:0.000000s ]
INFO: [ app_begin ] --END-- [ RunTime:0.001000s ]

[ 2016-12-06T09:56:29+08:00 ] 127.0.0.1 /apply/index.php/Home/Login/login.html
INFO: [ app_init ] --START--
INFO: Run Behavior\BuildLiteBehavior [ RunTime:0.000000s ]
INFO: [ app_init ] --END-- [ RunTime:0.000000s ]
INFO: [ app_begin ] --START--
INFO: Run Behavior\ReadHtmlCacheBehavior [ RunTime:0.001000s ]
INFO: [ app_begin ] --END-- [ RunTime:0.001000s ]
INFO: [ view_parse ] --START--
INFO: [ template_filter ] --START--
INFO: Run Behavior\ContentReplaceBehavior [ RunTime:0.000000s ]
INFO: [ template_filter ] --END-- [ RunTime:0.000000s ]
INFO: Run Behavior\ParseTemplateBehavior [ RunTime:0.012000s ]
INFO: [ view_parse ] --END-- [ RunTime:0.012000s ]
INFO: [ view_filter ] --START--
INFO: Run Behavior\WriteHtmlCacheBehavior [ RunTime:0.001000s ]
INFO: Run Behavior\TokenBuildBehavior [ RunTime:0.000000s ]
INFO: [ view_filter ] --END-- [ RunTime:0.002000s ]
INFO: [ app_end ] --START--
INFO: Run Behavior\ShowPageTraceBehavior [ RunTime:0.000000s ]
INFO: [ app_end ] --END-- [ RunTime:0.001000s ]

[ 2016-12-06T10:29:30+08:00 ] ::1 /apply/index.php/Home/Index/index.html
INFO: [ app_init ] --START--
INFO: Run Behavior\BuildLiteBehavior [ RunTime:0.000000s ]
INFO: [ app_init ] --END-- [ RunTime:0.001000s ]
INFO: [ app_begin ] --START--
INFO: Run Behavior\ReadHtmlCacheBehavior [ RunTime:0.001000s ]
INFO: [ app_begin ] --END-- [ RunTime:0.001000s ]

[ 2016-12-06T10:29:30+08:00 ] ::1 /apply/index.php/Home/Login/login.html
INFO: [ app_init ] --START--
INFO: Run Behavior\BuildLiteBehavior [ RunTime:0.000000s ]
INFO: [ app_init ] --END-- [ RunTime:0.000000s ]
INFO: [ app_begin ] --START--
INFO: Run Behavior\ReadHtmlCacheBehavior [ RunTime:0.001000s ]
INFO: [ app_begin ] --END-- [ RunTime:0.001000s ]
INFO: [ view_parse ] --START--
INFO: [ template_filter ] --START--
INFO: Run Behavior\ContentReplaceBehavior [ RunTime:0.000000s ]
INFO: [ template_filter ] --END-- [ RunTime:0.000000s ]
INFO: Run Behavior\ParseTemplateBehavior [ RunTime:0.006000s ]
INFO: [ view_parse ] --END-- [ RunTime:0.006000s ]
INFO: [ view_filter ] --START--
INFO: Run Behavior\WriteHtmlCacheBehavior [ RunTime:0.000000s ]
INFO: Run Behavior\TokenBuildBehavior [ RunTime:0.000000s ]
INFO: [ view_filter ] --END-- [ RunTime:0.001000s ]
INFO: [ app_end ] --START--
INFO: Run Behavior\ShowPageTraceBehavior [ RunTime:0.000000s ]
INFO: [ app_end ] --END-- [ RunTime:0.000000s ]

[ 2016-12-06T10:29:33+08:00 ] ::1 /apply/index.php/Home/Login/login.html
INFO: [ app_init ] --START--
INFO: Run Behavior\BuildLiteBehavior [ RunTime:0.000000s ]
INFO: [ app_init ] --END-- [ RunTime:0.001000s ]
INFO: [ app_begin ] --START--
INFO: Run Behavior\ReadHtmlCacheBehavior [ RunTime:0.000000s ]
INFO: [ app_begin ] --END-- [ RunTime:0.000000s ]
INFO: [ view_parse ] --START--
INFO: [ template_filter ] --START--
INFO: Run Behavior\ContentReplaceBehavior [ RunTime:0.000000s ]
INFO: [ template_filter ] --END-- [ RunTime:0.000000s ]
INFO: Run Behavior\ParseTemplateBehavior [ RunTime:0.005000s ]
INFO: [ view_parse ] --END-- [ RunTime:0.005000s ]
INFO: [ view_filter ] --START--
INFO: Run Behavior\WriteHtmlCacheBehavior [ RunTime:0.000000s ]
INFO: Run Behavior\TokenBuildBehavior [ RunTime:0.001000s ]
INFO: [ view_filter ] --END-- [ RunTime:0.001000s ]
INFO: [ app_end ] --START--
INFO: Run Behavior\ShowPageTraceBehavior [ RunTime:0.001000s ]
INFO: [ app_end ] --END-- [ RunTime:0.001000s ]

[ 2016-12-06T10:29:40+08:00 ] ::1 /apply/index.php/Home/Login/login.html
INFO: [ app_init ] --START--
INFO: Run Behavior\BuildLiteBehavior [ RunTime:0.000000s ]
INFO: [ app_init ] --END-- [ RunTime:0.001000s ]
INFO: [ app_begin ] --START--
INFO: Run Behavior\ReadHtmlCacheBehavior [ RunTime:0.001000s ]
INFO: [ app_begin ] --END-- [ RunTime:0.001000s ]
SQL: SHOW COLUMNS FROM `l_user` [ RunTime:0.0030s ]
SQL: SELECT `id`,`nickname`,`cid`,`type` FROM `l_user` WHERE `account` = '艺术学院' AND `password` = 'e10adc3949ba59abbe56e057f20f883e' LIMIT 1   [ RunTime:0.0000s ]

[ 2016-12-06T10:29:40+08:00 ] ::1 /apply/index.php/Home/Index/index.html
INFO: [ app_init ] --START--
INFO: Run Behavior\BuildLiteBehavior [ RunTime:0.000000s ]
INFO: [ app_init ] --END-- [ RunTime:0.001000s ]
INFO: [ app_begin ] --START--
INFO: Run Behavior\ReadHtmlCacheBehavior [ RunTime:0.001000s ]
INFO: [ app_begin ] --END-- [ RunTime:0.001000s ]
SQL: SHOW COLUMNS FROM `l_material` [ RunTime:0.0040s ]
SQL: SHOW COLUMNS FROM `l_apply_material` [ RunTime:0.0070s ]
SQL: SHOW COLUMNS FROM `l_apply_material` [ RunTime:0.0060s ]
SQL: SHOW COLUMNS FROM `l_apply_young` [ RunTime:0.0070s ]
SQL: SHOW COLUMNS FROM `l_approve` [ RunTime:0.0030s ]
SQL: SHOW COLUMNS FROM `l_process` [ RunTime:0.0050s ]
SQL: SHOW COLUMNS FROM `l_apply_venue` [ RunTime:0.0100s ]
INFO: [ view_parse ] --START--
INFO: [ template_filter ] --START--
INFO: Run Behavior\ContentReplaceBehavior [ RunTime:0.000000s ]
INFO: [ template_filter ] --END-- [ RunTime:0.000000s ]
INFO: Run Behavior\ParseTemplateBehavior [ RunTime:0.017000s ]
INFO: [ view_parse ] --END-- [ RunTime:0.018000s ]
INFO: [ view_filter ] --START--
INFO: Run Behavior\WriteHtmlCacheBehavior [ RunTime:0.000000s ]
INFO: Run Behavior\TokenBuildBehavior [ RunTime:0.002000s ]
INFO: [ view_filter ] --END-- [ RunTime:0.002000s ]
INFO: [ app_end ] --START--
INFO: Run Behavior\ShowPageTraceBehavior [ RunTime:0.004000s ]
INFO: [ app_end ] --END-- [ RunTime:0.004000s ]

[ 2016-12-06T10:29:40+08:00 ] ::1 /apply/index.php/Home/Index/index.html?type=1&pageid=1
INFO: [ app_init ] --START--
INFO: Run Behavior\BuildLiteBehavior [ RunTime:0.000000s ]
INFO: [ app_init ] --END-- [ RunTime:0.001000s ]
INFO: [ app_begin ] --START--
INFO: Run Behavior\ReadHtmlCacheBehavior [ RunTime:0.000000s ]
INFO: [ app_begin ] --END-- [ RunTime:0.000000s ]
SQL: SHOW COLUMNS FROM `l_material` [ RunTime:0.0060s ]
SQL: SHOW COLUMNS FROM `l_apply_material` [ RunTime:0.0070s ]
SQL: SHOW COLUMNS FROM `l_apply_material` [ RunTime:0.0050s ]
SQL: SHOW COLUMNS FROM `l_apply_young` [ RunTime:0.0030s ]
SQL: SHOW COLUMNS FROM `l_approve` [ RunTime:0.0060s ]
SQL: SHOW COLUMNS FROM `l_process` [ RunTime:0.0040s ]
SQL: SHOW COLUMNS FROM `l_apply_venue` [ RunTime:0.0030s ]
SQL: SELECT COUNT(*) AS tp_count FROM `l_apply_material` WHERE ( applicant = 21 ) LIMIT 1   [ RunTime:0.0000s ]
SQL: SELECT l_apply_material.id,`theme`,`apply_code`,`qr_code`,`apply_time`,`applicant`,`isReturn`,a.isagree,u.nickname FROM `l_apply_material` LEFT JOIN l_user u on l_apply_material.applicant = u.id LEFT JOIN l_approve a on l_apply_material.id = a.aid AND a.type = 1  WHERE ( applicant = 21 ) ORDER BY a.isagree asc, apply_time desc LIMIT 0,20   [ RunTime:0.0010s ]
NOTIC: [2] Invalid argument supplied for foreach() E:\wamp\www\apply\Application\Common\Model\AmaterialModel.class.php 第 83 行.

[ 2016-12-06T10:29:40+08:00 ] ::1 /apply/index.php/Home/Index/getApplyType.html
INFO: [ app_init ] --START--
INFO: Run Behavior\BuildLiteBehavior [ RunTime:0.000000s ]
INFO: [ app_init ] --END-- [ RunTime:0.001000s ]
INFO: [ app_begin ] --START--
INFO: Run Behavior\ReadHtmlCacheBehavior [ RunTime:0.001000s ]
INFO: [ app_begin ] --END-- [ RunTime:0.002000s ]
SQL: SHOW COLUMNS FROM `l_material` [ RunTime:0.0040s ]
SQL: SHOW COLUMNS FROM `l_apply_material` [ RunTime:0.0040s ]
SQL: SHOW COLUMNS FROM `l_apply_material` [ RunTime:0.0040s ]
SQL: SHOW COLUMNS FROM `l_apply_young` [ RunTime:0.0060s ]
SQL: SHOW COLUMNS FROM `l_approve` [ RunTime:0.0070s ]
SQL: SHOW COLUMNS FROM `l_process` [ RunTime:0.0040s ]
SQL: SHOW COLUMNS FROM `l_apply_venue` [ RunTime:0.0030s ]

[ 2016-12-06T10:29:40+08:00 ] ::1 /apply/index.php/Home/Index/index.html?type=1&pageid=1
INFO: [ app_init ] --START--
INFO: Run Behavior\BuildLiteBehavior [ RunTime:0.000000s ]
INFO: [ app_init ] --END-- [ RunTime:0.000000s ]
INFO: [ app_begin ] --START--
INFO: Run Behavior\ReadHtmlCacheBehavior [ RunTime:0.001000s ]
INFO: [ app_begin ] --END-- [ RunTime:0.001000s ]
SQL: SHOW COLUMNS FROM `l_material` [ RunTime:0.0040s ]
SQL: SHOW COLUMNS FROM `l_apply_material` [ RunTime:0.0050s ]
SQL: SHOW COLUMNS FROM `l_apply_material` [ RunTime:0.0050s ]
SQL: SHOW COLUMNS FROM `l_apply_young` [ RunTime:0.0030s ]
SQL: SHOW COLUMNS FROM `l_approve` [ RunTime:0.0030s ]
SQL: SHOW COLUMNS FROM `l_process` [ RunTime:0.0030s ]
SQL: SHOW COLUMNS FROM `l_apply_venue` [ RunTime:0.0030s ]
SQL: SELECT COUNT(*) AS tp_count FROM `l_apply_material` WHERE ( applicant = 21 ) LIMIT 1   [ RunTime:0.0010s ]
SQL: SELECT l_apply_material.id,`theme`,`apply_code`,`qr_code`,`apply_time`,`applicant`,`isReturn`,a.isagree,u.nickname FROM `l_apply_material` LEFT JOIN l_user u on l_apply_material.applicant = u.id LEFT JOIN l_approve a on l_apply_material.id = a.aid AND a.type = 1  WHERE ( applicant = 21 ) ORDER BY a.isagree asc, apply_time desc LIMIT 0,20   [ RunTime:0.0020s ]
NOTIC: [2] Invalid argument supplied for foreach() E:\wamp\www\apply\Application\Common\Model\AmaterialModel.class.php 第 83 行.

[ 2016-12-06T14:49:55+08:00 ] 127.0.0.1 /apply/
INFO: [ app_init ] --START--
INFO: Run Behavior\BuildLiteBehavior [ RunTime:0.000000s ]
INFO: [ app_init ] --END-- [ RunTime:0.000000s ]
INFO: [ app_begin ] --START--
INFO: Run Behavior\ReadHtmlCacheBehavior [ RunTime:0.001000s ]
INFO: [ app_begin ] --END-- [ RunTime:0.001000s ]

[ 2016-12-06T14:49:55+08:00 ] 127.0.0.1 /apply/index.php/Home/Login/login.html
INFO: [ app_init ] --START--
INFO: Run Behavior\BuildLiteBehavior [ RunTime:0.000000s ]
INFO: [ app_init ] --END-- [ RunTime:0.000000s ]
INFO: [ app_begin ] --START--
INFO: Run Behavior\ReadHtmlCacheBehavior [ RunTime:0.000000s ]
INFO: [ app_begin ] --END-- [ RunTime:0.000000s ]
INFO: [ view_parse ] --START--
INFO: [ template_filter ] --START--
INFO: Run Behavior\ContentReplaceBehavior [ RunTime:0.000000s ]
INFO: [ template_filter ] --END-- [ RunTime:0.001000s ]
INFO: Run Behavior\ParseTemplateBehavior [ RunTime:0.010000s ]
INFO: [ view_parse ] --END-- [ RunTime:0.010000s ]
INFO: [ view_filter ] --START--
INFO: Run Behavior\WriteHtmlCacheBehavior [ RunTime:0.000000s ]
INFO: Run Behavior\TokenBuildBehavior [ RunTime:0.000000s ]
INFO: [ view_filter ] --END-- [ RunTime:0.000000s ]
INFO: [ app_end ] --START--
INFO: Run Behavior\ShowPageTraceBehavior [ RunTime:0.001000s ]
INFO: [ app_end ] --END-- [ RunTime:0.001000s ]

[ 2016-12-06T15:54:26+08:00 ] ::1 /apply/index.php/Home/Index/index.html
INFO: [ app_init ] --START--
INFO: Run Behavior\BuildLiteBehavior [ RunTime:0.000000s ]
INFO: [ app_init ] --END-- [ RunTime:0.001000s ]
INFO: [ app_begin ] --START--
INFO: Run Behavior\ReadHtmlCacheBehavior [ RunTime:0.001000s ]
INFO: [ app_begin ] --END-- [ RunTime:0.001000s ]
SQL: SHOW COLUMNS FROM `l_material` [ RunTime:0.0030s ]
SQL: SHOW COLUMNS FROM `l_apply_material` [ RunTime:0.0030s ]
SQL: SHOW COLUMNS FROM `l_apply_material` [ RunTime:0.0030s ]
SQL: SHOW COLUMNS FROM `l_apply_young` [ RunTime:0.0030s ]
SQL: SHOW COLUMNS FROM `l_approve` [ RunTime:0.0030s ]
SQL: SHOW COLUMNS FROM `l_process` [ RunTime:0.0030s ]
SQL: SHOW COLUMNS FROM `l_apply_venue` [ RunTime:0.0030s ]
INFO: [ view_parse ] --START--
INFO: [ template_filter ] --START--
INFO: Run Behavior\ContentReplaceBehavior [ RunTime:0.000000s ]
INFO: [ template_filter ] --END-- [ RunTime:0.000000s ]
INFO: Run Behavior\ParseTemplateBehavior [ RunTime:0.009000s ]
INFO: [ view_parse ] --END-- [ RunTime:0.009000s ]
INFO: [ view_filter ] --START--
INFO: Run Behavior\WriteHtmlCacheBehavior [ RunTime:0.000000s ]
INFO: Run Behavior\TokenBuildBehavior [ RunTime:0.001000s ]
INFO: [ view_filter ] --END-- [ RunTime:0.001000s ]
INFO: [ app_end ] --START--
INFO: Run Behavior\ShowPageTraceBehavior [ RunTime:0.000000s ]
INFO: [ app_end ] --END-- [ RunTime:0.000000s ]

[ 2016-12-06T15:54:27+08:00 ] ::1 /apply/index.php/Home/Index/index.html?type=1&pageid=1
INFO: [ app_init ] --START--
INFO: Run Behavior\BuildLiteBehavior [ RunTime:0.000000s ]
INFO: [ app_init ] --END-- [ RunTime:0.000000s ]
INFO: [ app_begin ] --START--
INFO: Run Behavior\ReadHtmlCacheBehavior [ RunTime:0.002000s ]
INFO: [ app_begin ] --END-- [ RunTime:0.004000s ]
SQL: SHOW COLUMNS FROM `l_material` [ RunTime:0.0040s ]
SQL: SHOW COLUMNS FROM `l_apply_material` [ RunTime:0.0030s ]
SQL: SHOW COLUMNS FROM `l_apply_material` [ RunTime:0.0030s ]
SQL: SHOW COLUMNS FROM `l_apply_young` [ RunTime:0.0030s ]
SQL: SHOW COLUMNS FROM `l_approve` [ RunTime:0.0020s ]
SQL: SHOW COLUMNS FROM `l_process` [ RunTime:0.0020s ]
SQL: SHOW COLUMNS FROM `l_apply_venue` [ RunTime:0.0020s ]
SQL: SELECT COUNT(*) AS tp_count FROM `l_apply_material` WHERE ( applicant = 21 ) LIMIT 1   [ RunTime:0.0000s ]
SQL: SELECT l_apply_material.id,`theme`,`apply_code`,`qr_code`,`apply_time`,`applicant`,`isReturn`,a.isagree,u.nickname FROM `l_apply_material` LEFT JOIN l_user u on l_apply_material.applicant = u.id LEFT JOIN l_approve a on l_apply_material.id = a.aid AND a.type = 1  WHERE ( applicant = 21 ) ORDER BY a.isagree asc, apply_time desc LIMIT 0,20   [ RunTime:0.0000s ]
NOTIC: [2] Invalid argument supplied for foreach() E:\wamp\www\apply\Application\Common\Model\AmaterialModel.class.php 第 83 行.

[ 2016-12-06T15:54:27+08:00 ] ::1 /apply/index.php/Home/Index/getApplyType.html
INFO: [ app_init ] --START--
INFO: Run Behavior\BuildLiteBehavior [ RunTime:0.001000s ]
INFO: [ app_init ] --END-- [ RunTime:0.001000s ]
INFO: [ app_begin ] --START--
INFO: Run Behavior\ReadHtmlCacheBehavior [ RunTime:0.001000s ]
INFO: [ app_begin ] --END-- [ RunTime:0.001000s ]
SQL: SHOW COLUMNS FROM `l_material` [ RunTime:0.0060s ]
SQL: SHOW COLUMNS FROM `l_apply_material` [ RunTime:0.0040s ]
SQL: SHOW COLUMNS FROM `l_apply_material` [ RunTime:0.0030s ]
SQL: SHOW COLUMNS FROM `l_apply_young` [ RunTime:0.0030s ]
SQL: SHOW COLUMNS FROM `l_approve` [ RunTime:0.0030s ]
SQL: SHOW COLUMNS FROM `l_process` [ RunTime:0.0020s ]
SQL: SHOW COLUMNS FROM `l_apply_venue` [ RunTime:0.0030s ]

[ 2016-12-06T15:54:27+08:00 ] ::1 /apply/index.php/Home/Index/index.html?type=1&pageid=1
INFO: [ app_init ] --START--
INFO: Run Behavior\BuildLiteBehavior [ RunTime:0.000000s ]
INFO: [ app_init ] --END-- [ RunTime:0.000000s ]
INFO: [ app_begin ] --START--
INFO: Run Behavior\ReadHtmlCacheBehavior [ RunTime:0.001000s ]
INFO: [ app_begin ] --END-- [ RunTime:0.001000s ]
SQL: SHOW COLUMNS FROM `l_material` [ RunTime:0.0030s ]
SQL: SHOW COLUMNS FROM `l_apply_material` [ RunTime:0.0020s ]
SQL: SHOW COLUMNS FROM `l_apply_material` [ RunTime:0.0050s ]
SQL: SHOW COLUMNS FROM `l_apply_young` [ RunTime:0.0030s ]
SQL: SHOW COLUMNS FROM `l_approve` [ RunTime:0.0020s ]
SQL: SHOW COLUMNS FROM `l_process` [ RunTime:0.0040s ]
SQL: SHOW COLUMNS FROM `l_apply_venue` [ RunTime:0.0030s ]
SQL: SELECT COUNT(*) AS tp_count FROM `l_apply_material` WHERE ( applicant = 21 ) LIMIT 1   [ RunTime:0.0000s ]
SQL: SELECT l_apply_material.id,`theme`,`apply_code`,`qr_code`,`apply_time`,`applicant`,`isReturn`,a.isagree,u.nickname FROM `l_apply_material` LEFT JOIN l_user u on l_apply_material.applicant = u.id LEFT JOIN l_approve a on l_apply_material.id = a.aid AND a.type = 1  WHERE ( applicant = 21 ) ORDER BY a.isagree asc, apply_time desc LIMIT 0,20   [ RunTime:0.0010s ]
NOTIC: [2] Invalid argument supplied for foreach() E:\wamp\www\apply\Application\Common\Model\AmaterialModel.class.php 第 83 行.

[ 2016-12-06T15:54:33+08:00 ] ::1 /apply/index.php/Home/Index/applyMaterials.html
INFO: [ app_init ] --START--
INFO: Run Behavior\BuildLiteBehavior [ RunTime:0.000000s ]
INFO: [ app_init ] --END-- [ RunTime:0.001000s ]
INFO: [ app_begin ] --START--
INFO: Run Behavior\ReadHtmlCacheBehavior [ RunTime:0.001000s ]
INFO: [ app_begin ] --END-- [ RunTime:0.001000s ]
SQL: SHOW COLUMNS FROM `l_material` [ RunTime:0.0020s ]
SQL: SHOW COLUMNS FROM `l_apply_material` [ RunTime:0.0040s ]
SQL: SHOW COLUMNS FROM `l_apply_material` [ RunTime:0.0030s ]
SQL: SHOW COLUMNS FROM `l_apply_young` [ RunTime:0.0030s ]
SQL: SHOW COLUMNS FROM `l_approve` [ RunTime:0.0020s ]
SQL: SHOW COLUMNS FROM `l_process` [ RunTime:0.0030s ]
SQL: SHOW COLUMNS FROM `l_apply_venue` [ RunTime:0.0030s ]
SQL: SELECT `id`,`name`,`isdel` FROM `l_material` WHERE `pid` = 0 AND `isdel` = 1 ORDER BY id asc  [ RunTime:0.0000s ]
SQL: SELECT `status` FROM `l_material` WHERE `pid` = 40  [ RunTime:0.0000s ]
SQL: SELECT `status` FROM `l_material` WHERE `pid` = 41  [ RunTime:0.0000s ]
SQL: SELECT `status` FROM `l_material` WHERE `pid` = 42  [ RunTime:0.0000s ]
SQL: SELECT `status` FROM `l_material` WHERE `pid` = 43  [ RunTime:0.0000s ]
SQL: SELECT `status` FROM `l_material` WHERE `pid` = 44  [ RunTime:0.0000s ]
SQL: SELECT `status` FROM `l_material` WHERE `pid` = 45  [ RunTime:0.0000s ]
SQL: SELECT `status` FROM `l_material` WHERE `pid` = 46  [ RunTime:0.0000s ]
SQL: SELECT `status` FROM `l_material` WHERE `pid` = 47  [ RunTime:0.0000s ]
SQL: SELECT `status` FROM `l_material` WHERE `pid` = 48  [ RunTime:0.0000s ]
SQL: SELECT `status` FROM `l_material` WHERE `pid` = 49  [ RunTime:0.0000s ]
SQL: SELECT `status` FROM `l_material` WHERE `pid` = 50  [ RunTime:0.0010s ]
SQL: SELECT `status` FROM `l_material` WHERE `pid` = 51  [ RunTime:0.0000s ]
SQL: SELECT `status` FROM `l_material` WHERE `pid` = 52  [ RunTime:0.0000s ]
SQL: SELECT `status` FROM `l_material` WHERE `pid` = 53  [ RunTime:0.0000s ]
SQL: SELECT `status` FROM `l_material` WHERE `pid` = 54  [ RunTime:0.0000s ]
SQL: SELECT `status` FROM `l_material` WHERE `pid` = 55  [ RunTime:0.0000s ]
SQL: SELECT `status` FROM `l_material` WHERE `pid` = 56  [ RunTime:0.0000s ]
SQL: SELECT `status` FROM `l_material` WHERE `pid` = 57  [ RunTime:0.0000s ]
SQL: SELECT `status` FROM `l_material` WHERE `pid` = 58  [ RunTime:0.0000s ]
SQL: SELECT `status` FROM `l_material` WHERE `pid` = 59  [ RunTime:0.0000s ]
SQL: SELECT `status` FROM `l_material` WHERE `pid` = 60  [ RunTime:0.0000s ]
SQL: SELECT `status` FROM `l_material` WHERE `pid` = 61  [ RunTime:0.0010s ]
SQL: SELECT `status` FROM `l_material` WHERE `pid` = 62  [ RunTime:0.0000s ]
SQL: SELECT `status` FROM `l_material` WHERE `pid` = 63  [ RunTime:0.0000s ]
SQL: SELECT `status` FROM `l_material` WHERE `pid` = 64  [ RunTime:0.0000s ]
SQL: SELECT `status` FROM `l_material` WHERE `pid` = 65  [ RunTime:0.0010s ]
SQL: SELECT `status` FROM `l_material` WHERE `pid` = 66  [ RunTime:0.0010s ]
SQL: SELECT `status` FROM `l_material` WHERE `pid` = 67  [ RunTime:0.0000s ]
SQL: SELECT `status` FROM `l_material` WHERE `pid` = 68  [ RunTime:0.0010s ]
SQL: SELECT `status` FROM `l_material` WHERE `pid` = 69  [ RunTime:0.0000s ]
SQL: SELECT `status` FROM `l_material` WHERE `pid` = 70  [ RunTime:0.0000s ]
SQL: SELECT `status` FROM `l_material` WHERE `pid` = 71  [ RunTime:0.0000s ]
SQL: SELECT `status` FROM `l_material` WHERE `pid` = 72  [ RunTime:0.0010s ]
SQL: SELECT `status` FROM `l_material` WHERE `pid` = 73  [ RunTime:0.0000s ]
SQL: SELECT `status` FROM `l_material` WHERE `pid` = 74  [ RunTime:0.0010s ]
SQL: SELECT `status` FROM `l_material` WHERE `pid` = 75  [ RunTime:0.0000s ]
SQL: SELECT `status` FROM `l_material` WHERE `pid` = 76  [ RunTime:0.0010s ]
SQL: SELECT `status` FROM `l_material` WHERE `pid` = 77  [ RunTime:0.0000s ]
NOTIC: [8] Undefined variable: data E:\wamp\www\apply\Application\Home\Controller\IndexController.class.php 第 169 行.
SQL: SELECT `status` FROM `l_material` WHERE `pid` = 40  [ RunTime:0.0010s ]
SQL: SELECT `status` FROM `l_material` WHERE `pid` = 41  [ RunTime:0.0000s ]
SQL: SELECT `status` FROM `l_material` WHERE `pid` = 42  [ RunTime:0.0000s ]
SQL: SELECT `status` FROM `l_material` WHERE `pid` = 43  [ RunTime:0.0000s ]
SQL: SELECT `status` FROM `l_material` WHERE `pid` = 44  [ RunTime:0.0000s ]
SQL: SELECT `status` FROM `l_material` WHERE `pid` = 45  [ RunTime:0.0010s ]
SQL: SELECT `status` FROM `l_material` WHERE `pid` = 46  [ RunTime:0.0000s ]
SQL: SELECT `status` FROM `l_material` WHERE `pid` = 47  [ RunTime:0.0000s ]
SQL: SELECT `status` FROM `l_material` WHERE `pid` = 48  [ RunTime:0.0000s ]
SQL: SELECT `status` FROM `l_material` WHERE `pid` = 49  [ RunTime:0.0040s ]
SQL: SELECT `status` FROM `l_material` WHERE `pid` = 50  [ RunTime:0.0000s ]
SQL: SELECT `status` FROM `l_material` WHERE `pid` = 51  [ RunTime:0.0000s ]
SQL: SELECT `status` FROM `l_material` WHERE `pid` = 52  [ RunTime:0.0000s ]
SQL: SELECT `status` FROM `l_material` WHERE `pid` = 53  [ RunTime:0.0000s ]
SQL: SELECT `status` FROM `l_material` WHERE `pid` = 54  [ RunTime:0.0000s ]
SQL: SELECT `status` FROM `l_material` WHERE `pid` = 55  [ RunTime:0.0000s ]
SQL: SELECT `status` FROM `l_material` WHERE `pid` = 56  [ RunTime:0.0010s ]
SQL: SELECT `status` FROM `l_material` WHERE `pid` = 57  [ RunTime:0.0010s ]
SQL: SELECT `status` FROM `l_material` WHERE `pid` = 58  [ RunTime:0.0000s ]
SQL: SELECT `status` FROM `l_material` WHERE `pid` = 59  [ RunTime:0.0020s ]
SQL: SELECT `status` FROM `l_material` WHERE `pid` = 60  [ RunTime:0.0010s ]
SQL: SELECT `status` FROM `l_material` WHERE `pid` = 61  [ RunTime:0.0020s ]
SQL: SELECT `status` FROM `l_material` WHERE `pid` = 62  [ RunTime:0.0010s ]
SQL: SELECT `status` FROM `l_material` WHERE `pid` = 63  [ RunTime:0.0010s ]
SQL: SELECT `status` FROM `l_material` WHERE `pid` = 64  [ RunTime:0.0000s ]
SQL: SELECT `status` FROM `l_material` WHERE `pid` = 65  [ RunTime:0.0000s ]
SQL: SELECT `status` FROM `l_material` WHERE `pid` = 66  [ RunTime:0.0000s ]
SQL: SELECT `status` FROM `l_material` WHERE `pid` = 67  [ RunTime:0.0000s ]
SQL: SELECT `status` FROM `l_material` WHERE `pid` = 68  [ RunTime:0.0000s ]
SQL: SELECT `status` FROM `l_material` WHERE `pid` = 69  [ RunTime:0.0010s ]
SQL: SELECT `status` FROM `l_material` WHERE `pid` = 70  [ RunTime:0.0000s ]
SQL: SELECT `status` FROM `l_material` WHERE `pid` = 71  [ RunTime:0.0000s ]
SQL: SELECT `status` FROM `l_material` WHERE `pid` = 72  [ RunTime:0.0000s ]
SQL: SELECT `status` FROM `l_material` WHERE `pid` = 73  [ RunTime:0.0000s ]
SQL: SELECT `status` FROM `l_material` WHERE `pid` = 74  [ RunTime:0.0000s ]
SQL: SELECT `status` FROM `l_material` WHERE `pid` = 75  [ RunTime:0.0000s ]
SQL: SELECT `status` FROM `l_material` WHERE `pid` = 76  [ RunTime:0.0000s ]
SQL: SELECT `status` FROM `l_material` WHERE `pid` = 77  [ RunTime:0.0000s ]
NOTIC: [8] Undefined variable: data E:\wamp\www\apply\Application\Home\Controller\IndexController.class.php 第 177 行.
INFO: [ view_parse ] --START--
INFO: [ template_filter ] --START--
INFO: Run Behavior\ContentReplaceBehavior [ RunTime:0.000000s ]
INFO: [ template_filter ] --END-- [ RunTime:0.000000s ]
NOTIC: [8] Undefined variable: data E:\wamp\www\apply\Application\Runtime\Cache\Home\c61586669bc1edddd8455c56ab5b2af0.php 第 58 行.
NOTIC: [8] Undefined variable: data E:\wamp\www\apply\Application\Runtime\Cache\Home\c61586669bc1edddd8455c56ab5b2af0.php 第 58 行.
NOTIC: [8] Undefined variable: data E:\wamp\www\apply\Application\Runtime\Cache\Home\c61586669bc1edddd8455c56ab5b2af0.php 第 72 行.
NOTIC: [8] Undefined variable: data E:\wamp\www\apply\Application\Runtime\Cache\Home\c61586669bc1edddd8455c56ab5b2af0.php 第 82 行.
NOTIC: [8] Undefined variable: data E:\wamp\www\apply\Application\Runtime\Cache\Home\c61586669bc1edddd8455c56ab5b2af0.php 第 82 行.
NOTIC: [8] Undefined variable: data E:\wamp\www\apply\Application\Runtime\Cache\Home\c61586669bc1edddd8455c56ab5b2af0.php 第 90 行.
NOTIC: [8] Undefined variable: data E:\wamp\www\apply\Application\Runtime\Cache\Home\c61586669bc1edddd8455c56ab5b2af0.php 第 100 行.
NOTIC: [8] Undefined variable: data E:\wamp\www\apply\Application\Runtime\Cache\Home\c61586669bc1edddd8455c56ab5b2af0.php 第 145 行.
NOTIC: [8] Undefined variable: data E:\wamp\www\apply\Application\Runtime\Cache\Home\c61586669bc1edddd8455c56ab5b2af0.php 第 188 行.
NOTIC: [8] Undefined variable: data E:\wamp\www\apply\Application\Runtime\Cache\Home\c61586669bc1edddd8455c56ab5b2af0.php 第 207 行.
NOTIC: [8] Undefined variable: data E:\wamp\www\apply\Application\Runtime\Cache\Home\c61586669bc1edddd8455c56ab5b2af0.php 第 216 行.
INFO: Run Behavior\ParseTemplateBehavior [ RunTime:0.023000s ]
INFO: [ view_parse ] --END-- [ RunTime:0.023000s ]
INFO: [ view_filter ] --START--
INFO: Run Behavior\WriteHtmlCacheBehavior [ RunTime:0.000000s ]
INFO: Run Behavior\TokenBuildBehavior [ RunTime:0.001000s ]
INFO: [ view_filter ] --END-- [ RunTime:0.001000s ]
INFO: [ app_end ] --START--
INFO: Run Behavior\ShowPageTraceBehavior [ RunTime:0.000000s ]
INFO: [ app_end ] --END-- [ RunTime:0.000000s ]

[ 2016-12-06T15:54:36+08:00 ] ::1 /apply/index.php/Home/Index/index.html
INFO: [ app_init ] --START--
INFO: Run Behavior\BuildLiteBehavior [ RunTime:0.000000s ]
INFO: [ app_init ] --END-- [ RunTime:0.000000s ]
INFO: [ app_begin ] --START--
INFO: Run Behavior\ReadHtmlCacheBehavior [ RunTime:0.000000s ]
INFO: [ app_begin ] --END-- [ RunTime:0.001000s ]
SQL: SHOW COLUMNS FROM `l_material` [ RunTime:0.0020s ]
SQL: SHOW COLUMNS FROM `l_apply_material` [ RunTime:0.0030s ]
SQL: SHOW COLUMNS FROM `l_apply_material` [ RunTime:0.0030s ]
SQL: SHOW COLUMNS FROM `l_apply_young` [ RunTime:0.0030s ]
SQL: SHOW COLUMNS FROM `l_approve` [ RunTime:0.0020s ]
SQL: SHOW COLUMNS FROM `l_process` [ RunTime:0.0020s ]
SQL: SHOW COLUMNS FROM `l_apply_venue` [ RunTime:0.0030s ]
INFO: [ view_parse ] --START--
INFO: [ template_filter ] --START--
INFO: Run Behavior\ContentReplaceBehavior [ RunTime:0.000000s ]
INFO: [ template_filter ] --END-- [ RunTime:0.000000s ]
INFO: Run Behavior\ParseTemplateBehavior [ RunTime:0.009000s ]
INFO: [ view_parse ] --END-- [ RunTime:0.009000s ]
INFO: [ view_filter ] --START--
INFO: Run Behavior\WriteHtmlCacheBehavior [ RunTime:0.000000s ]
INFO: Run Behavior\TokenBuildBehavior [ RunTime:0.000000s ]
INFO: [ view_filter ] --END-- [ RunTime:0.001000s ]
INFO: [ app_end ] --START--
INFO: Run Behavior\ShowPageTraceBehavior [ RunTime:0.001000s ]
INFO: [ app_end ] --END-- [ RunTime:0.001000s ]

[ 2016-12-06T15:54:36+08:00 ] ::1 /apply/index.php/Home/Index/index.html?type=1&pageid=1
INFO: [ app_init ] --START--
INFO: Run Behavior\BuildLiteBehavior [ RunTime:0.000000s ]
INFO: [ app_init ] --END-- [ RunTime:0.000000s ]
INFO: [ app_begin ] --START--
INFO: Run Behavior\ReadHtmlCacheBehavior [ RunTime:0.000000s ]
INFO: [ app_begin ] --END-- [ RunTime:0.000000s ]
SQL: SHOW COLUMNS FROM `l_material` [ RunTime:0.0030s ]
SQL: SHOW COLUMNS FROM `l_apply_material` [ RunTime:0.0030s ]
SQL: SHOW COLUMNS FROM `l_apply_material` [ RunTime:0.0020s ]
SQL: SHOW COLUMNS FROM `l_apply_young` [ RunTime:0.0040s ]
SQL: SHOW COLUMNS FROM `l_approve` [ RunTime:0.0040s ]
SQL: SHOW COLUMNS FROM `l_process` [ RunTime:0.0030s ]
SQL: SHOW COLUMNS FROM `l_apply_venue` [ RunTime:0.0030s ]
SQL: SELECT COUNT(*) AS tp_count FROM `l_apply_material` WHERE ( applicant = 21 ) LIMIT 1   [ RunTime:0.0000s ]
SQL: SELECT l_apply_material.id,`theme`,`apply_code`,`qr_code`,`apply_time`,`applicant`,`isReturn`,a.isagree,u.nickname FROM `l_apply_material` LEFT JOIN l_user u on l_apply_material.applicant = u.id LEFT JOIN l_approve a on l_apply_material.id = a.aid AND a.type = 1  WHERE ( applicant = 21 ) ORDER BY a.isagree asc, apply_time desc LIMIT 0,20   [ RunTime:0.0010s ]
NOTIC: [2] Invalid argument supplied for foreach() E:\wamp\www\apply\Application\Common\Model\AmaterialModel.class.php 第 83 行.

[ 2016-12-06T15:54:36+08:00 ] ::1 /apply/index.php/Home/Index/getApplyType.html
INFO: [ app_init ] --START--
INFO: Run Behavior\BuildLiteBehavior [ RunTime:0.000000s ]
INFO: [ app_init ] --END-- [ RunTime:0.000000s ]
INFO: [ app_begin ] --START--
INFO: Run Behavior\ReadHtmlCacheBehavior [ RunTime:0.001000s ]
INFO: [ app_begin ] --END-- [ RunTime:0.001000s ]
SQL: SHOW COLUMNS FROM `l_material` [ RunTime:0.0030s ]
SQL: SHOW COLUMNS FROM `l_apply_material` [ RunTime:0.0040s ]
SQL: SHOW COLUMNS FROM `l_apply_material` [ RunTime:0.0030s ]
SQL: SHOW COLUMNS FROM `l_apply_young` [ RunTime:0.0040s ]
SQL: SHOW COLUMNS FROM `l_approve` [ RunTime:0.0030s ]
SQL: SHOW COLUMNS FROM `l_process` [ RunTime:0.0020s ]
SQL: SHOW COLUMNS FROM `l_apply_venue` [ RunTime:0.0020s ]

[ 2016-12-06T15:54:36+08:00 ] ::1 /apply/index.php/Home/Index/index.html?type=1&pageid=1
INFO: [ app_init ] --START--
INFO: Run Behavior\BuildLiteBehavior [ RunTime:0.000000s ]
INFO: [ app_init ] --END-- [ RunTime:0.000000s ]
INFO: [ app_begin ] --START--
INFO: Run Behavior\ReadHtmlCacheBehavior [ RunTime:0.000000s ]
INFO: [ app_begin ] --END-- [ RunTime:0.001000s ]
SQL: SHOW COLUMNS FROM `l_material` [ RunTime:0.0020s ]
SQL: SHOW COLUMNS FROM `l_apply_material` [ RunTime:0.0030s ]
SQL: SHOW COLUMNS FROM `l_apply_material` [ RunTime:0.0030s ]
SQL: SHOW COLUMNS FROM `l_apply_young` [ RunTime:0.0020s ]
SQL: SHOW COLUMNS FROM `l_approve` [ RunTime:0.0020s ]
SQL: SHOW COLUMNS FROM `l_process` [ RunTime:0.0030s ]
SQL: SHOW COLUMNS FROM `l_apply_venue` [ RunTime:0.0030s ]
SQL: SELECT COUNT(*) AS tp_count FROM `l_apply_material` WHERE ( applicant = 21 ) LIMIT 1   [ RunTime:0.0000s ]
SQL: SELECT l_apply_material.id,`theme`,`apply_code`,`qr_code`,`apply_time`,`applicant`,`isReturn`,a.isagree,u.nickname FROM `l_apply_material` LEFT JOIN l_user u on l_apply_material.applicant = u.id LEFT JOIN l_approve a on l_apply_material.id = a.aid AND a.type = 1  WHERE ( applicant = 21 ) ORDER BY a.isagree asc, apply_time desc LIMIT 0,20   [ RunTime:0.0010s ]
NOTIC: [2] Invalid argument supplied for foreach() E:\wamp\www\apply\Application\Common\Model\AmaterialModel.class.php 第 83 行.

[ 2016-12-06T15:54:39+08:00 ] ::1 /apply/index.php/Home/Index/index.html?type=3&pageid=1
INFO: [ app_init ] --START--
INFO: Run Behavior\BuildLiteBehavior [ RunTime:0.001000s ]
INFO: [ app_init ] --END-- [ RunTime:0.001000s ]
INFO: [ app_begin ] --START--
INFO: Run Behavior\ReadHtmlCacheBehavior [ RunTime:0.001000s ]
INFO: [ app_begin ] --END-- [ RunTime:0.001000s ]
SQL: SHOW COLUMNS FROM `l_material` [ RunTime:0.0020s ]
SQL: SHOW COLUMNS FROM `l_apply_material` [ RunTime:0.0030s ]
SQL: SHOW COLUMNS FROM `l_apply_material` [ RunTime:0.0030s ]
SQL: SHOW COLUMNS FROM `l_apply_young` [ RunTime:0.0030s ]
SQL: SHOW COLUMNS FROM `l_approve` [ RunTime:0.0030s ]
SQL: SHOW COLUMNS FROM `l_process` [ RunTime:0.0020s ]
SQL: SHOW COLUMNS FROM `l_apply_venue` [ RunTime:0.0020s ]
SQL: SELECT COUNT(*) AS tp_count FROM `l_apply_venue` WHERE ( applicant = 21 ) LIMIT 1   [ RunTime:0.0010s ]
SQL: SELECT * FROM `l_apply_venue` WHERE ( applicant = 21 ) ORDER BY apply_time desc LIMIT 0,15   [ RunTime:0.0010s ]

[ 2016-12-06T15:54:39+08:00 ] ::1 /apply/index.php/Home/Index/index.html?type=3&pageid=1
INFO: [ app_init ] --START--
INFO: Run Behavior\BuildLiteBehavior [ RunTime:0.000000s ]
INFO: [ app_init ] --END-- [ RunTime:0.001000s ]
INFO: [ app_begin ] --START--
INFO: Run Behavior\ReadHtmlCacheBehavior [ RunTime:0.001000s ]
INFO: [ app_begin ] --END-- [ RunTime:0.001000s ]
SQL: SHOW COLUMNS FROM `l_material` [ RunTime:0.0030s ]
SQL: SHOW COLUMNS FROM `l_apply_material` [ RunTime:0.0040s ]
SQL: SHOW COLUMNS FROM `l_apply_material` [ RunTime:0.0020s ]
SQL: SHOW COLUMNS FROM `l_apply_young` [ RunTime:0.0020s ]
SQL: SHOW COLUMNS FROM `l_approve` [ RunTime:0.0030s ]
SQL: SHOW COLUMNS FROM `l_process` [ RunTime:0.0030s ]
SQL: SHOW COLUMNS FROM `l_apply_venue` [ RunTime:0.0030s ]
SQL: SELECT COUNT(*) AS tp_count FROM `l_apply_venue` WHERE ( applicant = 21 ) LIMIT 1   [ RunTime:0.0010s ]
SQL: SELECT * FROM `l_apply_venue` WHERE ( applicant = 21 ) ORDER BY apply_time desc LIMIT 0,15   [ RunTime:0.0000s ]

[ 2016-12-06T15:54:46+08:00 ] ::1 /apply/index.php/Home/Index/index.html?type=2&pageid=1
INFO: [ app_init ] --START--
INFO: Run Behavior\BuildLiteBehavior [ RunTime:0.001000s ]
INFO: [ app_init ] --END-- [ RunTime:0.001000s ]
INFO: [ app_begin ] --START--
INFO: Run Behavior\ReadHtmlCacheBehavior [ RunTime:0.000000s ]
INFO: [ app_begin ] --END-- [ RunTime:0.001000s ]
SQL: SHOW COLUMNS FROM `l_material` [ RunTime:0.0020s ]
SQL: SHOW COLUMNS FROM `l_apply_material` [ RunTime:0.0030s ]
SQL: SHOW COLUMNS FROM `l_apply_material` [ RunTime:0.0020s ]
SQL: SHOW COLUMNS FROM `l_apply_young` [ RunTime:0.0020s ]
SQL: SHOW COLUMNS FROM `l_approve` [ RunTime:0.0020s ]
SQL: SHOW COLUMNS FROM `l_process` [ RunTime:0.0030s ]
SQL: SHOW COLUMNS FROM `l_apply_venue` [ RunTime:0.0030s ]
SQL: SELECT COUNT(*) AS tp_count FROM `l_apply_young` WHERE ( applicant = 21 ) LIMIT 1   [ RunTime:0.0000s ]
SQL: SELECT l_apply_young.id,`apply_code`,`qr_code`,`apply_time`,u.nickname,a.isagree FROM `l_apply_young` LEFT JOIN l_user u on l_apply_young.applicant = u.id LEFT JOIN l_approve a on a.aid = l_apply_young.id AND a.type = 2  WHERE ( applicant = 21 ) ORDER BY a.isagree asc, apply_time desc LIMIT 0,20   [ RunTime:0.0010s ]
NOTIC: [2] Invalid argument supplied for foreach() E:\wamp\www\apply\Application\Common\Model\AyoungModel.class.php 第 120 行.

[ 2016-12-06T15:54:46+08:00 ] ::1 /apply/index.php/Home/Index/index.html?type=2&pageid=1
INFO: [ app_init ] --START--
INFO: Run Behavior\BuildLiteBehavior [ RunTime:0.000000s ]
INFO: [ app_init ] --END-- [ RunTime:0.000000s ]
INFO: [ app_begin ] --START--
INFO: Run Behavior\ReadHtmlCacheBehavior [ RunTime:0.000000s ]
INFO: [ app_begin ] --END-- [ RunTime:0.000000s ]
SQL: SHOW COLUMNS FROM `l_material` [ RunTime:0.0020s ]
SQL: SHOW COLUMNS FROM `l_apply_material` [ RunTime:0.0030s ]
SQL: SHOW COLUMNS FROM `l_apply_material` [ RunTime:0.0020s ]
SQL: SHOW COLUMNS FROM `l_apply_young` [ RunTime:0.0020s ]
SQL: SHOW COLUMNS FROM `l_approve` [ RunTime:0.0020s ]
SQL: SHOW COLUMNS FROM `l_process` [ RunTime:0.0020s ]
SQL: SHOW COLUMNS FROM `l_apply_venue` [ RunTime:0.0030s ]
SQL: SELECT COUNT(*) AS tp_count FROM `l_apply_young` WHERE ( applicant = 21 ) LIMIT 1   [ RunTime:0.0000s ]
SQL: SELECT l_apply_young.id,`apply_code`,`qr_code`,`apply_time`,u.nickname,a.isagree FROM `l_apply_young` LEFT JOIN l_user u on l_apply_young.applicant = u.id LEFT JOIN l_approve a on a.aid = l_apply_young.id AND a.type = 2  WHERE ( applicant = 21 ) ORDER BY a.isagree asc, apply_time desc LIMIT 0,20   [ RunTime:0.0010s ]
NOTIC: [2] Invalid argument supplied for foreach() E:\wamp\www\apply\Application\Common\Model\AyoungModel.class.php 第 120 行.

[ 2016-12-06T15:54:48+08:00 ] ::1 /apply/index.php/Home/Index/index.html?type=1&pageid=1
INFO: [ app_init ] --START--
INFO: Run Behavior\BuildLiteBehavior [ RunTime:0.000000s ]
INFO: [ app_init ] --END-- [ RunTime:0.001000s ]
INFO: [ app_begin ] --START--
INFO: Run Behavior\ReadHtmlCacheBehavior [ RunTime:0.001000s ]
INFO: [ app_begin ] --END-- [ RunTime:0.002000s ]
SQL: SHOW COLUMNS FROM `l_material` [ RunTime:0.0050s ]
SQL: SHOW COLUMNS FROM `l_apply_material` [ RunTime:0.0020s ]
SQL: SHOW COLUMNS FROM `l_apply_material` [ RunTime:0.0020s ]
SQL: SHOW COLUMNS FROM `l_apply_young` [ RunTime:0.0020s ]
SQL: SHOW COLUMNS FROM `l_approve` [ RunTime:0.0030s ]
SQL: SHOW COLUMNS FROM `l_process` [ RunTime:0.0020s ]
SQL: SHOW COLUMNS FROM `l_apply_venue` [ RunTime:0.0030s ]
SQL: SELECT COUNT(*) AS tp_count FROM `l_apply_material` WHERE ( applicant = 21 ) LIMIT 1   [ RunTime:0.0000s ]
SQL: SELECT l_apply_material.id,`theme`,`apply_code`,`qr_code`,`apply_time`,`applicant`,`isReturn`,a.isagree,u.nickname FROM `l_apply_material` LEFT JOIN l_user u on l_apply_material.applicant = u.id LEFT JOIN l_approve a on l_apply_material.id = a.aid AND a.type = 1  WHERE ( applicant = 21 ) ORDER BY a.isagree asc, apply_time desc LIMIT 0,20   [ RunTime:0.0010s ]
NOTIC: [2] Invalid argument supplied for foreach() E:\wamp\www\apply\Application\Common\Model\AmaterialModel.class.php 第 83 行.

[ 2016-12-06T15:54:48+08:00 ] ::1 /apply/index.php/Home/Index/index.html?type=1&pageid=1
INFO: [ app_init ] --START--
INFO: Run Behavior\BuildLiteBehavior [ RunTime:0.000000s ]
INFO: [ app_init ] --END-- [ RunTime:0.000000s ]
INFO: [ app_begin ] --START--
INFO: Run Behavior\ReadHtmlCacheBehavior [ RunTime:0.000000s ]
INFO: [ app_begin ] --END-- [ RunTime:0.000000s ]
SQL: SHOW COLUMNS FROM `l_material` [ RunTime:0.0030s ]
SQL: SHOW COLUMNS FROM `l_apply_material` [ RunTime:0.0030s ]
SQL: SHOW COLUMNS FROM `l_apply_material` [ RunTime:0.0030s ]
SQL: SHOW COLUMNS FROM `l_apply_young` [ RunTime:0.0030s ]
SQL: SHOW COLUMNS FROM `l_approve` [ RunTime:0.0030s ]
SQL: SHOW COLUMNS FROM `l_process` [ RunTime:0.0030s ]
SQL: SHOW COLUMNS FROM `l_apply_venue` [ RunTime:0.0020s ]
SQL: SELECT COUNT(*) AS tp_count FROM `l_apply_material` WHERE ( applicant = 21 ) LIMIT 1   [ RunTime:0.0000s ]
SQL: SELECT l_apply_material.id,`theme`,`apply_code`,`qr_code`,`apply_time`,`applicant`,`isReturn`,a.isagree,u.nickname FROM `l_apply_material` LEFT JOIN l_user u on l_apply_material.applicant = u.id LEFT JOIN l_approve a on l_apply_material.id = a.aid AND a.type = 1  WHERE ( applicant = 21 ) ORDER BY a.isagree asc, apply_time desc LIMIT 0,20   [ RunTime:0.0010s ]
NOTIC: [2] Invalid argument supplied for foreach() E:\wamp\www\apply\Application\Common\Model\AmaterialModel.class.php 第 83 行.

[ 2016-12-06T20:59:18+08:00 ] ::1 /apply/
INFO: [ app_init ] --START--
INFO: Run Behavior\BuildLiteBehavior [ RunTime:0.000000s ]
INFO: [ app_init ] --END-- [ RunTime:0.002000s ]
INFO: [ app_begin ] --START--
INFO: Run Behavior\ReadHtmlCacheBehavior [ RunTime:0.000000s ]
INFO: [ app_begin ] --END-- [ RunTime:0.001000s ]

[ 2016-12-06T20:59:18+08:00 ] ::1 /apply/index.php/Home/Login/login.html
INFO: [ app_init ] --START--
INFO: Run Behavior\BuildLiteBehavior [ RunTime:0.000000s ]
INFO: [ app_init ] --END-- [ RunTime:0.000000s ]
INFO: [ app_begin ] --START--
INFO: Run Behavior\ReadHtmlCacheBehavior [ RunTime:0.001000s ]
INFO: [ app_begin ] --END-- [ RunTime:0.001000s ]
INFO: [ view_parse ] --START--
INFO: [ template_filter ] --START--
INFO: Run Behavior\ContentReplaceBehavior [ RunTime:0.000000s ]
INFO: [ template_filter ] --END-- [ RunTime:0.000000s ]
INFO: Run Behavior\ParseTemplateBehavior [ RunTime:0.012001s ]
INFO: [ view_parse ] --END-- [ RunTime:0.012001s ]
INFO: [ view_filter ] --START--
INFO: Run Behavior\WriteHtmlCacheBehavior [ RunTime:0.001000s ]
INFO: Run Behavior\TokenBuildBehavior [ RunTime:0.000000s ]
INFO: [ view_filter ] --END-- [ RunTime:0.001000s ]
INFO: [ app_end ] --START--
INFO: Run Behavior\ShowPageTraceBehavior [ RunTime:0.001000s ]
INFO: [ app_end ] --END-- [ RunTime:0.001000s ]

[ 2016-12-06T22:59:21+08:00 ] ::1 /apply/
INFO: [ app_init ] --START--
INFO: Run Behavior\BuildLiteBehavior [ RunTime:0.000000s ]
INFO: [ app_init ] --END-- [ RunTime:0.001000s ]
INFO: [ app_begin ] --START--
INFO: Run Behavior\ReadHtmlCacheBehavior [ RunTime:0.000000s ]
INFO: [ app_begin ] --END-- [ RunTime:0.000000s ]

[ 2016-12-06T22:59:21+08:00 ] ::1 /apply/index.php/Home/Login/login.html
INFO: [ app_init ] --START--
INFO: Run Behavior\BuildLiteBehavior [ RunTime:0.000000s ]
INFO: [ app_init ] --END-- [ RunTime:0.000000s ]
INFO: [ app_begin ] --START--
INFO: Run Behavior\ReadHtmlCacheBehavior [ RunTime:0.000000s ]
INFO: [ app_begin ] --END-- [ RunTime:0.000000s ]
INFO: [ view_parse ] --START--
INFO: [ template_filter ] --START--
INFO: Run Behavior\ContentReplaceBehavior [ RunTime:0.000000s ]
INFO: [ template_filter ] --END-- [ RunTime:0.001000s ]
INFO: Run Behavior\ParseTemplateBehavior [ RunTime:0.012001s ]
INFO: [ view_parse ] --END-- [ RunTime:0.012001s ]
INFO: [ view_filter ] --START--
INFO: Run Behavior\WriteHtmlCacheBehavior [ RunTime:0.000000s ]
INFO: Run Behavior\TokenBuildBehavior [ RunTime:0.000000s ]
INFO: [ view_filter ] --END-- [ RunTime:0.001000s ]
INFO: [ app_end ] --START--
INFO: Run Behavior\ShowPageTraceBehavior [ RunTime:0.001000s ]
INFO: [ app_end ] --END-- [ RunTime:0.001000s ]

[ 2016-12-06T22:59:55+08:00 ] 127.0.0.1 /apply/
INFO: [ app_init ] --START--
INFO: Run Behavior\BuildLiteBehavior [ RunTime:0.000000s ]
INFO: [ app_init ] --END-- [ RunTime:0.000000s ]
INFO: [ app_begin ] --START--
INFO: Run Behavior\ReadHtmlCacheBehavior [ RunTime:0.000000s ]
INFO: [ app_begin ] --END-- [ RunTime:0.000000s ]

[ 2016-12-06T22:59:56+08:00 ] 127.0.0.1 /apply/index.php/Home/Login/login.html
INFO: [ app_init ] --START--
INFO: Run Behavior\BuildLiteBehavior [ RunTime:0.000000s ]
INFO: [ app_init ] --END-- [ RunTime:0.001000s ]
INFO: [ app_begin ] --START--
INFO: Run Behavior\ReadHtmlCacheBehavior [ RunTime:0.000000s ]
INFO: [ app_begin ] --END-- [ RunTime:0.001000s ]
INFO: [ view_parse ] --START--
INFO: [ template_filter ] --START--
INFO: Run Behavior\ContentReplaceBehavior [ RunTime:0.000000s ]
INFO: [ template_filter ] --END-- [ RunTime:0.000000s ]
INFO: Run Behavior\ParseTemplateBehavior [ RunTime:0.006000s ]
INFO: [ view_parse ] --END-- [ RunTime:0.006000s ]
INFO: [ view_filter ] --START--
INFO: Run Behavior\WriteHtmlCacheBehavior [ RunTime:0.000000s ]
INFO: Run Behavior\TokenBuildBehavior [ RunTime:0.000000s ]
INFO: [ view_filter ] --END-- [ RunTime:0.002000s ]
INFO: [ app_end ] --START--
INFO: Run Behavior\ShowPageTraceBehavior [ RunTime:0.000000s ]
INFO: [ app_end ] --END-- [ RunTime:0.000000s ]

[ 2016-12-06T23:01:38+08:00 ] ::1 /apply/index.php/Home/Login/login.html
INFO: [ app_init ] --START--
INFO: Run Behavior\BuildLiteBehavior [ RunTime:0.000000s ]
INFO: [ app_init ] --END-- [ RunTime:0.001000s ]
INFO: [ app_begin ] --START--
INFO: Run Behavior\ReadHtmlCacheBehavior [ RunTime:0.001000s ]
INFO: [ app_begin ] --END-- [ RunTime:0.001000s ]
SQL: SHOW COLUMNS FROM `l_user` [ RunTime:0.0030s ]
SQL: SELECT `id`,`nickname`,`cid`,`type` FROM `l_user` WHERE `account` = '13111861017' AND `password` = 'e10adc3949ba59abbe56e057f20f883e' LIMIT 1   [ RunTime:0.0010s ]

[ 2016-12-06T23:01:38+08:00 ] ::1 /apply/index.php/Home/Index/index.html
INFO: [ app_init ] --START--
INFO: Run Behavior\BuildLiteBehavior [ RunTime:0.000000s ]
INFO: [ app_init ] --END-- [ RunTime:0.001000s ]
INFO: [ app_begin ] --START--
INFO: Run Behavior\ReadHtmlCacheBehavior [ RunTime:0.000000s ]
INFO: [ app_begin ] --END-- [ RunTime:0.000000s ]
SQL: SHOW COLUMNS FROM `l_material` [ RunTime:0.0030s ]
SQL: SHOW COLUMNS FROM `l_apply_material` [ RunTime:0.0030s ]
SQL: SHOW COLUMNS FROM `l_apply_material` [ RunTime:0.0030s ]
SQL: SHOW COLUMNS FROM `l_apply_young` [ RunTime:0.0030s ]
SQL: SHOW COLUMNS FROM `l_approve` [ RunTime:0.0030s ]
SQL: SHOW COLUMNS FROM `l_process` [ RunTime:0.0020s ]
SQL: SHOW COLUMNS FROM `l_apply_venue` [ RunTime:0.0030s ]
INFO: [ view_parse ] --START--
INFO: [ template_filter ] --START--
INFO: Run Behavior\ContentReplaceBehavior [ RunTime:0.000000s ]
INFO: [ template_filter ] --END-- [ RunTime:0.001000s ]
INFO: Run Behavior\ParseTemplateBehavior [ RunTime:0.011000s ]
INFO: [ view_parse ] --END-- [ RunTime:0.011000s ]
INFO: [ view_filter ] --START--
INFO: Run Behavior\WriteHtmlCacheBehavior [ RunTime:0.000000s ]
INFO: Run Behavior\TokenBuildBehavior [ RunTime:0.001000s ]
INFO: [ view_filter ] --END-- [ RunTime:0.001000s ]
INFO: [ app_end ] --START--
INFO: Run Behavior\ShowPageTraceBehavior [ RunTime:0.000000s ]
INFO: [ app_end ] --END-- [ RunTime:0.001000s ]

[ 2016-12-06T23:01:38+08:00 ] ::1 /apply/index.php/Home/Index/index.html?type=1&pageid=1
INFO: [ app_init ] --START--
INFO: Run Behavior\BuildLiteBehavior [ RunTime:0.000000s ]
INFO: [ app_init ] --END-- [ RunTime:0.000000s ]
INFO: [ app_begin ] --START--
INFO: Run Behavior\ReadHtmlCacheBehavior [ RunTime:0.001001s ]
INFO: [ app_begin ] --END-- [ RunTime:0.001001s ]
SQL: SHOW COLUMNS FROM `l_material` [ RunTime:0.0030s ]
SQL: SHOW COLUMNS FROM `l_apply_material` [ RunTime:0.0030s ]
SQL: SHOW COLUMNS FROM `l_apply_material` [ RunTime:0.0030s ]
SQL: SHOW COLUMNS FROM `l_apply_young` [ RunTime:0.0020s ]
SQL: SHOW COLUMNS FROM `l_approve` [ RunTime:0.0020s ]
SQL: SHOW COLUMNS FROM `l_process` [ RunTime:0.0030s ]
SQL: SHOW COLUMNS FROM `l_apply_venue` [ RunTime:0.0030s ]
SQL: SELECT COUNT(*) AS tp_count FROM `l_apply_material` WHERE ( applicant = 64 ) LIMIT 1   [ RunTime:0.0000s ]
SQL: SELECT l_apply_material.id,`theme`,`apply_code`,`qr_code`,`apply_time`,`applicant`,`isReturn`,a.isagree,u.nickname FROM `l_apply_material` LEFT JOIN l_user u on l_apply_material.applicant = u.id LEFT JOIN l_approve a on l_apply_material.id = a.aid AND a.type = 1  WHERE ( applicant = 64 ) ORDER BY a.isagree asc, apply_time desc LIMIT 0,20   [ RunTime:0.0000s ]
NOTIC: [2] Invalid argument supplied for foreach() D:\wamp\wamp\www\apply\Application\Common\Model\AmaterialModel.class.php 第 83 行.

[ 2016-12-06T23:01:38+08:00 ] ::1 /apply/index.php/Home/Index/getApplyType.html
INFO: [ app_init ] --START--
INFO: Run Behavior\BuildLiteBehavior [ RunTime:0.000000s ]
INFO: [ app_init ] --END-- [ RunTime:0.001000s ]
INFO: [ app_begin ] --START--
INFO: Run Behavior\ReadHtmlCacheBehavior [ RunTime:0.000000s ]
INFO: [ app_begin ] --END-- [ RunTime:0.001000s ]
SQL: SHOW COLUMNS FROM `l_material` [ RunTime:0.0030s ]
SQL: SHOW COLUMNS FROM `l_apply_material` [ RunTime:0.0030s ]
SQL: SHOW COLUMNS FROM `l_apply_material` [ RunTime:0.0030s ]
SQL: SHOW COLUMNS FROM `l_apply_young` [ RunTime:0.0030s ]
SQL: SHOW COLUMNS FROM `l_approve` [ RunTime:0.0020s ]
SQL: SHOW COLUMNS FROM `l_process` [ RunTime:0.0030s ]
SQL: SHOW COLUMNS FROM `l_apply_venue` [ RunTime:0.0030s ]

[ 2016-12-06T23:01:49+08:00 ] ::1 /apply/index.php/Home/Index/index.html?type=3&pageid=1
INFO: [ app_init ] --START--
INFO: Run Behavior\BuildLiteBehavior [ RunTime:0.000000s ]
INFO: [ app_init ] --END-- [ RunTime:0.001000s ]
INFO: [ app_begin ] --START--
INFO: Run Behavior\ReadHtmlCacheBehavior [ RunTime:0.000000s ]
INFO: [ app_begin ] --END-- [ RunTime:0.000000s ]
SQL: SHOW COLUMNS FROM `l_material` [ RunTime:0.0030s ]
SQL: SHOW COLUMNS FROM `l_apply_material` [ RunTime:0.0030s ]
SQL: SHOW COLUMNS FROM `l_apply_material` [ RunTime:0.0020s ]
SQL: SHOW COLUMNS FROM `l_apply_young` [ RunTime:0.0020s ]
SQL: SHOW COLUMNS FROM `l_approve` [ RunTime:0.0030s ]
SQL: SHOW COLUMNS FROM `l_process` [ RunTime:0.0020s ]
SQL: SHOW COLUMNS FROM `l_apply_venue` [ RunTime:0.0030s ]
SQL: SELECT COUNT(*) AS tp_count FROM `l_apply_venue` WHERE ( applicant = 64 ) LIMIT 1   [ RunTime:0.0000s ]
SQL: SELECT * FROM `l_apply_venue` WHERE ( applicant = 64 ) ORDER BY apply_time desc LIMIT 0,15   [ RunTime:0.0010s ]

[ 2016-12-06T23:01:50+08:00 ] ::1 /apply/index.php/Home/Index/index.html?type=2&pageid=1
INFO: [ app_init ] --START--
INFO: Run Behavior\BuildLiteBehavior [ RunTime:0.000000s ]
INFO: [ app_init ] --END-- [ RunTime:0.001000s ]
INFO: [ app_begin ] --START--
INFO: Run Behavior\ReadHtmlCacheBehavior [ RunTime:0.000000s ]
INFO: [ app_begin ] --END-- [ RunTime:0.000000s ]
SQL: SHOW COLUMNS FROM `l_material` [ RunTime:0.0030s ]
SQL: SHOW COLUMNS FROM `l_apply_material` [ RunTime:0.0030s ]
SQL: SHOW COLUMNS FROM `l_apply_material` [ RunTime:0.0030s ]
SQL: SHOW COLUMNS FROM `l_apply_young` [ RunTime:0.0030s ]
SQL: SHOW COLUMNS FROM `l_approve` [ RunTime:0.0020s ]
SQL: SHOW COLUMNS FROM `l_process` [ RunTime:0.0020s ]
SQL: SHOW COLUMNS FROM `l_apply_venue` [ RunTime:0.0030s ]
SQL: SELECT COUNT(*) AS tp_count FROM `l_apply_young` WHERE ( applicant = 64 ) LIMIT 1   [ RunTime:0.0000s ]
SQL: SELECT l_apply_young.id,`apply_code`,`qr_code`,`apply_time`,u.nickname,a.isagree FROM `l_apply_young` LEFT JOIN l_user u on l_apply_young.applicant = u.id LEFT JOIN l_approve a on a.aid = l_apply_young.id AND a.type = 2  WHERE ( applicant = 64 ) ORDER BY a.isagree asc, apply_time desc LIMIT 0,20   [ RunTime:0.0010s ]
NOTIC: [2] Invalid argument supplied for foreach() D:\wamp\wamp\www\apply\Application\Common\Model\AyoungModel.class.php 第 120 行.

[ 2016-12-06T23:01:52+08:00 ] ::1 /apply/index.php/Home/Index/applySite.html
INFO: [ app_init ] --START--
INFO: Run Behavior\BuildLiteBehavior [ RunTime:0.000000s ]
INFO: [ app_init ] --END-- [ RunTime:0.000000s ]
INFO: [ app_begin ] --START--
INFO: Run Behavior\ReadHtmlCacheBehavior [ RunTime:0.001000s ]
INFO: [ app_begin ] --END-- [ RunTime:0.001000s ]
SQL: SHOW COLUMNS FROM `l_material` [ RunTime:0.0030s ]
SQL: SHOW COLUMNS FROM `l_apply_material` [ RunTime:0.0020s ]
SQL: SHOW COLUMNS FROM `l_apply_material` [ RunTime:0.0030s ]
SQL: SHOW COLUMNS FROM `l_apply_young` [ RunTime:0.0020s ]
SQL: SHOW COLUMNS FROM `l_approve` [ RunTime:0.0020s ]
SQL: SHOW COLUMNS FROM `l_process` [ RunTime:0.0020s ]
SQL: SHOW COLUMNS FROM `l_apply_venue` [ RunTime:0.0020s ]
INFO: [ view_parse ] --START--
INFO: [ template_filter ] --START--
INFO: Run Behavior\ContentReplaceBehavior [ RunTime:0.000000s ]
INFO: [ template_filter ] --END-- [ RunTime:0.001000s ]
NOTIC: [8] Undefined variable: data D:\wamp\wamp\www\apply\Application\Runtime\Cache\Home\883047aeb9fec54e7cfcecf69f4c2f77.php 第 66 行.
NOTIC: [8] Undefined variable: data D:\wamp\wamp\www\apply\Application\Runtime\Cache\Home\883047aeb9fec54e7cfcecf69f4c2f77.php 第 66 行.
NOTIC: [8] Undefined variable: data D:\wamp\wamp\www\apply\Application\Runtime\Cache\Home\883047aeb9fec54e7cfcecf69f4c2f77.php 第 72 行.
NOTIC: [8] Undefined variable: data D:\wamp\wamp\www\apply\Application\Runtime\Cache\Home\883047aeb9fec54e7cfcecf69f4c2f77.php 第 88 行.
NOTIC: [8] Undefined variable: data D:\wamp\wamp\www\apply\Application\Runtime\Cache\Home\883047aeb9fec54e7cfcecf69f4c2f77.php 第 88 行.
NOTIC: [8] Undefined variable: data D:\wamp\wamp\www\apply\Application\Runtime\Cache\Home\883047aeb9fec54e7cfcecf69f4c2f77.php 第 96 行.
NOTIC: [8] Undefined variable: data D:\wamp\wamp\www\apply\Application\Runtime\Cache\Home\883047aeb9fec54e7cfcecf69f4c2f77.php 第 96 行.
NOTIC: [8] Undefined variable: data D:\wamp\wamp\www\apply\Application\Runtime\Cache\Home\883047aeb9fec54e7cfcecf69f4c2f77.php 第 100 行.
NOTIC: [8] Undefined variable: data D:\wamp\wamp\www\apply\Application\Runtime\Cache\Home\883047aeb9fec54e7cfcecf69f4c2f77.php 第 120 行.
NOTIC: [8] Undefined variable: data D:\wamp\wamp\www\apply\Application\Runtime\Cache\Home\883047aeb9fec54e7cfcecf69f4c2f77.php 第 130 行.
NOTIC: [8] Undefined variable: data D:\wamp\wamp\www\apply\Application\Runtime\Cache\Home\883047aeb9fec54e7cfcecf69f4c2f77.php 第 140 行.
NOTIC: [8] Undefined variable: data D:\wamp\wamp\www\apply\Application\Runtime\Cache\Home\883047aeb9fec54e7cfcecf69f4c2f77.php 第 140 行.
NOTIC: [8] Undefined variable: data D:\wamp\wamp\www\apply\Application\Runtime\Cache\Home\883047aeb9fec54e7cfcecf69f4c2f77.php 第 146 行.
NOTIC: [8] Undefined variable: data D:\wamp\wamp\www\apply\Application\Runtime\Cache\Home\883047aeb9fec54e7cfcecf69f4c2f77.php 第 162 行.
NOTIC: [8] Undefined variable: data D:\wamp\wamp\www\apply\Application\Runtime\Cache\Home\883047aeb9fec54e7cfcecf69f4c2f77.php 第 168 行.
NOTIC: [8] Undefined variable: data D:\wamp\wamp\www\apply\Application\Runtime\Cache\Home\883047aeb9fec54e7cfcecf69f4c2f77.php 第 168 行.
NOTIC: [8] Undefined variable: data D:\wamp\wamp\www\apply\Application\Runtime\Cache\Home\883047aeb9fec54e7cfcecf69f4c2f77.php 第 179 行.
INFO: Run Behavior\ParseTemplateBehavior [ RunTime:0.023001s ]
INFO: [ view_parse ] --END-- [ RunTime:0.024002s ]
INFO: [ view_filter ] --START--
INFO: Run Behavior\WriteHtmlCacheBehavior [ RunTime:0.001000s ]
INFO: Run Behavior\TokenBuildBehavior [ RunTime:0.000000s ]
INFO: [ view_filter ] --END-- [ RunTime:0.001000s ]
INFO: [ app_end ] --START--
INFO: Run Behavior\ShowPageTraceBehavior [ RunTime:0.000000s ]
INFO: [ app_end ] --END-- [ RunTime:0.001000s ]

[ 2016-12-06T23:02:56+08:00 ] ::1 /apply/index.php/Home/Index/uploadPoster.html
INFO: [ app_init ] --START--
INFO: Run Behavior\BuildLiteBehavior [ RunTime:0.000000s ]
INFO: [ app_init ] --END-- [ RunTime:0.000000s ]
INFO: [ app_begin ] --START--
INFO: Run Behavior\ReadHtmlCacheBehavior [ RunTime:0.000000s ]
INFO: [ app_begin ] --END-- [ RunTime:0.000000s ]
SQL: SHOW COLUMNS FROM `l_material` [ RunTime:0.0030s ]
SQL: SHOW COLUMNS FROM `l_apply_material` [ RunTime:0.0030s ]
SQL: SHOW COLUMNS FROM `l_apply_material` [ RunTime:0.0020s ]
SQL: SHOW COLUMNS FROM `l_apply_young` [ RunTime:0.0020s ]
SQL: SHOW COLUMNS FROM `l_approve` [ RunTime:0.0030s ]
SQL: SHOW COLUMNS FROM `l_process` [ RunTime:0.0020s ]
SQL: SHOW COLUMNS FROM `l_apply_venue` [ RunTime:0.0020s ]
NOTIC: [2] call_user_func() expects parameter 1 to be a valid callback, no array or string given D:\wamp\wamp\www\apply\ThinkPHP\Library\Think\Upload.class.php 第 170 行.
INFO: [ app_end ] --START--
INFO: Run Behavior\ShowPageTraceBehavior [ RunTime:0.001000s ]
INFO: [ app_end ] --END-- [ RunTime:0.002000s ]

[ 2016-12-06T23:03:04+08:00 ] ::1 /apply/index.php/Home/Index/uploadPoster.html
INFO: [ app_init ] --START--
INFO: Run Behavior\BuildLiteBehavior [ RunTime:0.000000s ]
INFO: [ app_init ] --END-- [ RunTime:0.000000s ]
INFO: [ app_begin ] --START--
INFO: Run Behavior\ReadHtmlCacheBehavior [ RunTime:0.001000s ]
INFO: [ app_begin ] --END-- [ RunTime:0.001000s ]
SQL: SHOW COLUMNS FROM `l_material` [ RunTime:0.0030s ]
SQL: SHOW COLUMNS FROM `l_apply_material` [ RunTime:0.0030s ]
SQL: SHOW COLUMNS FROM `l_apply_material` [ RunTime:0.0030s ]
SQL: SHOW COLUMNS FROM `l_apply_young` [ RunTime:0.0030s ]
SQL: SHOW COLUMNS FROM `l_approve` [ RunTime:0.0030s ]
SQL: SHOW COLUMNS FROM `l_process` [ RunTime:0.0030s ]
SQL: SHOW COLUMNS FROM `l_apply_venue` [ RunTime:0.0030s ]
NOTIC: [2] call_user_func() expects parameter 1 to be a valid callback, no array or string given D:\wamp\wamp\www\apply\ThinkPHP\Library\Think\Upload.class.php 第 170 行.
INFO: [ app_end ] --START--
INFO: Run Behavior\ShowPageTraceBehavior [ RunTime:0.000000s ]
INFO: [ app_end ] --END-- [ RunTime:0.000000s ]

[ 2016-12-06T23:03:16+08:00 ] ::1 /apply/index.php/Home/Index/applySite.html
INFO: [ app_init ] --START--
INFO: Run Behavior\BuildLiteBehavior [ RunTime:0.000000s ]
INFO: [ app_init ] --END-- [ RunTime:0.001000s ]
INFO: [ app_begin ] --START--
INFO: Run Behavior\ReadHtmlCacheBehavior [ RunTime:0.000000s ]
INFO: [ app_begin ] --END-- [ RunTime:0.001000s ]
SQL: SHOW COLUMNS FROM `l_material` [ RunTime:0.0020s ]
SQL: SHOW COLUMNS FROM `l_apply_material` [ RunTime:0.0020s ]
SQL: SHOW COLUMNS FROM `l_apply_material` [ RunTime:0.0020s ]
SQL: SHOW COLUMNS FROM `l_apply_young` [ RunTime:0.0030s ]
SQL: SHOW COLUMNS FROM `l_approve` [ RunTime:0.0030s ]
SQL: SHOW COLUMNS FROM `l_process` [ RunTime:0.0020s ]
SQL: SHOW COLUMNS FROM `l_apply_venue` [ RunTime:0.0020s ]
NOTIC: [8] Undefined index: validate D:\wamp\wamp\www\apply\ThinkPHP\Library\Think\Model.class.php 第 1185 行.
NOTIC: [8] Undefined index: auto D:\wamp\wamp\www\apply\ThinkPHP\Library\Think\Model.class.php 第 1128 行.
NOTIC: [2] Missing argument 1 for Common\Model\VenueModel::apply_code() D:\wamp\wamp\www\apply\Application\Common\Model\VenueModel.class.php 第 52 行.
NOTIC: [2] call_user_func() expects parameter 1 to be a valid callback, no array or string given D:\wamp\wamp\www\apply\ThinkPHP\Library\Think\Upload.class.php 第 170 行.
SQL: INSERT INTO `l_apply_venue` (`theme`,`phone`,`number`,`place`,`stime`,`etime`,`board`,`remark`,`apply_code`,`qr_code`,`cid`,`type`,`apply_time`,`plan`,`applicant`) VALUES ('社团测试by软件','13515151515','3','天上人间','2016-12-06 13:00','2016-12-06 18:00','2016-12-06/5846d32013430.jpg,2016-12-06/5846d32828206.jpg','test','201612061981','201612061981.png','21','2','2016-12-06 23:03:16','2016-12-06/5846d334a2dc1.zip','64') [ RunTime:0.0010s ]

[ 2016-12-06T23:03:18+08:00 ] ::1 /apply/index.php/Home/Index/applySite.html
INFO: [ app_init ] --START--
INFO: Run Behavior\BuildLiteBehavior [ RunTime:0.000000s ]
INFO: [ app_init ] --END-- [ RunTime:0.000000s ]
INFO: [ app_begin ] --START--
INFO: Run Behavior\ReadHtmlCacheBehavior [ RunTime:0.000000s ]
INFO: [ app_begin ] --END-- [ RunTime:0.000000s ]
SQL: SHOW COLUMNS FROM `l_material` [ RunTime:0.0030s ]
SQL: SHOW COLUMNS FROM `l_apply_material` [ RunTime:0.0030s ]
SQL: SHOW COLUMNS FROM `l_apply_material` [ RunTime:0.0030s ]
SQL: SHOW COLUMNS FROM `l_apply_young` [ RunTime:0.0020s ]
SQL: SHOW COLUMNS FROM `l_approve` [ RunTime:0.0030s ]
SQL: SHOW COLUMNS FROM `l_process` [ RunTime:0.0030s ]
SQL: SHOW COLUMNS FROM `l_apply_venue` [ RunTime:0.0030s ]
INFO: [ view_parse ] --START--
INFO: [ template_filter ] --START--
INFO: Run Behavior\ContentReplaceBehavior [ RunTime:0.000000s ]
INFO: [ template_filter ] --END-- [ RunTime:0.000000s ]
NOTIC: [8] Undefined variable: data D:\wamp\wamp\www\apply\Application\Runtime\Cache\Home\883047aeb9fec54e7cfcecf69f4c2f77.php 第 66 行.
NOTIC: [8] Undefined variable: data D:\wamp\wamp\www\apply\Application\Runtime\Cache\Home\883047aeb9fec54e7cfcecf69f4c2f77.php 第 66 行.
NOTIC: [8] Undefined variable: data D:\wamp\wamp\www\apply\Application\Runtime\Cache\Home\883047aeb9fec54e7cfcecf69f4c2f77.php 第 72 行.
NOTIC: [8] Undefined variable: data D:\wamp\wamp\www\apply\Application\Runtime\Cache\Home\883047aeb9fec54e7cfcecf69f4c2f77.php 第 88 行.
NOTIC: [8] Undefined variable: data D:\wamp\wamp\www\apply\Application\Runtime\Cache\Home\883047aeb9fec54e7cfcecf69f4c2f77.php 第 88 行.
NOTIC: [8] Undefined variable: data D:\wamp\wamp\www\apply\Application\Runtime\Cache\Home\883047aeb9fec54e7cfcecf69f4c2f77.php 第 96 行.
NOTIC: [8] Undefined variable: data D:\wamp\wamp\www\apply\Application\Runtime\Cache\Home\883047aeb9fec54e7cfcecf69f4c2f77.php 第 96 行.
NOTIC: [8] Undefined variable: data D:\wamp\wamp\www\apply\Application\Runtime\Cache\Home\883047aeb9fec54e7cfcecf69f4c2f77.php 第 100 行.
NOTIC: [8] Undefined variable: data D:\wamp\wamp\www\apply\Application\Runtime\Cache\Home\883047aeb9fec54e7cfcecf69f4c2f77.php 第 120 行.
NOTIC: [8] Undefined variable: data D:\wamp\wamp\www\apply\Application\Runtime\Cache\Home\883047aeb9fec54e7cfcecf69f4c2f77.php 第 130 行.
NOTIC: [8] Undefined variable: data D:\wamp\wamp\www\apply\Application\Runtime\Cache\Home\883047aeb9fec54e7cfcecf69f4c2f77.php 第 140 行.
NOTIC: [8] Undefined variable: data D:\wamp\wamp\www\apply\Application\Runtime\Cache\Home\883047aeb9fec54e7cfcecf69f4c2f77.php 第 140 行.
NOTIC: [8] Undefined variable: data D:\wamp\wamp\www\apply\Application\Runtime\Cache\Home\883047aeb9fec54e7cfcecf69f4c2f77.php 第 146 行.
NOTIC: [8] Undefined variable: data D:\wamp\wamp\www\apply\Application\Runtime\Cache\Home\883047aeb9fec54e7cfcecf69f4c2f77.php 第 162 行.
NOTIC: [8] Undefined variable: data D:\wamp\wamp\www\apply\Application\Runtime\Cache\Home\883047aeb9fec54e7cfcecf69f4c2f77.php 第 168 行.
NOTIC: [8] Undefined variable: data D:\wamp\wamp\www\apply\Application\Runtime\Cache\Home\883047aeb9fec54e7cfcecf69f4c2f77.php 第 168 行.
NOTIC: [8] Undefined variable: data D:\wamp\wamp\www\apply\Application\Runtime\Cache\Home\883047aeb9fec54e7cfcecf69f4c2f77.php 第 179 行.
INFO: Run Behavior\ParseTemplateBehavior [ RunTime:0.023001s ]
INFO: [ view_parse ] --END-- [ RunTime:0.023001s ]
INFO: [ view_filter ] --START--
INFO: Run Behavior\WriteHtmlCacheBehavior [ RunTime:0.000000s ]
INFO: Run Behavior\TokenBuildBehavior [ RunTime:0.001000s ]
INFO: [ view_filter ] --END-- [ RunTime:0.002000s ]
INFO: [ app_end ] --START--
INFO: Run Behavior\ShowPageTraceBehavior [ RunTime:0.001000s ]
INFO: [ app_end ] --END-- [ RunTime:0.001000s ]

[ 2016-12-06T23:03:38+08:00 ] 127.0.0.1 /apply/
INFO: [ app_init ] --START--
INFO: Run Behavior\BuildLiteBehavior [ RunTime:0.000000s ]
INFO: [ app_init ] --END-- [ RunTime:0.001000s ]
INFO: [ app_begin ] --START--
INFO: Run Behavior\ReadHtmlCacheBehavior [ RunTime:0.000000s ]
INFO: [ app_begin ] --END-- [ RunTime:0.001000s ]

[ 2016-12-06T23:03:39+08:00 ] 127.0.0.1 /apply/index.php/Home/Login/login.html
INFO: [ app_init ] --START--
INFO: Run Behavior\BuildLiteBehavior [ RunTime:0.000000s ]
INFO: [ app_init ] --END-- [ RunTime:0.001000s ]
INFO: [ app_begin ] --START--
INFO: Run Behavior\ReadHtmlCacheBehavior [ RunTime:0.001000s ]
INFO: [ app_begin ] --END-- [ RunTime:0.001000s ]
INFO: [ view_parse ] --START--
INFO: [ template_filter ] --START--
INFO: Run Behavior\ContentReplaceBehavior [ RunTime:0.000000s ]
INFO: [ template_filter ] --END-- [ RunTime:0.000000s ]
INFO: Run Behavior\ParseTemplateBehavior [ RunTime:0.006001s ]
INFO: [ view_parse ] --END-- [ RunTime:0.007001s ]
INFO: [ view_filter ] --START--
INFO: Run Behavior\WriteHtmlCacheBehavior [ RunTime:0.000000s ]
INFO: Run Behavior\TokenBuildBehavior [ RunTime:0.001000s ]
INFO: [ view_filter ] --END-- [ RunTime:0.001000s ]
INFO: [ app_end ] --START--
INFO: Run Behavior\ShowPageTraceBehavior [ RunTime:0.000000s ]
INFO: [ app_end ] --END-- [ RunTime:0.001000s ]

[ 2016-12-06T23:04:41+08:00 ] 127.0.0.1 /apply/
INFO: [ app_init ] --START--
INFO: Run Behavior\BuildLiteBehavior [ RunTime:0.000000s ]
INFO: [ app_init ] --END-- [ RunTime:0.000000s ]
INFO: [ app_begin ] --START--
INFO: Run Behavior\ReadHtmlCacheBehavior [ RunTime:0.001000s ]
INFO: [ app_begin ] --END-- [ RunTime:0.001000s ]

[ 2016-12-06T23:04:41+08:00 ] 127.0.0.1 /apply/index.php/Home/Login/login.html
INFO: [ app_init ] --START--
INFO: Run Behavior\BuildLiteBehavior [ RunTime:0.000000s ]
INFO: [ app_init ] --END-- [ RunTime:0.000000s ]
INFO: [ app_begin ] --START--
INFO: Run Behavior\ReadHtmlCacheBehavior [ RunTime:0.001000s ]
INFO: [ app_begin ] --END-- [ RunTime:0.001000s ]
INFO: [ view_parse ] --START--
INFO: [ template_filter ] --START--
INFO: Run Behavior\ContentReplaceBehavior [ RunTime:0.001000s ]
INFO: [ template_filter ] --END-- [ RunTime:0.001000s ]
INFO: Run Behavior\ParseTemplateBehavior [ RunTime:0.012001s ]
INFO: [ view_parse ] --END-- [ RunTime:0.012001s ]
INFO: [ view_filter ] --START--
INFO: Run Behavior\WriteHtmlCacheBehavior [ RunTime:0.000000s ]
INFO: Run Behavior\TokenBuildBehavior [ RunTime:0.001000s ]
INFO: [ view_filter ] --END-- [ RunTime:0.001000s ]
INFO: [ app_end ] --START--
INFO: Run Behavior\ShowPageTraceBehavior [ RunTime:0.001000s ]
INFO: [ app_end ] --END-- [ RunTime:0.001000s ]

[ 2016-12-06T23:05:20+08:00 ] ::1 /apply/
INFO: [ app_init ] --START--
INFO: Run Behavior\BuildLiteBehavior [ RunTime:0.000000s ]
INFO: [ app_init ] --END-- [ RunTime:0.000000s ]
INFO: [ app_begin ] --START--
INFO: Run Behavior\ReadHtmlCacheBehavior [ RunTime:0.000000s ]
INFO: [ app_begin ] --END-- [ RunTime:0.000000s ]
SQL: SHOW COLUMNS FROM `l_material` [ RunTime:0.0030s ]
SQL: SHOW COLUMNS FROM `l_apply_material` [ RunTime:0.0030s ]
SQL: SHOW COLUMNS FROM `l_apply_material` [ RunTime:0.0030s ]
SQL: SHOW COLUMNS FROM `l_apply_young` [ RunTime:0.0030s ]
SQL: SHOW COLUMNS FROM `l_approve` [ RunTime:0.0020s ]
SQL: SHOW COLUMNS FROM `l_process` [ RunTime:0.0020s ]
SQL: SHOW COLUMNS FROM `l_apply_venue` [ RunTime:0.0020s ]
INFO: [ view_parse ] --START--
INFO: [ template_filter ] --START--
INFO: Run Behavior\ContentReplaceBehavior [ RunTime:0.000000s ]
INFO: [ template_filter ] --END-- [ RunTime:0.000000s ]
INFO: Run Behavior\ParseTemplateBehavior [ RunTime:0.012001s ]
INFO: [ view_parse ] --END-- [ RunTime:0.012001s ]
INFO: [ view_filter ] --START--
INFO: Run Behavior\WriteHtmlCacheBehavior [ RunTime:0.001000s ]
INFO: Run Behavior\TokenBuildBehavior [ RunTime:0.000000s ]
INFO: [ view_filter ] --END-- [ RunTime:0.001000s ]
INFO: [ app_end ] --START--
INFO: Run Behavior\ShowPageTraceBehavior [ RunTime:0.000000s ]
INFO: [ app_end ] --END-- [ RunTime:0.000000s ]

[ 2016-12-06T23:05:20+08:00 ] ::1 /apply/index.php/Home/Index/getApplyType.html
INFO: [ app_init ] --START--
INFO: Run Behavior\BuildLiteBehavior [ RunTime:0.000000s ]
INFO: [ app_init ] --END-- [ RunTime:0.001000s ]
INFO: [ app_begin ] --START--
INFO: Run Behavior\ReadHtmlCacheBehavior [ RunTime:0.000000s ]
INFO: [ app_begin ] --END-- [ RunTime:0.001000s ]
SQL: SHOW COLUMNS FROM `l_material` [ RunTime:0.0030s ]
SQL: SHOW COLUMNS FROM `l_apply_material` [ RunTime:0.0030s ]
SQL: SHOW COLUMNS FROM `l_apply_material` [ RunTime:0.0030s ]
SQL: SHOW COLUMNS FROM `l_apply_young` [ RunTime:0.0030s ]
SQL: SHOW COLUMNS FROM `l_approve` [ RunTime:0.0020s ]
SQL: SHOW COLUMNS FROM `l_process` [ RunTime:0.0030s ]
SQL: SHOW COLUMNS FROM `l_apply_venue` [ RunTime:0.0030s ]

[ 2016-12-06T23:05:20+08:00 ] ::1 /apply/index.php/Home/Index/index.html?type=1&pageid=1
INFO: [ app_init ] --START--
INFO: Run Behavior\BuildLiteBehavior [ RunTime:0.000000s ]
INFO: [ app_init ] --END-- [ RunTime:0.001000s ]
INFO: [ app_begin ] --START--
INFO: Run Behavior\ReadHtmlCacheBehavior [ RunTime:0.000000s ]
INFO: [ app_begin ] --END-- [ RunTime:0.001000s ]
SQL: SHOW COLUMNS FROM `l_material` [ RunTime:0.0040s ]
SQL: SHOW COLUMNS FROM `l_apply_material` [ RunTime:0.0020s ]
SQL: SHOW COLUMNS FROM `l_apply_material` [ RunTime:0.0030s ]
SQL: SHOW COLUMNS FROM `l_apply_young` [ RunTime:0.0020s ]
SQL: SHOW COLUMNS FROM `l_approve` [ RunTime:0.0040s ]
SQL: SHOW COLUMNS FROM `l_process` [ RunTime:0.0030s ]
SQL: SHOW COLUMNS FROM `l_apply_venue` [ RunTime:0.0030s ]
SQL: SELECT COUNT(*) AS tp_count FROM `l_apply_material` WHERE ( applicant = 64 ) LIMIT 1   [ RunTime:0.0000s ]
SQL: SELECT l_apply_material.id,`theme`,`apply_code`,`qr_code`,`apply_time`,`applicant`,`isReturn`,a.isagree,u.nickname FROM `l_apply_material` LEFT JOIN l_user u on l_apply_material.applicant = u.id LEFT JOIN l_approve a on l_apply_material.id = a.aid AND a.type = 1  WHERE ( applicant = 64 ) ORDER BY a.isagree asc, apply_time desc LIMIT 0,20   [ RunTime:0.0010s ]
NOTIC: [2] Invalid argument supplied for foreach() D:\wamp\wamp\www\apply\Application\Common\Model\AmaterialModel.class.php 第 83 行.

[ 2016-12-06T23:05:59+08:00 ] ::1 /apply/
INFO: [ app_init ] --START--
INFO: Run Behavior\BuildLiteBehavior [ RunTime:0.000000s ]
INFO: [ app_init ] --END-- [ RunTime:0.001000s ]
INFO: [ app_begin ] --START--
INFO: Run Behavior\ReadHtmlCacheBehavior [ RunTime:0.000000s ]
INFO: [ app_begin ] --END-- [ RunTime:0.000000s ]

[ 2016-12-06T23:05:59+08:00 ] ::1 /apply/index.php/Home/Login/login.html
INFO: [ app_init ] --START--
INFO: Run Behavior\BuildLiteBehavior [ RunTime:0.000000s ]
INFO: [ app_init ] --END-- [ RunTime:0.001000s ]
INFO: [ app_begin ] --START--
INFO: Run Behavior\ReadHtmlCacheBehavior [ RunTime:0.001000s ]
INFO: [ app_begin ] --END-- [ RunTime:0.001000s ]
INFO: [ view_parse ] --START--
INFO: [ template_filter ] --START--
INFO: Run Behavior\ContentReplaceBehavior [ RunTime:0.000000s ]
INFO: [ template_filter ] --END-- [ RunTime:0.000000s ]
INFO: Run Behavior\ParseTemplateBehavior [ RunTime:0.006001s ]
INFO: [ view_parse ] --END-- [ RunTime:0.007001s ]
INFO: [ view_filter ] --START--
INFO: Run Behavior\WriteHtmlCacheBehavior [ RunTime:0.000000s ]
INFO: Run Behavior\TokenBuildBehavior [ RunTime:0.001000s ]
INFO: [ view_filter ] --END-- [ RunTime:0.001000s ]
INFO: [ app_end ] --START--
INFO: Run Behavior\ShowPageTraceBehavior [ RunTime:0.001000s ]
INFO: [ app_end ] --END-- [ RunTime:0.001000s ]

