[ 2016-12-03T23:52:16+08:00 ] ::1 /apply/index.php/admin/apply
INFO: [ app_init ] --START--
INFO: Run Behavior\BuildLiteBehavior [ RunTime:0.000000s ]
INFO: [ app_init ] --END-- [ RunTime:0.001000s ]
INFO: [ app_begin ] --START--
INFO: Run Behavior\ReadHtmlCacheBehavior [ RunTime:0.001000s ]
INFO: [ app_begin ] --END-- [ RunTime:0.001000s ]

[ 2016-12-03T23:52:16+08:00 ] ::1 /apply/index.php/Admin/Login/index.html
INFO: [ app_init ] --START--
INFO: Run Behavior\BuildLiteBehavior [ RunTime:0.000000s ]
INFO: [ app_init ] --END-- [ RunTime:0.000000s ]
INFO: [ app_begin ] --START--
INFO: Run Behavior\ReadHtmlCacheBehavior [ RunTime:0.000000s ]
INFO: [ app_begin ] --END-- [ RunTime:0.001000s ]
SQL: SHOW COLUMNS FROM `l_admin_user` [ RunTime:0.0030s ]
SQL: SHOW COLUMNS FROM `l_role_user` [ RunTime:0.0030s ]
INFO: [ view_parse ] --START--
INFO: [ template_filter ] --START--
INFO: Run Behavior\ContentReplaceBehavior [ RunTime:0.001000s ]
INFO: [ template_filter ] --END-- [ RunTime:0.001000s ]
INFO: Run Behavior\ParseTemplateBehavior [ RunTime:0.007001s ]
INFO: [ view_parse ] --END-- [ RunTime:0.007001s ]
INFO: [ view_filter ] --START--
INFO: Run Behavior\WriteHtmlCacheBehavior [ RunTime:0.001000s ]
INFO: [ view_filter ] --END-- [ RunTime:0.001000s ]
INFO: [ app_end ] --START--
INFO: Run Behavior\ShowPageTraceBehavior [ RunTime:0.000000s ]
INFO: [ app_end ] --END-- [ RunTime:0.001000s ]

[ 2016-12-03T23:52:17+08:00 ] ::1 /apply/index.php/Admin/Login/favicon.ico
INFO: [ app_init ] --START--
INFO: Run Behavior\BuildLiteBehavior [ RunTime:0.000000s ]
INFO: [ app_init ] --END-- [ RunTime:0.000000s ]

[ 2016-12-03T23:52:19+08:00 ] ::1 /apply/index.php/Admin/Login/login.html
INFO: [ app_init ] --START--
INFO: Run Behavior\BuildLiteBehavior [ RunTime:0.001000s ]
INFO: [ app_init ] --END-- [ RunTime:0.001000s ]
INFO: [ app_begin ] --START--
INFO: Run Behavior\ReadHtmlCacheBehavior [ RunTime:0.000000s ]
INFO: [ app_begin ] --END-- [ RunTime:0.001000s ]
SQL: SHOW COLUMNS FROM `l_admin_user` [ RunTime:0.0020s ]
SQL: SHOW COLUMNS FROM `l_role_user` [ RunTime:0.0030s ]
SQL: SELECT * FROM `l_admin_user` WHERE `account` = 'admin' AND `password` = 'e10adc3949ba59abbe56e057f20f883e' AND `status` = 1 LIMIT 1   [ RunTime:0.0010s ]
SQL: SELECT `role_id` FROM `l_role_user` WHERE `user_id` = '1'  [ RunTime:0.0010s ]

[ 2016-12-03T23:52:19+08:00 ] ::1 /apply/index.php/Admin/Apply/index.html
INFO: [ app_init ] --START--
INFO: Run Behavior\BuildLiteBehavior [ RunTime:0.000000s ]
INFO: [ app_init ] --END-- [ RunTime:0.001000s ]
INFO: [ app_begin ] --START--
INFO: Run Behavior\ReadHtmlCacheBehavior [ RunTime:0.000000s ]
INFO: [ app_begin ] --END-- [ RunTime:0.002000s ]
INFO: [ view_parse ] --START--
INFO: [ template_filter ] --START--
INFO: Run Behavior\ContentReplaceBehavior [ RunTime:0.000000s ]
INFO: [ template_filter ] --END-- [ RunTime:0.000000s ]
INFO: Run Behavior\ParseTemplateBehavior [ RunTime:0.011001s ]
INFO: [ view_parse ] --END-- [ RunTime:0.011001s ]
INFO: [ view_filter ] --START--
INFO: Run Behavior\WriteHtmlCacheBehavior [ RunTime:0.000000s ]
INFO: [ view_filter ] --END-- [ RunTime:0.001000s ]
INFO: [ app_end ] --START--
INFO: Run Behavior\ShowPageTraceBehavior [ RunTime:0.001000s ]
INFO: [ app_end ] --END-- [ RunTime:0.001000s ]

[ 2016-12-03T23:52:19+08:00 ] ::1 /apply/index.php/Admin/Apply/Apply/list
INFO: [ app_init ] --START--
INFO: Run Behavior\BuildLiteBehavior [ RunTime:0.001000s ]
INFO: [ app_init ] --END-- [ RunTime:0.001000s ]
INFO: [ app_begin ] --START--
INFO: Run Behavior\ReadHtmlCacheBehavior [ RunTime:0.001000s ]
INFO: [ app_begin ] --END-- [ RunTime:0.001000s ]
ERR: 非法操作:Apply

[ 2016-12-03T23:52:19+08:00 ] ::1 /apply/index.php/Admin/Apply/__AIMG__/a4.jpg
INFO: [ app_init ] --START--
INFO: Run Behavior\BuildLiteBehavior [ RunTime:0.000000s ]
INFO: [ app_init ] --END-- [ RunTime:0.001000s ]

[ 2016-12-03T23:52:19+08:00 ] ::1 /apply/index.php/Admin/Apply/__AIMG__/a7.jpg
INFO: [ app_init ] --START--
INFO: Run Behavior\BuildLiteBehavior [ RunTime:0.000000s ]
INFO: [ app_init ] --END-- [ RunTime:0.001000s ]

[ 2016-12-03T23:52:19+08:00 ] ::1 /apply/index.php/Admin/Apply/Apply/list
INFO: [ app_init ] --START--
INFO: Run Behavior\BuildLiteBehavior [ RunTime:0.000000s ]
INFO: [ app_init ] --END-- [ RunTime:0.000000s ]
INFO: [ app_begin ] --START--
INFO: Run Behavior\ReadHtmlCacheBehavior [ RunTime:0.000000s ]
INFO: [ app_begin ] --END-- [ RunTime:0.001000s ]
ERR: 非法操作:Apply

[ 2016-12-03T23:52:19+08:00 ] ::1 /apply/index.php/Admin/Apply/favicon.ico
INFO: [ app_init ] --START--
INFO: Run Behavior\BuildLiteBehavior [ RunTime:0.000000s ]
INFO: [ app_init ] --END-- [ RunTime:0.001000s ]

[ 2016-12-03T23:52:21+08:00 ] ::1 /apply/index.php/Admin/Venue/lists.html
INFO: [ app_init ] --START--
INFO: Run Behavior\BuildLiteBehavior [ RunTime:0.000000s ]
INFO: [ app_init ] --END-- [ RunTime:0.000000s ]
INFO: [ app_begin ] --START--
INFO: Run Behavior\ReadHtmlCacheBehavior [ RunTime:0.001000s ]
INFO: [ app_begin ] --END-- [ RunTime:0.001000s ]
SQL: SHOW COLUMNS FROM `l_role_user` [ RunTime:0.0020s ]
SQL: SHOW COLUMNS FROM `l_role` [ RunTime:0.0060s ]
SQL: SHOW COLUMNS FROM `l_approve` [ RunTime:0.0030s ]
SQL: SHOW COLUMNS FROM `l_process` [ RunTime:0.0030s ]
SQL: SHOW COLUMNS FROM `l_apply_venue` [ RunTime:0.0030s ]
INFO: [ view_parse ] --START--
INFO: [ template_filter ] --START--
INFO: Run Behavior\ContentReplaceBehavior [ RunTime:0.001000s ]
INFO: [ template_filter ] --END-- [ RunTime:0.001000s ]
INFO: Run Behavior\ParseTemplateBehavior [ RunTime:0.014001s ]
INFO: [ view_parse ] --END-- [ RunTime:0.014001s ]
INFO: [ view_filter ] --START--
INFO: Run Behavior\WriteHtmlCacheBehavior [ RunTime:0.001000s ]
INFO: [ view_filter ] --END-- [ RunTime:0.001000s ]
INFO: [ app_end ] --START--
INFO: Run Behavior\ShowPageTraceBehavior [ RunTime:0.001000s ]
INFO: [ app_end ] --END-- [ RunTime:0.001000s ]

[ 2016-12-03T23:52:21+08:00 ] ::1 /apply/index.php/Admin/Venue/lists.html
INFO: [ app_init ] --START--
INFO: Run Behavior\BuildLiteBehavior [ RunTime:0.000000s ]
INFO: [ app_init ] --END-- [ RunTime:0.001000s ]
INFO: [ app_begin ] --START--
INFO: Run Behavior\ReadHtmlCacheBehavior [ RunTime:0.001000s ]
INFO: [ app_begin ] --END-- [ RunTime:0.001000s ]
SQL: SHOW COLUMNS FROM `l_role_user` [ RunTime:0.0020s ]
SQL: SHOW COLUMNS FROM `l_role` [ RunTime:0.0020s ]
SQL: SHOW COLUMNS FROM `l_approve` [ RunTime:0.0020s ]
SQL: SHOW COLUMNS FROM `l_process` [ RunTime:0.0030s ]
SQL: SHOW COLUMNS FROM `l_apply_venue` [ RunTime:0.0040s ]
SQL: SELECT GROUP_CONCAT(DISTINCT user_type) user_type FROM l_process WHERE FIND_IN_SET(role_id, '1') AND type_id = 3 [ RunTime:0.0030s ]
SQL: SELECT l_apply_venue.id aid,`apply_code`,`theme`,`apply_time`,`cid`,l_apply_venue.phone,c.name FROM `l_apply_venue` left join l_college c on l_apply_venue.cid = c.id left join l_admin_user u on FIND_IN_SET(u.id,c.uid)  WHERE ( u.id = 1 AND FIND_IN_SET(l_apply_venue.type,'') )  [ RunTime:0.0020s ]

[ 2016-12-03T23:52:24+08:00 ] ::1 /apply/index.php/Admin/Borrow/lists.html
INFO: [ app_init ] --START--
INFO: Run Behavior\BuildLiteBehavior [ RunTime:0.000000s ]
INFO: [ app_init ] --END-- [ RunTime:0.000000s ]
INFO: [ app_begin ] --START--
INFO: Run Behavior\ReadHtmlCacheBehavior [ RunTime:0.000000s ]
INFO: [ app_begin ] --END-- [ RunTime:0.000000s ]
INFO: [ view_parse ] --START--
INFO: [ template_filter ] --START--
INFO: Run Behavior\ContentReplaceBehavior [ RunTime:0.000000s ]
INFO: [ template_filter ] --END-- [ RunTime:0.000000s ]
INFO: Run Behavior\ParseTemplateBehavior [ RunTime:0.007000s ]
INFO: [ view_parse ] --END-- [ RunTime:0.007000s ]
INFO: [ view_filter ] --START--
INFO: Run Behavior\WriteHtmlCacheBehavior [ RunTime:0.000000s ]
INFO: [ view_filter ] --END-- [ RunTime:0.000000s ]
INFO: [ app_end ] --START--
INFO: Run Behavior\ShowPageTraceBehavior [ RunTime:0.000000s ]
INFO: [ app_end ] --END-- [ RunTime:0.000000s ]

[ 2016-12-03T23:52:24+08:00 ] ::1 /apply/index.php/Admin/Venue/lists.html
INFO: [ app_init ] --START--
INFO: Run Behavior\BuildLiteBehavior [ RunTime:0.000000s ]
INFO: [ app_init ] --END-- [ RunTime:0.000000s ]
INFO: [ app_begin ] --START--
INFO: Run Behavior\ReadHtmlCacheBehavior [ RunTime:0.001000s ]
INFO: [ app_begin ] --END-- [ RunTime:0.001000s ]
SQL: SHOW COLUMNS FROM `l_role_user` [ RunTime:0.0030s ]
SQL: SHOW COLUMNS FROM `l_role` [ RunTime:0.0030s ]
SQL: SHOW COLUMNS FROM `l_approve` [ RunTime:0.0030s ]
SQL: SHOW COLUMNS FROM `l_process` [ RunTime:0.0030s ]
SQL: SHOW COLUMNS FROM `l_apply_venue` [ RunTime:0.0030s ]
SQL: SELECT GROUP_CONCAT(DISTINCT user_type) user_type FROM l_process WHERE FIND_IN_SET(role_id, '1') AND type_id = 3 [ RunTime:0.0010s ]
SQL: SELECT l_apply_venue.id aid,`apply_code`,`theme`,`apply_time`,`cid`,l_apply_venue.phone,c.name FROM `l_apply_venue` left join l_college c on l_apply_venue.cid = c.id left join l_admin_user u on FIND_IN_SET(u.id,c.uid)  WHERE ( u.id = 1 AND FIND_IN_SET(l_apply_venue.type,'') )  [ RunTime:0.0010s ]

[ 2016-12-03T23:52:26+08:00 ] ::1 /apply/index.php/Admin/Venue/lists.html
INFO: [ app_init ] --START--
INFO: Run Behavior\BuildLiteBehavior [ RunTime:0.000000s ]
INFO: [ app_init ] --END-- [ RunTime:0.000000s ]
INFO: [ app_begin ] --START--
INFO: Run Behavior\ReadHtmlCacheBehavior [ RunTime:0.000000s ]
INFO: [ app_begin ] --END-- [ RunTime:0.000000s ]
SQL: SHOW COLUMNS FROM `l_role_user` [ RunTime:0.0030s ]
SQL: SHOW COLUMNS FROM `l_role` [ RunTime:0.0030s ]
SQL: SHOW COLUMNS FROM `l_approve` [ RunTime:0.0020s ]
SQL: SHOW COLUMNS FROM `l_process` [ RunTime:0.0030s ]
SQL: SHOW COLUMNS FROM `l_apply_venue` [ RunTime:0.0020s ]
INFO: [ view_parse ] --START--
INFO: [ template_filter ] --START--
INFO: Run Behavior\ContentReplaceBehavior [ RunTime:0.000000s ]
INFO: [ template_filter ] --END-- [ RunTime:0.000000s ]
INFO: Run Behavior\ParseTemplateBehavior [ RunTime:0.008000s ]
INFO: [ view_parse ] --END-- [ RunTime:0.008000s ]
INFO: [ view_filter ] --START--
INFO: Run Behavior\WriteHtmlCacheBehavior [ RunTime:0.000000s ]
INFO: [ view_filter ] --END-- [ RunTime:0.000000s ]
INFO: [ app_end ] --START--
INFO: Run Behavior\ShowPageTraceBehavior [ RunTime:0.000000s ]
INFO: [ app_end ] --END-- [ RunTime:0.000000s ]

[ 2016-12-03T23:52:26+08:00 ] ::1 /apply/index.php/Admin/Venue/lists.html
INFO: [ app_init ] --START--
INFO: Run Behavior\BuildLiteBehavior [ RunTime:0.000000s ]
INFO: [ app_init ] --END-- [ RunTime:0.000000s ]
INFO: [ app_begin ] --START--
INFO: Run Behavior\ReadHtmlCacheBehavior [ RunTime:0.000000s ]
INFO: [ app_begin ] --END-- [ RunTime:0.000000s ]
SQL: SHOW COLUMNS FROM `l_role_user` [ RunTime:0.0030s ]
SQL: SHOW COLUMNS FROM `l_role` [ RunTime:0.0030s ]
SQL: SHOW COLUMNS FROM `l_approve` [ RunTime:0.0030s ]
SQL: SHOW COLUMNS FROM `l_process` [ RunTime:0.0020s ]
SQL: SHOW COLUMNS FROM `l_apply_venue` [ RunTime:0.0020s ]
SQL: SELECT GROUP_CONCAT(DISTINCT user_type) user_type FROM l_process WHERE FIND_IN_SET(role_id, '1') AND type_id = 3 [ RunTime:0.0000s ]
SQL: SELECT l_apply_venue.id aid,`apply_code`,`theme`,`apply_time`,`cid`,l_apply_venue.phone,c.name FROM `l_apply_venue` left join l_college c on l_apply_venue.cid = c.id left join l_admin_user u on FIND_IN_SET(u.id,c.uid)  WHERE ( u.id = 1 AND FIND_IN_SET(l_apply_venue.type,'') )  [ RunTime:0.0000s ]

