[ 2016-11-25T00:01:21+08:00 ] 127.0.0.1 /apply/index.php/Admin/Venue/lists.html
INFO: [ app_init ] --START--
INFO: Run Behavior\BuildLiteBehavior [ RunTime:0.000000s ]
INFO: [ app_init ] --END-- [ RunTime:0.000000s ]
INFO: [ app_begin ] --START--
INFO: Run Behavior\ReadHtmlCacheBehavior [ RunTime:0.000000s ]
INFO: [ app_begin ] --END-- [ RunTime:0.000000s ]
SQL: SHOW COLUMNS FROM `l_role_user` [ RunTime:0.0020s ]
SQL: SHOW COLUMNS FROM `l_role` [ RunTime:0.0030s ]
SQL: SHOW COLUMNS FROM `l_approve` [ RunTime:0.0020s ]
SQL: SHOW COLUMNS FROM `l_process` [ RunTime:0.0020s ]
SQL: SHOW COLUMNS FROM `l_apply_venue` [ RunTime:0.0020s ]
ERR: 1582:Incorrect parameter count in the call to native function 'FIND_IN_SET'
 [ SQL语句 ] : SELECT * FROM l_process WHERE FIND_IN_SET(role_id, 11,12)
ERR: 1582:Incorrect parameter count in the call to native function 'FIND_IN_SET'
 [ SQL语句 ] : SELECT * FROM l_process WHERE FIND_IN_SET(role_id, 11,12)

[ 2016-11-25T00:02:05+08:00 ] 127.0.0.1 /apply/index.php/Admin/Venue/lists.html
INFO: [ app_init ] --START--
INFO: Run Behavior\BuildLiteBehavior [ RunTime:0.000000s ]
INFO: [ app_init ] --END-- [ RunTime:0.001000s ]
INFO: [ app_begin ] --START--
INFO: Run Behavior\ReadHtmlCacheBehavior [ RunTime:0.000000s ]
INFO: [ app_begin ] --END-- [ RunTime:0.000000s ]
SQL: SHOW COLUMNS FROM `l_role_user` [ RunTime:0.0020s ]
SQL: SHOW COLUMNS FROM `l_role` [ RunTime:0.0030s ]
SQL: SHOW COLUMNS FROM `l_approve` [ RunTime:0.0030s ]
SQL: SHOW COLUMNS FROM `l_process` [ RunTime:0.0030s ]
SQL: SHOW COLUMNS FROM `l_apply_venue` [ RunTime:0.0020s ]
SQL: SELECT * FROM l_process WHERE FIND_IN_SET(role_id, '11,12') [ RunTime:0.0000s ]
INFO: [ view_parse ] --START--
INFO: [ template_filter ] --START--
INFO: Run Behavior\ContentReplaceBehavior [ RunTime:0.000000s ]
INFO: [ template_filter ] --END-- [ RunTime:0.000000s ]
INFO: Run Behavior\ParseTemplateBehavior [ RunTime:0.008001s ]
INFO: [ view_parse ] --END-- [ RunTime:0.008001s ]
INFO: [ view_filter ] --START--
INFO: Run Behavior\WriteHtmlCacheBehavior [ RunTime:0.000000s ]
INFO: [ view_filter ] --END-- [ RunTime:0.000000s ]
INFO: [ app_end ] --START--
INFO: Run Behavior\ShowPageTraceBehavior [ RunTime:0.000000s ]
INFO: [ app_end ] --END-- [ RunTime:0.000000s ]

[ 2016-11-25T00:07:56+08:00 ] 127.0.0.1 /apply/index.php/Admin/Venue/lists.html
INFO: [ app_init ] --START--
INFO: Run Behavior\BuildLiteBehavior [ RunTime:0.000000s ]
INFO: [ app_init ] --END-- [ RunTime:0.000000s ]
INFO: [ app_begin ] --START--
INFO: Run Behavior\ReadHtmlCacheBehavior [ RunTime:0.000000s ]
INFO: [ app_begin ] --END-- [ RunTime:0.001000s ]
SQL: SHOW COLUMNS FROM `l_role_user` [ RunTime:0.0020s ]
SQL: SHOW COLUMNS FROM `l_role` [ RunTime:0.0020s ]
SQL: SHOW COLUMNS FROM `l_approve` [ RunTime:0.0030s ]
SQL: SHOW COLUMNS FROM `l_process` [ RunTime:0.0020s ]
SQL: SHOW COLUMNS FROM `l_apply_venue` [ RunTime:0.0020s ]
SQL: SELECT * FROM l_process WHERE FIND_IN_SET(role_id, '11,12') AND type_id = 3 [ RunTime:0.0000s ]
INFO: [ view_parse ] --START--
INFO: [ template_filter ] --START--
INFO: Run Behavior\ContentReplaceBehavior [ RunTime:0.001000s ]
INFO: [ template_filter ] --END-- [ RunTime:0.001000s ]
INFO: Run Behavior\ParseTemplateBehavior [ RunTime:0.008000s ]
INFO: [ view_parse ] --END-- [ RunTime:0.008000s ]
INFO: [ view_filter ] --START--
INFO: Run Behavior\WriteHtmlCacheBehavior [ RunTime:0.001000s ]
INFO: [ view_filter ] --END-- [ RunTime:0.001000s ]
INFO: [ app_end ] --START--
INFO: Run Behavior\ShowPageTraceBehavior [ RunTime:0.001000s ]
INFO: [ app_end ] --END-- [ RunTime:0.001000s ]

[ 2016-11-25T00:07:57+08:00 ] 127.0.0.1 /apply/index.php/Admin/Venue/lists.html
INFO: [ app_init ] --START--
INFO: Run Behavior\BuildLiteBehavior [ RunTime:0.000000s ]
INFO: [ app_init ] --END-- [ RunTime:0.001000s ]
INFO: [ app_begin ] --START--
INFO: Run Behavior\ReadHtmlCacheBehavior [ RunTime:0.001000s ]
INFO: [ app_begin ] --END-- [ RunTime:0.001000s ]
SQL: SHOW COLUMNS FROM `l_role_user` [ RunTime:0.0020s ]
SQL: SHOW COLUMNS FROM `l_role` [ RunTime:0.0030s ]
SQL: SHOW COLUMNS FROM `l_approve` [ RunTime:0.0020s ]
SQL: SHOW COLUMNS FROM `l_process` [ RunTime:0.0020s ]
SQL: SHOW COLUMNS FROM `l_apply_venue` [ RunTime:0.0030s ]
SQL: SELECT * FROM l_process WHERE FIND_IN_SET(role_id, '11,12') AND type_id = 3 [ RunTime:0.0010s ]
INFO: [ view_parse ] --START--
INFO: [ template_filter ] --START--
INFO: Run Behavior\ContentReplaceBehavior [ RunTime:0.000000s ]
INFO: [ template_filter ] --END-- [ RunTime:0.000000s ]
INFO: Run Behavior\ParseTemplateBehavior [ RunTime:0.007001s ]
INFO: [ view_parse ] --END-- [ RunTime:0.008001s ]
INFO: [ view_filter ] --START--
INFO: Run Behavior\WriteHtmlCacheBehavior [ RunTime:0.000000s ]
INFO: [ view_filter ] --END-- [ RunTime:0.000000s ]
INFO: [ app_end ] --START--
INFO: Run Behavior\ShowPageTraceBehavior [ RunTime:0.001000s ]
INFO: [ app_end ] --END-- [ RunTime:0.001000s ]

[ 2016-11-25T00:09:16+08:00 ] ::1 /apply/index.php/Admin/Venue/lists.html
INFO: [ app_init ] --START--
INFO: Run Behavior\BuildLiteBehavior [ RunTime:0.000000s ]
INFO: [ app_init ] --END-- [ RunTime:0.000000s ]
INFO: [ app_begin ] --START--
INFO: Run Behavior\ReadHtmlCacheBehavior [ RunTime:0.000000s ]
INFO: [ app_begin ] --END-- [ RunTime:0.001000s ]
SQL: SHOW COLUMNS FROM `l_role_user` [ RunTime:0.0020s ]
SQL: SHOW COLUMNS FROM `l_role` [ RunTime:0.0020s ]
SQL: SHOW COLUMNS FROM `l_approve` [ RunTime:0.0030s ]
SQL: SHOW COLUMNS FROM `l_process` [ RunTime:0.0030s ]
SQL: SHOW COLUMNS FROM `l_apply_venue` [ RunTime:0.0020s ]
SQL: SELECT * FROM l_process WHERE FIND_IN_SET(role_id, '1') AND type_id = 3 [ RunTime:0.0000s ]
INFO: [ view_parse ] --START--
INFO: [ template_filter ] --START--
INFO: Run Behavior\ContentReplaceBehavior [ RunTime:0.000000s ]
INFO: [ template_filter ] --END-- [ RunTime:0.000000s ]
INFO: Run Behavior\ParseTemplateBehavior [ RunTime:0.007000s ]
INFO: [ view_parse ] --END-- [ RunTime:0.008000s ]
INFO: [ view_filter ] --START--
INFO: Run Behavior\WriteHtmlCacheBehavior [ RunTime:0.000000s ]
INFO: [ view_filter ] --END-- [ RunTime:0.000000s ]
INFO: [ app_end ] --START--
INFO: Run Behavior\ShowPageTraceBehavior [ RunTime:0.001001s ]
INFO: [ app_end ] --END-- [ RunTime:0.001001s ]

[ 2016-11-25T00:09:21+08:00 ] 127.0.0.1 /apply/index.php/Admin/Venue/lists.html
INFO: [ app_init ] --START--
INFO: Run Behavior\BuildLiteBehavior [ RunTime:0.000000s ]
INFO: [ app_init ] --END-- [ RunTime:0.000000s ]
INFO: [ app_begin ] --START--
INFO: Run Behavior\ReadHtmlCacheBehavior [ RunTime:0.001000s ]
INFO: [ app_begin ] --END-- [ RunTime:0.001000s ]
SQL: SHOW COLUMNS FROM `l_role_user` [ RunTime:0.0020s ]
SQL: SHOW COLUMNS FROM `l_role` [ RunTime:0.0020s ]
SQL: SHOW COLUMNS FROM `l_approve` [ RunTime:0.0030s ]
SQL: SHOW COLUMNS FROM `l_process` [ RunTime:0.0020s ]
SQL: SHOW COLUMNS FROM `l_apply_venue` [ RunTime:0.0020s ]
SQL: SELECT * FROM l_process WHERE FIND_IN_SET(role_id, '11,12') AND type_id = 3 [ RunTime:0.0000s ]
INFO: [ view_parse ] --START--
INFO: [ template_filter ] --START--
INFO: Run Behavior\ContentReplaceBehavior [ RunTime:0.001000s ]
INFO: [ template_filter ] --END-- [ RunTime:0.001000s ]
INFO: Run Behavior\ParseTemplateBehavior [ RunTime:0.008000s ]
INFO: [ view_parse ] --END-- [ RunTime:0.008000s ]
INFO: [ view_filter ] --START--
INFO: Run Behavior\WriteHtmlCacheBehavior [ RunTime:0.001000s ]
INFO: [ view_filter ] --END-- [ RunTime:0.001000s ]
INFO: [ app_end ] --START--
INFO: Run Behavior\ShowPageTraceBehavior [ RunTime:0.001001s ]
INFO: [ app_end ] --END-- [ RunTime:0.001001s ]

[ 2016-11-25T00:10:31+08:00 ] ::1 /apply/index.php/Admin/User/administrator.html
INFO: [ app_init ] --START--
INFO: Run Behavior\BuildLiteBehavior [ RunTime:0.000000s ]
INFO: [ app_init ] --END-- [ RunTime:0.001000s ]
INFO: [ app_begin ] --START--
INFO: Run Behavior\ReadHtmlCacheBehavior [ RunTime:0.000000s ]
INFO: [ app_begin ] --END-- [ RunTime:0.000000s ]
SQL: SHOW COLUMNS FROM `l_role` [ RunTime:0.0030s ]
SQL: SHOW COLUMNS FROM `l_role_user` [ RunTime:0.0020s ]
SQL: SHOW COLUMNS FROM `l_admin_user` [ RunTime:0.0030s ]
SQL: SELECT `id`,`account`,`id_number`,`phone`,`college`,`status`,`last_login_time` FROM `l_admin_user`  [ RunTime:0.0010s ]
SQL: SELECT u.`name` FROM l_role_user r LEFT JOIN l_role u on r.role_id = u.id WHERE r.user_id = 1 [ RunTime:0.0000s ]
SQL: SELECT u.`name` FROM l_role_user r LEFT JOIN l_role u on r.role_id = u.id WHERE r.user_id = 2 [ RunTime:0.0000s ]
SQL: SELECT u.`name` FROM l_role_user r LEFT JOIN l_role u on r.role_id = u.id WHERE r.user_id = 3 [ RunTime:0.0000s ]
SQL: SELECT u.`name` FROM l_role_user r LEFT JOIN l_role u on r.role_id = u.id WHERE r.user_id = 4 [ RunTime:0.0010s ]
SQL: SELECT u.`name` FROM l_role_user r LEFT JOIN l_role u on r.role_id = u.id WHERE r.user_id = 5 [ RunTime:0.0000s ]
SQL: SELECT u.`name` FROM l_role_user r LEFT JOIN l_role u on r.role_id = u.id WHERE r.user_id = 6 [ RunTime:0.0000s ]
SQL: SELECT u.`name` FROM l_role_user r LEFT JOIN l_role u on r.role_id = u.id WHERE r.user_id = 7 [ RunTime:0.0010s ]
SQL: SELECT u.`name` FROM l_role_user r LEFT JOIN l_role u on r.role_id = u.id WHERE r.user_id = 8 [ RunTime:0.0000s ]
SQL: SELECT u.`name` FROM l_role_user r LEFT JOIN l_role u on r.role_id = u.id WHERE r.user_id = 9 [ RunTime:0.0000s ]
SQL: SELECT u.`name` FROM l_role_user r LEFT JOIN l_role u on r.role_id = u.id WHERE r.user_id = 10 [ RunTime:0.0010s ]
SQL: SELECT u.`name` FROM l_role_user r LEFT JOIN l_role u on r.role_id = u.id WHERE r.user_id = 11 [ RunTime:0.0000s ]
SQL: SELECT u.`name` FROM l_role_user r LEFT JOIN l_role u on r.role_id = u.id WHERE r.user_id = 12 [ RunTime:0.0000s ]
SQL: SELECT u.`name` FROM l_role_user r LEFT JOIN l_role u on r.role_id = u.id WHERE r.user_id = 13 [ RunTime:0.0010s ]
SQL: SELECT u.`name` FROM l_role_user r LEFT JOIN l_role u on r.role_id = u.id WHERE r.user_id = 14 [ RunTime:0.0000s ]
SQL: SELECT u.`name` FROM l_role_user r LEFT JOIN l_role u on r.role_id = u.id WHERE r.user_id = 15 [ RunTime:0.0000s ]
SQL: SELECT u.`name` FROM l_role_user r LEFT JOIN l_role u on r.role_id = u.id WHERE r.user_id = 17 [ RunTime:0.0010s ]
SQL: SELECT u.`name` FROM l_role_user r LEFT JOIN l_role u on r.role_id = u.id WHERE r.user_id = 18 [ RunTime:0.0000s ]
SQL: SELECT u.`name` FROM l_role_user r LEFT JOIN l_role u on r.role_id = u.id WHERE r.user_id = 19 [ RunTime:0.0000s ]
SQL: SELECT u.`name` FROM l_role_user r LEFT JOIN l_role u on r.role_id = u.id WHERE r.user_id = 20 [ RunTime:0.0010s ]
SQL: SELECT u.`name` FROM l_role_user r LEFT JOIN l_role u on r.role_id = u.id WHERE r.user_id = 21 [ RunTime:0.0000s ]
SQL: SELECT u.`name` FROM l_role_user r LEFT JOIN l_role u on r.role_id = u.id WHERE r.user_id = 22 [ RunTime:0.0000s ]
SQL: SELECT u.`name` FROM l_role_user r LEFT JOIN l_role u on r.role_id = u.id WHERE r.user_id = 23 [ RunTime:0.0000s ]
SQL: SELECT u.`name` FROM l_role_user r LEFT JOIN l_role u on r.role_id = u.id WHERE r.user_id = 24 [ RunTime:0.0000s ]
SQL: SELECT u.`name` FROM l_role_user r LEFT JOIN l_role u on r.role_id = u.id WHERE r.user_id = 25 [ RunTime:0.0000s ]
SQL: SELECT u.`name` FROM l_role_user r LEFT JOIN l_role u on r.role_id = u.id WHERE r.user_id = 26 [ RunTime:0.0000s ]
SQL: SELECT u.`name` FROM l_role_user r LEFT JOIN l_role u on r.role_id = u.id WHERE r.user_id = 27 [ RunTime:0.0000s ]
SQL: SELECT u.`name` FROM l_role_user r LEFT JOIN l_role u on r.role_id = u.id WHERE r.user_id = 28 [ RunTime:0.0000s ]
SQL: SELECT u.`name` FROM l_role_user r LEFT JOIN l_role u on r.role_id = u.id WHERE r.user_id = 29 [ RunTime:0.0010s ]
SQL: SELECT u.`name` FROM l_role_user r LEFT JOIN l_role u on r.role_id = u.id WHERE r.user_id = 30 [ RunTime:0.0000s ]
SQL: SELECT u.`name` FROM l_role_user r LEFT JOIN l_role u on r.role_id = u.id WHERE r.user_id = 31 [ RunTime:0.0000s ]
SQL: SELECT u.`name` FROM l_role_user r LEFT JOIN l_role u on r.role_id = u.id WHERE r.user_id = 47 [ RunTime:0.0000s ]
SQL: SELECT u.`name` FROM l_role_user r LEFT JOIN l_role u on r.role_id = u.id WHERE r.user_id = 48 [ RunTime:0.0000s ]
SQL: SELECT u.`name` FROM l_role_user r LEFT JOIN l_role u on r.role_id = u.id WHERE r.user_id = 49 [ RunTime:0.0000s ]
SQL: SELECT u.`name` FROM l_role_user r LEFT JOIN l_role u on r.role_id = u.id WHERE r.user_id = 50 [ RunTime:0.0000s ]
SQL: SELECT u.`name` FROM l_role_user r LEFT JOIN l_role u on r.role_id = u.id WHERE r.user_id = 51 [ RunTime:0.0010s ]
SQL: SELECT u.`name` FROM l_role_user r LEFT JOIN l_role u on r.role_id = u.id WHERE r.user_id = 52 [ RunTime:0.0000s ]
SQL: SELECT u.`name` FROM l_role_user r LEFT JOIN l_role u on r.role_id = u.id WHERE r.user_id = 53 [ RunTime:0.0000s ]
SQL: SELECT u.`name` FROM l_role_user r LEFT JOIN l_role u on r.role_id = u.id WHERE r.user_id = 54 [ RunTime:0.0000s ]
SQL: SELECT u.`name` FROM l_role_user r LEFT JOIN l_role u on r.role_id = u.id WHERE r.user_id = 55 [ RunTime:0.0000s ]
SQL: SELECT u.`name` FROM l_role_user r LEFT JOIN l_role u on r.role_id = u.id WHERE r.user_id = 56 [ RunTime:0.0000s ]
SQL: SELECT u.`name` FROM l_role_user r LEFT JOIN l_role u on r.role_id = u.id WHERE r.user_id = 57 [ RunTime:0.0000s ]
SQL: SELECT u.`name` FROM l_role_user r LEFT JOIN l_role u on r.role_id = u.id WHERE r.user_id = 58 [ RunTime:0.0000s ]
SQL: SELECT u.`name` FROM l_role_user r LEFT JOIN l_role u on r.role_id = u.id WHERE r.user_id = 59 [ RunTime:0.0000s ]
SQL: SELECT u.`name` FROM l_role_user r LEFT JOIN l_role u on r.role_id = u.id WHERE r.user_id = 60 [ RunTime:0.0000s ]
SQL: SELECT u.`name` FROM l_role_user r LEFT JOIN l_role u on r.role_id = u.id WHERE r.user_id = 61 [ RunTime:0.0010s ]
SQL: SELECT u.`name` FROM l_role_user r LEFT JOIN l_role u on r.role_id = u.id WHERE r.user_id = 62 [ RunTime:0.0000s ]
SQL: SELECT u.`name` FROM l_role_user r LEFT JOIN l_role u on r.role_id = u.id WHERE r.user_id = 63 [ RunTime:0.0000s ]
SQL: SELECT u.`name` FROM l_role_user r LEFT JOIN l_role u on r.role_id = u.id WHERE r.user_id = 64 [ RunTime:0.0010s ]
SQL: SELECT u.`name` FROM l_role_user r LEFT JOIN l_role u on r.role_id = u.id WHERE r.user_id = 65 [ RunTime:0.0000s ]
SQL: SELECT u.`name` FROM l_role_user r LEFT JOIN l_role u on r.role_id = u.id WHERE r.user_id = 81 [ RunTime:0.0000s ]
SQL: SELECT u.`name` FROM l_role_user r LEFT JOIN l_role u on r.role_id = u.id WHERE r.user_id = 82 [ RunTime:0.0000s ]
SQL: SELECT u.`name` FROM l_role_user r LEFT JOIN l_role u on r.role_id = u.id WHERE r.user_id = 83 [ RunTime:0.0000s ]
SQL: SELECT u.`name` FROM l_role_user r LEFT JOIN l_role u on r.role_id = u.id WHERE r.user_id = 84 [ RunTime:0.0000s ]
SQL: SELECT u.`name` FROM l_role_user r LEFT JOIN l_role u on r.role_id = u.id WHERE r.user_id = 85 [ RunTime:0.0000s ]
SQL: SELECT u.`name` FROM l_role_user r LEFT JOIN l_role u on r.role_id = u.id WHERE r.user_id = 86 [ RunTime:0.0010s ]
SQL: SELECT u.`name` FROM l_role_user r LEFT JOIN l_role u on r.role_id = u.id WHERE r.user_id = 87 [ RunTime:0.0000s ]
SQL: SELECT u.`name` FROM l_role_user r LEFT JOIN l_role u on r.role_id = u.id WHERE r.user_id = 88 [ RunTime:0.0000s ]
SQL: SELECT u.`name` FROM l_role_user r LEFT JOIN l_role u on r.role_id = u.id WHERE r.user_id = 89 [ RunTime:0.0010s ]
SQL: SELECT u.`name` FROM l_role_user r LEFT JOIN l_role u on r.role_id = u.id WHERE r.user_id = 90 [ RunTime:0.0000s ]
SQL: SELECT u.`name` FROM l_role_user r LEFT JOIN l_role u on r.role_id = u.id WHERE r.user_id = 91 [ RunTime:0.0000s ]
INFO: [ view_parse ] --START--
INFO: [ template_filter ] --START--
INFO: Run Behavior\ContentReplaceBehavior [ RunTime:0.001000s ]
INFO: [ template_filter ] --END-- [ RunTime:0.001000s ]
NOTIC: [8] Undefined variable: role D:\wamp\wamp\www\apply\Application\Runtime\Cache\Admin\a104dd5496dff09c884acb00a727c6f9.php 第 157 行.
INFO: Run Behavior\ParseTemplateBehavior [ RunTime:0.013001s ]
INFO: [ view_parse ] --END-- [ RunTime:0.013001s ]
INFO: [ view_filter ] --START--
INFO: Run Behavior\WriteHtmlCacheBehavior [ RunTime:0.000000s ]
INFO: [ view_filter ] --END-- [ RunTime:0.000000s ]
INFO: [ app_end ] --START--
INFO: Run Behavior\ShowPageTraceBehavior [ RunTime:0.000000s ]
INFO: [ app_end ] --END-- [ RunTime:0.000000s ]

[ 2016-11-25T00:10:40+08:00 ] ::1 /apply/index.php/Admin/User/getRole.html?uid=5
INFO: [ app_init ] --START--
INFO: Run Behavior\BuildLiteBehavior [ RunTime:0.000000s ]
INFO: [ app_init ] --END-- [ RunTime:0.000000s ]
INFO: [ app_begin ] --START--
INFO: Run Behavior\ReadHtmlCacheBehavior [ RunTime:0.000000s ]
INFO: [ app_begin ] --END-- [ RunTime:0.000000s ]
SQL: SHOW COLUMNS FROM `l_role` [ RunTime:0.0030s ]
SQL: SHOW COLUMNS FROM `l_role_user` [ RunTime:0.0020s ]
SQL: SHOW COLUMNS FROM `l_admin_user` [ RunTime:0.0030s ]
SQL: SELECT `id`,`name`,`remark` FROM `l_role` WHERE `status` = 1 ORDER BY id  [ RunTime:0.0010s ]
SQL: SELECT `role_id` FROM `l_role_user` WHERE `user_id` = '5'  [ RunTime:0.0000s ]

[ 2016-11-25T00:11:56+08:00 ] ::1 /apply/index.php/Admin/User/setRole.html
INFO: [ app_init ] --START--
INFO: Run Behavior\BuildLiteBehavior [ RunTime:0.000000s ]
INFO: [ app_init ] --END-- [ RunTime:0.001000s ]
INFO: [ app_begin ] --START--
INFO: Run Behavior\ReadHtmlCacheBehavior [ RunTime:0.001000s ]
INFO: [ app_begin ] --END-- [ RunTime:0.001000s ]
SQL: SHOW COLUMNS FROM `l_role` [ RunTime:0.0030s ]
SQL: SHOW COLUMNS FROM `l_role_user` [ RunTime:0.0030s ]
SQL: SHOW COLUMNS FROM `l_admin_user` [ RunTime:0.0020s ]
SQL: DELETE FROM `l_role_user` WHERE `user_id` = '5' [ RunTime:0.0010s ]
SQL: INSERT INTO `l_role_user` (`role_id`,`user_id`) VALUES ('9','5'),('11','5') [ RunTime:0.0000s ]

[ 2016-11-25T00:12:17+08:00 ] 127.0.0.1 /apply/index.php/admin
INFO: [ app_init ] --START--
INFO: Run Behavior\BuildLiteBehavior [ RunTime:0.000000s ]
INFO: [ app_init ] --END-- [ RunTime:0.001001s ]
INFO: [ app_begin ] --START--
INFO: Run Behavior\ReadHtmlCacheBehavior [ RunTime:0.001000s ]
INFO: [ app_begin ] --END-- [ RunTime:0.001000s ]
ERR: 非法操作:index

[ 2016-11-25T00:12:21+08:00 ] 127.0.0.1 /apply/index.php/admin/login
INFO: [ app_init ] --START--
INFO: Run Behavior\BuildLiteBehavior [ RunTime:0.000000s ]
INFO: [ app_init ] --END-- [ RunTime:0.001000s ]
INFO: [ app_begin ] --START--
INFO: Run Behavior\ReadHtmlCacheBehavior [ RunTime:0.001000s ]
INFO: [ app_begin ] --END-- [ RunTime:0.001000s ]
SQL: SHOW COLUMNS FROM `l_admin_user` [ RunTime:0.0030s ]
SQL: SHOW COLUMNS FROM `l_role_user` [ RunTime:0.0020s ]
INFO: [ view_parse ] --START--
INFO: [ template_filter ] --START--
INFO: Run Behavior\ContentReplaceBehavior [ RunTime:0.000000s ]
INFO: [ template_filter ] --END-- [ RunTime:0.001000s ]
INFO: Run Behavior\ParseTemplateBehavior [ RunTime:0.006000s ]
INFO: [ view_parse ] --END-- [ RunTime:0.006000s ]
INFO: [ view_filter ] --START--
INFO: Run Behavior\WriteHtmlCacheBehavior [ RunTime:0.001000s ]
INFO: [ view_filter ] --END-- [ RunTime:0.001000s ]
INFO: [ app_end ] --START--
INFO: Run Behavior\ShowPageTraceBehavior [ RunTime:0.000000s ]
INFO: [ app_end ] --END-- [ RunTime:0.001000s ]

[ 2016-11-25T00:12:34+08:00 ] 127.0.0.1 /apply/index.php/Admin/Login/login.html
INFO: [ app_init ] --START--
INFO: Run Behavior\BuildLiteBehavior [ RunTime:0.000000s ]
INFO: [ app_init ] --END-- [ RunTime:0.001000s ]
INFO: [ app_begin ] --START--
INFO: Run Behavior\ReadHtmlCacheBehavior [ RunTime:0.000000s ]
INFO: [ app_begin ] --END-- [ RunTime:0.001000s ]
SQL: SHOW COLUMNS FROM `l_admin_user` [ RunTime:0.0040s ]
SQL: SHOW COLUMNS FROM `l_role_user` [ RunTime:0.0030s ]
SQL: SELECT * FROM `l_admin_user` WHERE `account` = '黄菲娅' AND `password` = 'e10adc3949ba59abbe56e057f20f883e' AND `status` = 1 LIMIT 1   [ RunTime:0.0000s ]
SQL: SELECT `role_id` FROM `l_role_user` WHERE `user_id` = '5'  [ RunTime:0.0000s ]

[ 2016-11-25T00:12:34+08:00 ] 127.0.0.1 /apply/index.php/Admin/Apply/index.html
INFO: [ app_init ] --START--
INFO: Run Behavior\BuildLiteBehavior [ RunTime:0.000000s ]
INFO: [ app_init ] --END-- [ RunTime:0.000000s ]
INFO: [ app_begin ] --START--
INFO: Run Behavior\ReadHtmlCacheBehavior [ RunTime:0.000000s ]
INFO: [ app_begin ] --END-- [ RunTime:0.000000s ]
INFO: [ view_parse ] --START--
INFO: [ template_filter ] --START--
INFO: Run Behavior\ContentReplaceBehavior [ RunTime:0.000000s ]
INFO: [ template_filter ] --END-- [ RunTime:0.000000s ]
INFO: Run Behavior\ParseTemplateBehavior [ RunTime:0.009001s ]
INFO: [ view_parse ] --END-- [ RunTime:0.009001s ]
INFO: [ view_filter ] --START--
INFO: Run Behavior\WriteHtmlCacheBehavior [ RunTime:0.001000s ]
INFO: [ view_filter ] --END-- [ RunTime:0.001000s ]
INFO: [ app_end ] --START--
INFO: Run Behavior\ShowPageTraceBehavior [ RunTime:0.001000s ]
INFO: [ app_end ] --END-- [ RunTime:0.001000s ]

[ 2016-11-25T00:12:34+08:00 ] 127.0.0.1 /apply/index.php/Admin/Apply/__AIMG__/a7.jpg
INFO: [ app_init ] --START--
INFO: Run Behavior\BuildLiteBehavior [ RunTime:0.000000s ]
INFO: [ app_init ] --END-- [ RunTime:0.000000s ]

[ 2016-11-25T00:12:34+08:00 ] 127.0.0.1 /apply/index.php/Admin/Apply/Apply/list
INFO: [ app_init ] --START--
INFO: Run Behavior\BuildLiteBehavior [ RunTime:0.000000s ]
INFO: [ app_init ] --END-- [ RunTime:0.001000s ]
INFO: [ app_begin ] --START--
INFO: Run Behavior\ReadHtmlCacheBehavior [ RunTime:0.001000s ]
INFO: [ app_begin ] --END-- [ RunTime:0.001000s ]
ERR: 非法操作:Apply

[ 2016-11-25T00:12:34+08:00 ] 127.0.0.1 /apply/index.php/Admin/Apply/__AIMG__/a4.jpg
INFO: [ app_init ] --START--
INFO: Run Behavior\BuildLiteBehavior [ RunTime:0.000000s ]
INFO: [ app_init ] --END-- [ RunTime:0.001000s ]

[ 2016-11-25T00:12:34+08:00 ] 127.0.0.1 /apply/index.php/Admin/Apply/Apply/list
INFO: [ app_init ] --START--
INFO: Run Behavior\BuildLiteBehavior [ RunTime:0.000000s ]
INFO: [ app_init ] --END-- [ RunTime:0.000000s ]
INFO: [ app_begin ] --START--
INFO: Run Behavior\ReadHtmlCacheBehavior [ RunTime:0.001001s ]
INFO: [ app_begin ] --END-- [ RunTime:0.001001s ]
ERR: 非法操作:Apply

[ 2016-11-25T00:12:36+08:00 ] 127.0.0.1 /apply/index.php/Admin/Venue/lists.html
INFO: [ app_init ] --START--
INFO: Run Behavior\BuildLiteBehavior [ RunTime:0.000000s ]
INFO: [ app_init ] --END-- [ RunTime:0.000000s ]
INFO: [ app_begin ] --START--
INFO: Run Behavior\ReadHtmlCacheBehavior [ RunTime:0.000000s ]
INFO: [ app_begin ] --END-- [ RunTime:0.000000s ]
SQL: SHOW COLUMNS FROM `l_role_user` [ RunTime:0.0030s ]
SQL: SHOW COLUMNS FROM `l_role` [ RunTime:0.0020s ]
SQL: SHOW COLUMNS FROM `l_approve` [ RunTime:0.0020s ]
SQL: SHOW COLUMNS FROM `l_process` [ RunTime:0.0030s ]
SQL: SHOW COLUMNS FROM `l_apply_venue` [ RunTime:0.0030s ]
SQL: SELECT * FROM l_process WHERE FIND_IN_SET(role_id, '11,9') AND type_id = 3 [ RunTime:0.0000s ]
INFO: [ view_parse ] --START--
INFO: [ template_filter ] --START--
INFO: Run Behavior\ContentReplaceBehavior [ RunTime:0.001000s ]
INFO: [ template_filter ] --END-- [ RunTime:0.001000s ]
INFO: Run Behavior\ParseTemplateBehavior [ RunTime:0.008000s ]
INFO: [ view_parse ] --END-- [ RunTime:0.008000s ]
INFO: [ view_filter ] --START--
INFO: Run Behavior\WriteHtmlCacheBehavior [ RunTime:0.001000s ]
INFO: [ view_filter ] --END-- [ RunTime:0.001000s ]
INFO: [ app_end ] --START--
INFO: Run Behavior\ShowPageTraceBehavior [ RunTime:0.001000s ]
INFO: [ app_end ] --END-- [ RunTime:0.001000s ]

[ 2016-11-25T00:14:21+08:00 ] ::1 /apply/index.php/Admin/User/getRole.html?uid=5
INFO: [ app_init ] --START--
INFO: Run Behavior\BuildLiteBehavior [ RunTime:0.000000s ]
INFO: [ app_init ] --END-- [ RunTime:0.000000s ]
INFO: [ app_begin ] --START--
INFO: Run Behavior\ReadHtmlCacheBehavior [ RunTime:0.000000s ]
INFO: [ app_begin ] --END-- [ RunTime:0.000000s ]
SQL: SHOW COLUMNS FROM `l_role` [ RunTime:0.0030s ]
SQL: SHOW COLUMNS FROM `l_role_user` [ RunTime:0.0020s ]
SQL: SHOW COLUMNS FROM `l_admin_user` [ RunTime:0.0020s ]
SQL: SELECT `id`,`name`,`remark` FROM `l_role` WHERE `status` = 1 ORDER BY id  [ RunTime:0.0000s ]
SQL: SELECT `role_id` FROM `l_role_user` WHERE `user_id` = '5'  [ RunTime:0.0000s ]

[ 2016-11-25T00:14:25+08:00 ] ::1 /apply/index.php/Admin/User/setRole.html
INFO: [ app_init ] --START--
INFO: Run Behavior\BuildLiteBehavior [ RunTime:0.000000s ]
INFO: [ app_init ] --END-- [ RunTime:0.000000s ]
INFO: [ app_begin ] --START--
INFO: Run Behavior\ReadHtmlCacheBehavior [ RunTime:0.000000s ]
INFO: [ app_begin ] --END-- [ RunTime:0.000000s ]
SQL: SHOW COLUMNS FROM `l_role` [ RunTime:0.0020s ]
SQL: SHOW COLUMNS FROM `l_role_user` [ RunTime:0.0020s ]
SQL: SHOW COLUMNS FROM `l_admin_user` [ RunTime:0.0030s ]
SQL: DELETE FROM `l_role_user` WHERE `user_id` = '5' [ RunTime:0.0000s ]
SQL: INSERT INTO `l_role_user` (`role_id`,`user_id`) VALUES ('11','5'),('12','5') [ RunTime:0.0000s ]

[ 2016-11-25T00:14:34+08:00 ] 127.0.0.1 /apply/index.php/Admin/Apply/index.html
INFO: [ app_init ] --START--
INFO: Run Behavior\BuildLiteBehavior [ RunTime:0.000000s ]
INFO: [ app_init ] --END-- [ RunTime:0.001000s ]
INFO: [ app_begin ] --START--
INFO: Run Behavior\ReadHtmlCacheBehavior [ RunTime:0.000000s ]
INFO: [ app_begin ] --END-- [ RunTime:0.001000s ]
INFO: [ view_parse ] --START--
INFO: [ template_filter ] --START--
INFO: Run Behavior\ContentReplaceBehavior [ RunTime:0.000000s ]
INFO: [ template_filter ] --END-- [ RunTime:0.000000s ]
INFO: Run Behavior\ParseTemplateBehavior [ RunTime:0.009000s ]
INFO: [ view_parse ] --END-- [ RunTime:0.010000s ]
INFO: [ view_filter ] --START--
INFO: Run Behavior\WriteHtmlCacheBehavior [ RunTime:0.000000s ]
INFO: [ view_filter ] --END-- [ RunTime:0.000000s ]
INFO: [ app_end ] --START--
INFO: Run Behavior\ShowPageTraceBehavior [ RunTime:0.000000s ]
INFO: [ app_end ] --END-- [ RunTime:0.000000s ]

[ 2016-11-25T00:14:34+08:00 ] 127.0.0.1 /apply/index.php/Admin/Apply/__AIMG__/a7.jpg
INFO: [ app_init ] --START--
INFO: Run Behavior\BuildLiteBehavior [ RunTime:0.000000s ]
INFO: [ app_init ] --END-- [ RunTime:0.000000s ]

[ 2016-11-25T00:14:34+08:00 ] 127.0.0.1 /apply/index.php/Admin/Apply/Apply/list
INFO: [ app_init ] --START--
INFO: Run Behavior\BuildLiteBehavior [ RunTime:0.001000s ]
INFO: [ app_init ] --END-- [ RunTime:0.001000s ]
INFO: [ app_begin ] --START--
INFO: Run Behavior\ReadHtmlCacheBehavior [ RunTime:0.000000s ]
INFO: [ app_begin ] --END-- [ RunTime:0.001000s ]
ERR: 非法操作:Apply

[ 2016-11-25T00:14:34+08:00 ] 127.0.0.1 /apply/index.php/Admin/Apply/Apply/list
INFO: [ app_init ] --START--
INFO: Run Behavior\BuildLiteBehavior [ RunTime:0.000000s ]
INFO: [ app_init ] --END-- [ RunTime:0.000000s ]
INFO: [ app_begin ] --START--
INFO: Run Behavior\ReadHtmlCacheBehavior [ RunTime:0.001000s ]
INFO: [ app_begin ] --END-- [ RunTime:0.001000s ]
ERR: 非法操作:Apply

[ 2016-11-25T00:14:36+08:00 ] 127.0.0.1 /apply/index.php/Admin/Venue/lists.html
INFO: [ app_init ] --START--
INFO: Run Behavior\BuildLiteBehavior [ RunTime:0.000000s ]
INFO: [ app_init ] --END-- [ RunTime:0.000000s ]
INFO: [ app_begin ] --START--
INFO: Run Behavior\ReadHtmlCacheBehavior [ RunTime:0.001000s ]
INFO: [ app_begin ] --END-- [ RunTime:0.001000s ]
SQL: SHOW COLUMNS FROM `l_role_user` [ RunTime:0.0020s ]
SQL: SHOW COLUMNS FROM `l_role` [ RunTime:0.0030s ]
SQL: SHOW COLUMNS FROM `l_approve` [ RunTime:0.0030s ]
SQL: SHOW COLUMNS FROM `l_process` [ RunTime:0.0030s ]
SQL: SHOW COLUMNS FROM `l_apply_venue` [ RunTime:0.0030s ]
SQL: SELECT * FROM l_process WHERE FIND_IN_SET(role_id, '11,9') AND type_id = 3 [ RunTime:0.0000s ]
INFO: [ view_parse ] --START--
INFO: [ template_filter ] --START--
INFO: Run Behavior\ContentReplaceBehavior [ RunTime:0.000000s ]
INFO: [ template_filter ] --END-- [ RunTime:0.001000s ]
INFO: Run Behavior\ParseTemplateBehavior [ RunTime:0.008001s ]
INFO: [ view_parse ] --END-- [ RunTime:0.008001s ]
INFO: [ view_filter ] --START--
INFO: Run Behavior\WriteHtmlCacheBehavior [ RunTime:0.001000s ]
INFO: [ view_filter ] --END-- [ RunTime:0.001000s ]
INFO: [ app_end ] --START--
INFO: Run Behavior\ShowPageTraceBehavior [ RunTime:0.001000s ]
INFO: [ app_end ] --END-- [ RunTime:0.001000s ]

[ 2016-11-25T00:14:45+08:00 ] ::1 /apply/index.php/Admin/Apply/index.html
INFO: [ app_init ] --START--
INFO: Run Behavior\BuildLiteBehavior [ RunTime:0.000000s ]
INFO: [ app_init ] --END-- [ RunTime:0.000000s ]
INFO: [ app_begin ] --START--
INFO: Run Behavior\ReadHtmlCacheBehavior [ RunTime:0.000000s ]
INFO: [ app_begin ] --END-- [ RunTime:0.000000s ]

[ 2016-11-25T00:14:45+08:00 ] ::1 /apply/index.php/Admin/Login/index.html
INFO: [ app_init ] --START--
INFO: Run Behavior\BuildLiteBehavior [ RunTime:0.000000s ]
INFO: [ app_init ] --END-- [ RunTime:0.000000s ]
INFO: [ app_begin ] --START--
INFO: Run Behavior\ReadHtmlCacheBehavior [ RunTime:0.000000s ]
INFO: [ app_begin ] --END-- [ RunTime:0.001000s ]
SQL: SHOW COLUMNS FROM `l_admin_user` [ RunTime:0.0030s ]
SQL: SHOW COLUMNS FROM `l_role_user` [ RunTime:0.0020s ]
INFO: [ view_parse ] --START--
INFO: [ template_filter ] --START--
INFO: Run Behavior\ContentReplaceBehavior [ RunTime:0.000000s ]
INFO: [ template_filter ] --END-- [ RunTime:0.000000s ]
INFO: Run Behavior\ParseTemplateBehavior [ RunTime:0.005001s ]
INFO: [ view_parse ] --END-- [ RunTime:0.006001s ]
INFO: [ view_filter ] --START--
INFO: Run Behavior\WriteHtmlCacheBehavior [ RunTime:0.000000s ]
INFO: [ view_filter ] --END-- [ RunTime:0.000000s ]
INFO: [ app_end ] --START--
INFO: Run Behavior\ShowPageTraceBehavior [ RunTime:0.001000s ]
INFO: [ app_end ] --END-- [ RunTime:0.001000s ]

[ 2016-11-25T00:14:51+08:00 ] ::1 /apply/index.php/Admin/Login/login.html
INFO: [ app_init ] --START--
INFO: Run Behavior\BuildLiteBehavior [ RunTime:0.000000s ]
INFO: [ app_init ] --END-- [ RunTime:0.000000s ]
INFO: [ app_begin ] --START--
INFO: Run Behavior\ReadHtmlCacheBehavior [ RunTime:0.001000s ]
INFO: [ app_begin ] --END-- [ RunTime:0.001000s ]
SQL: SHOW COLUMNS FROM `l_admin_user` [ RunTime:0.0020s ]
SQL: SHOW COLUMNS FROM `l_role_user` [ RunTime:0.0030s ]
SQL: SELECT * FROM `l_admin_user` WHERE `account` = '黄菲娅' AND `password` = 'e10adc3949ba59abbe56e057f20f883e' AND `status` = 1 LIMIT 1   [ RunTime:0.0000s ]
SQL: SELECT `role_id` FROM `l_role_user` WHERE `user_id` = '5'  [ RunTime:0.0010s ]

[ 2016-11-25T00:14:51+08:00 ] ::1 /apply/index.php/Admin/Apply/index.html
INFO: [ app_init ] --START--
INFO: Run Behavior\BuildLiteBehavior [ RunTime:0.000000s ]
INFO: [ app_init ] --END-- [ RunTime:0.001000s ]
INFO: [ app_begin ] --START--
INFO: Run Behavior\ReadHtmlCacheBehavior [ RunTime:0.000000s ]
INFO: [ app_begin ] --END-- [ RunTime:0.001001s ]
INFO: [ view_parse ] --START--
INFO: [ template_filter ] --START--
INFO: Run Behavior\ContentReplaceBehavior [ RunTime:0.000000s ]
INFO: [ template_filter ] --END-- [ RunTime:0.000000s ]
INFO: Run Behavior\ParseTemplateBehavior [ RunTime:0.008000s ]
INFO: [ view_parse ] --END-- [ RunTime:0.010000s ]
INFO: [ view_filter ] --START--
INFO: Run Behavior\WriteHtmlCacheBehavior [ RunTime:0.000000s ]
INFO: [ view_filter ] --END-- [ RunTime:0.000000s ]
INFO: [ app_end ] --START--
INFO: Run Behavior\ShowPageTraceBehavior [ RunTime:0.001000s ]
INFO: [ app_end ] --END-- [ RunTime:0.001000s ]

[ 2016-11-25T00:14:51+08:00 ] ::1 /apply/index.php/Admin/Apply/__AIMG__/a7.jpg
INFO: [ app_init ] --START--
INFO: Run Behavior\BuildLiteBehavior [ RunTime:0.000000s ]
INFO: [ app_init ] --END-- [ RunTime:0.001000s ]

[ 2016-11-25T00:14:51+08:00 ] ::1 /apply/index.php/Admin/Apply/__AIMG__/a4.jpg
INFO: [ app_init ] --START--
INFO: Run Behavior\BuildLiteBehavior [ RunTime:0.000000s ]
INFO: [ app_init ] --END-- [ RunTime:0.001000s ]

[ 2016-11-25T00:14:51+08:00 ] ::1 /apply/index.php/Admin/Apply/Apply/list
INFO: [ app_init ] --START--
INFO: Run Behavior\BuildLiteBehavior [ RunTime:0.000000s ]
INFO: [ app_init ] --END-- [ RunTime:0.000000s ]
INFO: [ app_begin ] --START--
INFO: Run Behavior\ReadHtmlCacheBehavior [ RunTime:0.001000s ]
INFO: [ app_begin ] --END-- [ RunTime:0.001000s ]
ERR: 非法操作:Apply

[ 2016-11-25T00:14:51+08:00 ] ::1 /apply/index.php/Admin/Apply/Apply/list
INFO: [ app_init ] --START--
INFO: Run Behavior\BuildLiteBehavior [ RunTime:0.000000s ]
INFO: [ app_init ] --END-- [ RunTime:0.000000s ]
INFO: [ app_begin ] --START--
INFO: Run Behavior\ReadHtmlCacheBehavior [ RunTime:0.000000s ]
INFO: [ app_begin ] --END-- [ RunTime:0.000000s ]
ERR: 非法操作:Apply

[ 2016-11-25T00:14:53+08:00 ] ::1 /apply/index.php/Admin/Venue/lists.html
INFO: [ app_init ] --START--
INFO: Run Behavior\BuildLiteBehavior [ RunTime:0.000000s ]
INFO: [ app_init ] --END-- [ RunTime:0.001000s ]
INFO: [ app_begin ] --START--
INFO: Run Behavior\ReadHtmlCacheBehavior [ RunTime:0.001000s ]
INFO: [ app_begin ] --END-- [ RunTime:0.001000s ]
SQL: SHOW COLUMNS FROM `l_role_user` [ RunTime:0.0020s ]
SQL: SHOW COLUMNS FROM `l_role` [ RunTime:0.0030s ]
SQL: SHOW COLUMNS FROM `l_approve` [ RunTime:0.0020s ]
SQL: SHOW COLUMNS FROM `l_process` [ RunTime:0.0030s ]
SQL: SHOW COLUMNS FROM `l_apply_venue` [ RunTime:0.0030s ]
SQL: SELECT * FROM l_process WHERE FIND_IN_SET(role_id, '12,11') AND type_id = 3 [ RunTime:0.0010s ]
INFO: [ view_parse ] --START--
INFO: [ template_filter ] --START--
INFO: Run Behavior\ContentReplaceBehavior [ RunTime:0.000000s ]
INFO: [ template_filter ] --END-- [ RunTime:0.000000s ]
INFO: Run Behavior\ParseTemplateBehavior [ RunTime:0.008000s ]
INFO: [ view_parse ] --END-- [ RunTime:0.009000s ]
INFO: [ view_filter ] --START--
INFO: Run Behavior\WriteHtmlCacheBehavior [ RunTime:0.000000s ]
INFO: [ view_filter ] --END-- [ RunTime:0.000000s ]
INFO: [ app_end ] --START--
INFO: Run Behavior\ShowPageTraceBehavior [ RunTime:0.001000s ]
INFO: [ app_end ] --END-- [ RunTime:0.001000s ]

[ 2016-11-25T00:15:22+08:00 ] ::1 /apply/index.php/Admin/Venue/lists.html
INFO: [ app_init ] --START--
INFO: Run Behavior\BuildLiteBehavior [ RunTime:0.000000s ]
INFO: [ app_init ] --END-- [ RunTime:0.000000s ]
INFO: [ app_begin ] --START--
INFO: Run Behavior\ReadHtmlCacheBehavior [ RunTime:0.000000s ]
INFO: [ app_begin ] --END-- [ RunTime:0.001001s ]
SQL: SHOW COLUMNS FROM `l_role_user` [ RunTime:0.0030s ]
SQL: SHOW COLUMNS FROM `l_role` [ RunTime:0.0020s ]
SQL: SHOW COLUMNS FROM `l_approve` [ RunTime:0.0020s ]
SQL: SHOW COLUMNS FROM `l_process` [ RunTime:0.0020s ]
SQL: SHOW COLUMNS FROM `l_apply_venue` [ RunTime:0.0020s ]
SQL: SELECT DISTINCT user_type FROM l_process WHERE FIND_IN_SET(role_id, '12,11') AND type_id = 3 [ RunTime:0.0000s ]
INFO: [ view_parse ] --START--
INFO: [ template_filter ] --START--
INFO: Run Behavior\ContentReplaceBehavior [ RunTime:0.000000s ]
INFO: [ template_filter ] --END-- [ RunTime:0.000000s ]
INFO: Run Behavior\ParseTemplateBehavior [ RunTime:0.008000s ]
INFO: [ view_parse ] --END-- [ RunTime:0.008000s ]
INFO: [ view_filter ] --START--
INFO: Run Behavior\WriteHtmlCacheBehavior [ RunTime:0.001000s ]
INFO: [ view_filter ] --END-- [ RunTime:0.001000s ]
INFO: [ app_end ] --START--
INFO: Run Behavior\ShowPageTraceBehavior [ RunTime:0.001000s ]
INFO: [ app_end ] --END-- [ RunTime:0.001000s ]

[ 2016-11-25T00:16:35+08:00 ] ::1 /apply/index.php/Admin/User/administrator.html
INFO: [ app_init ] --START--
INFO: Run Behavior\BuildLiteBehavior [ RunTime:0.000000s ]
INFO: [ app_init ] --END-- [ RunTime:0.001000s ]
INFO: [ app_begin ] --START--
INFO: Run Behavior\ReadHtmlCacheBehavior [ RunTime:0.001000s ]
INFO: [ app_begin ] --END-- [ RunTime:0.001000s ]
SQL: SHOW COLUMNS FROM `l_role` [ RunTime:0.0020s ]
SQL: SHOW COLUMNS FROM `l_role_user` [ RunTime:0.0030s ]
SQL: SHOW COLUMNS FROM `l_admin_user` [ RunTime:0.0020s ]
SQL: SELECT `id`,`account`,`id_number`,`phone`,`college`,`status`,`last_login_time` FROM `l_admin_user`  [ RunTime:0.0000s ]
SQL: SELECT u.`name` FROM l_role_user r LEFT JOIN l_role u on r.role_id = u.id WHERE r.user_id = 1 [ RunTime:0.0000s ]
SQL: SELECT u.`name` FROM l_role_user r LEFT JOIN l_role u on r.role_id = u.id WHERE r.user_id = 2 [ RunTime:0.0000s ]
SQL: SELECT u.`name` FROM l_role_user r LEFT JOIN l_role u on r.role_id = u.id WHERE r.user_id = 3 [ RunTime:0.0000s ]
SQL: SELECT u.`name` FROM l_role_user r LEFT JOIN l_role u on r.role_id = u.id WHERE r.user_id = 4 [ RunTime:0.0000s ]
SQL: SELECT u.`name` FROM l_role_user r LEFT JOIN l_role u on r.role_id = u.id WHERE r.user_id = 5 [ RunTime:0.0000s ]
SQL: SELECT u.`name` FROM l_role_user r LEFT JOIN l_role u on r.role_id = u.id WHERE r.user_id = 6 [ RunTime:0.0000s ]
SQL: SELECT u.`name` FROM l_role_user r LEFT JOIN l_role u on r.role_id = u.id WHERE r.user_id = 7 [ RunTime:0.0000s ]
SQL: SELECT u.`name` FROM l_role_user r LEFT JOIN l_role u on r.role_id = u.id WHERE r.user_id = 8 [ RunTime:0.0000s ]
SQL: SELECT u.`name` FROM l_role_user r LEFT JOIN l_role u on r.role_id = u.id WHERE r.user_id = 9 [ RunTime:0.0000s ]
SQL: SELECT u.`name` FROM l_role_user r LEFT JOIN l_role u on r.role_id = u.id WHERE r.user_id = 10 [ RunTime:0.0000s ]
SQL: SELECT u.`name` FROM l_role_user r LEFT JOIN l_role u on r.role_id = u.id WHERE r.user_id = 11 [ RunTime:0.0000s ]
SQL: SELECT u.`name` FROM l_role_user r LEFT JOIN l_role u on r.role_id = u.id WHERE r.user_id = 12 [ RunTime:0.0000s ]
SQL: SELECT u.`name` FROM l_role_user r LEFT JOIN l_role u on r.role_id = u.id WHERE r.user_id = 13 [ RunTime:0.0000s ]
SQL: SELECT u.`name` FROM l_role_user r LEFT JOIN l_role u on r.role_id = u.id WHERE r.user_id = 14 [ RunTime:0.0000s ]
SQL: SELECT u.`name` FROM l_role_user r LEFT JOIN l_role u on r.role_id = u.id WHERE r.user_id = 15 [ RunTime:0.0000s ]
SQL: SELECT u.`name` FROM l_role_user r LEFT JOIN l_role u on r.role_id = u.id WHERE r.user_id = 17 [ RunTime:0.0000s ]
SQL: SELECT u.`name` FROM l_role_user r LEFT JOIN l_role u on r.role_id = u.id WHERE r.user_id = 18 [ RunTime:0.0000s ]
SQL: SELECT u.`name` FROM l_role_user r LEFT JOIN l_role u on r.role_id = u.id WHERE r.user_id = 19 [ RunTime:0.0000s ]
SQL: SELECT u.`name` FROM l_role_user r LEFT JOIN l_role u on r.role_id = u.id WHERE r.user_id = 20 [ RunTime:0.0000s ]
SQL: SELECT u.`name` FROM l_role_user r LEFT JOIN l_role u on r.role_id = u.id WHERE r.user_id = 21 [ RunTime:0.0000s ]
SQL: SELECT u.`name` FROM l_role_user r LEFT JOIN l_role u on r.role_id = u.id WHERE r.user_id = 22 [ RunTime:0.0000s ]
SQL: SELECT u.`name` FROM l_role_user r LEFT JOIN l_role u on r.role_id = u.id WHERE r.user_id = 23 [ RunTime:0.0000s ]
SQL: SELECT u.`name` FROM l_role_user r LEFT JOIN l_role u on r.role_id = u.id WHERE r.user_id = 24 [ RunTime:0.0000s ]
SQL: SELECT u.`name` FROM l_role_user r LEFT JOIN l_role u on r.role_id = u.id WHERE r.user_id = 25 [ RunTime:0.0000s ]
SQL: SELECT u.`name` FROM l_role_user r LEFT JOIN l_role u on r.role_id = u.id WHERE r.user_id = 26 [ RunTime:0.0000s ]
SQL: SELECT u.`name` FROM l_role_user r LEFT JOIN l_role u on r.role_id = u.id WHERE r.user_id = 27 [ RunTime:0.0010s ]
SQL: SELECT u.`name` FROM l_role_user r LEFT JOIN l_role u on r.role_id = u.id WHERE r.user_id = 28 [ RunTime:0.0000s ]
SQL: SELECT u.`name` FROM l_role_user r LEFT JOIN l_role u on r.role_id = u.id WHERE r.user_id = 29 [ RunTime:0.0000s ]
SQL: SELECT u.`name` FROM l_role_user r LEFT JOIN l_role u on r.role_id = u.id WHERE r.user_id = 30 [ RunTime:0.0010s ]
SQL: SELECT u.`name` FROM l_role_user r LEFT JOIN l_role u on r.role_id = u.id WHERE r.user_id = 31 [ RunTime:0.0000s ]
SQL: SELECT u.`name` FROM l_role_user r LEFT JOIN l_role u on r.role_id = u.id WHERE r.user_id = 47 [ RunTime:0.0000s ]
SQL: SELECT u.`name` FROM l_role_user r LEFT JOIN l_role u on r.role_id = u.id WHERE r.user_id = 48 [ RunTime:0.0000s ]
SQL: SELECT u.`name` FROM l_role_user r LEFT JOIN l_role u on r.role_id = u.id WHERE r.user_id = 49 [ RunTime:0.0000s ]
SQL: SELECT u.`name` FROM l_role_user r LEFT JOIN l_role u on r.role_id = u.id WHERE r.user_id = 50 [ RunTime:0.0000s ]
SQL: SELECT u.`name` FROM l_role_user r LEFT JOIN l_role u on r.role_id = u.id WHERE r.user_id = 51 [ RunTime:0.0000s ]
SQL: SELECT u.`name` FROM l_role_user r LEFT JOIN l_role u on r.role_id = u.id WHERE r.user_id = 52 [ RunTime:0.0000s ]
SQL: SELECT u.`name` FROM l_role_user r LEFT JOIN l_role u on r.role_id = u.id WHERE r.user_id = 53 [ RunTime:0.0010s ]
SQL: SELECT u.`name` FROM l_role_user r LEFT JOIN l_role u on r.role_id = u.id WHERE r.user_id = 54 [ RunTime:0.0000s ]
SQL: SELECT u.`name` FROM l_role_user r LEFT JOIN l_role u on r.role_id = u.id WHERE r.user_id = 55 [ RunTime:0.0000s ]
SQL: SELECT u.`name` FROM l_role_user r LEFT JOIN l_role u on r.role_id = u.id WHERE r.user_id = 56 [ RunTime:0.0010s ]
SQL: SELECT u.`name` FROM l_role_user r LEFT JOIN l_role u on r.role_id = u.id WHERE r.user_id = 57 [ RunTime:0.0000s ]
SQL: SELECT u.`name` FROM l_role_user r LEFT JOIN l_role u on r.role_id = u.id WHERE r.user_id = 58 [ RunTime:0.0010s ]
SQL: SELECT u.`name` FROM l_role_user r LEFT JOIN l_role u on r.role_id = u.id WHERE r.user_id = 59 [ RunTime:0.0000s ]
SQL: SELECT u.`name` FROM l_role_user r LEFT JOIN l_role u on r.role_id = u.id WHERE r.user_id = 60 [ RunTime:0.0000s ]
SQL: SELECT u.`name` FROM l_role_user r LEFT JOIN l_role u on r.role_id = u.id WHERE r.user_id = 61 [ RunTime:0.0010s ]
SQL: SELECT u.`name` FROM l_role_user r LEFT JOIN l_role u on r.role_id = u.id WHERE r.user_id = 62 [ RunTime:0.0000s ]
SQL: SELECT u.`name` FROM l_role_user r LEFT JOIN l_role u on r.role_id = u.id WHERE r.user_id = 63 [ RunTime:0.0000s ]
SQL: SELECT u.`name` FROM l_role_user r LEFT JOIN l_role u on r.role_id = u.id WHERE r.user_id = 64 [ RunTime:0.0000s ]
SQL: SELECT u.`name` FROM l_role_user r LEFT JOIN l_role u on r.role_id = u.id WHERE r.user_id = 65 [ RunTime:0.0000s ]
SQL: SELECT u.`name` FROM l_role_user r LEFT JOIN l_role u on r.role_id = u.id WHERE r.user_id = 81 [ RunTime:0.0000s ]
SQL: SELECT u.`name` FROM l_role_user r LEFT JOIN l_role u on r.role_id = u.id WHERE r.user_id = 82 [ RunTime:0.0000s ]
SQL: SELECT u.`name` FROM l_role_user r LEFT JOIN l_role u on r.role_id = u.id WHERE r.user_id = 83 [ RunTime:0.0000s ]
SQL: SELECT u.`name` FROM l_role_user r LEFT JOIN l_role u on r.role_id = u.id WHERE r.user_id = 84 [ RunTime:0.0000s ]
SQL: SELECT u.`name` FROM l_role_user r LEFT JOIN l_role u on r.role_id = u.id WHERE r.user_id = 85 [ RunTime:0.0000s ]
SQL: SELECT u.`name` FROM l_role_user r LEFT JOIN l_role u on r.role_id = u.id WHERE r.user_id = 86 [ RunTime:0.0000s ]
SQL: SELECT u.`name` FROM l_role_user r LEFT JOIN l_role u on r.role_id = u.id WHERE r.user_id = 87 [ RunTime:0.0000s ]
SQL: SELECT u.`name` FROM l_role_user r LEFT JOIN l_role u on r.role_id = u.id WHERE r.user_id = 88 [ RunTime:0.0000s ]
SQL: SELECT u.`name` FROM l_role_user r LEFT JOIN l_role u on r.role_id = u.id WHERE r.user_id = 89 [ RunTime:0.0000s ]
SQL: SELECT u.`name` FROM l_role_user r LEFT JOIN l_role u on r.role_id = u.id WHERE r.user_id = 90 [ RunTime:0.0000s ]
SQL: SELECT u.`name` FROM l_role_user r LEFT JOIN l_role u on r.role_id = u.id WHERE r.user_id = 91 [ RunTime:0.0000s ]
INFO: [ view_parse ] --START--
INFO: [ template_filter ] --START--
INFO: Run Behavior\ContentReplaceBehavior [ RunTime:0.000000s ]
INFO: [ template_filter ] --END-- [ RunTime:0.000000s ]
NOTIC: [8] Undefined variable: role D:\wamp\wamp\www\apply\Application\Runtime\Cache\Admin\a104dd5496dff09c884acb00a727c6f9.php 第 157 行.
INFO: Run Behavior\ParseTemplateBehavior [ RunTime:0.014001s ]
INFO: [ view_parse ] --END-- [ RunTime:0.014001s ]
INFO: [ view_filter ] --START--
INFO: Run Behavior\WriteHtmlCacheBehavior [ RunTime:0.000000s ]
INFO: [ view_filter ] --END-- [ RunTime:0.000000s ]
INFO: [ app_end ] --START--
INFO: Run Behavior\ShowPageTraceBehavior [ RunTime:0.001000s ]
INFO: [ app_end ] --END-- [ RunTime:0.001000s ]

[ 2016-11-25T00:16:40+08:00 ] ::1 /apply/index.php/Admin/User/getRole.html?uid=5
INFO: [ app_init ] --START--
INFO: Run Behavior\BuildLiteBehavior [ RunTime:0.000000s ]
INFO: [ app_init ] --END-- [ RunTime:0.001000s ]
INFO: [ app_begin ] --START--
INFO: Run Behavior\ReadHtmlCacheBehavior [ RunTime:0.001000s ]
INFO: [ app_begin ] --END-- [ RunTime:0.001000s ]
SQL: SHOW COLUMNS FROM `l_role` [ RunTime:0.0030s ]
SQL: SHOW COLUMNS FROM `l_role_user` [ RunTime:0.0020s ]
SQL: SHOW COLUMNS FROM `l_admin_user` [ RunTime:0.0030s ]
SQL: SELECT `id`,`name`,`remark` FROM `l_role` WHERE `status` = 1 ORDER BY id  [ RunTime:0.0000s ]
SQL: SELECT `role_id` FROM `l_role_user` WHERE `user_id` = '5'  [ RunTime:0.0000s ]

[ 2016-11-25T00:16:42+08:00 ] ::1 /apply/index.php/Admin/User/setRole.html
INFO: [ app_init ] --START--
INFO: Run Behavior\BuildLiteBehavior [ RunTime:0.000000s ]
INFO: [ app_init ] --END-- [ RunTime:0.000000s ]
INFO: [ app_begin ] --START--
INFO: Run Behavior\ReadHtmlCacheBehavior [ RunTime:0.000000s ]
INFO: [ app_begin ] --END-- [ RunTime:0.000000s ]
SQL: SHOW COLUMNS FROM `l_role` [ RunTime:0.0020s ]
SQL: SHOW COLUMNS FROM `l_role_user` [ RunTime:0.0030s ]
SQL: SHOW COLUMNS FROM `l_admin_user` [ RunTime:0.0020s ]
SQL: DELETE FROM `l_role_user` WHERE `user_id` = '5' [ RunTime:0.0000s ]
SQL: INSERT INTO `l_role_user` (`role_id`,`user_id`) VALUES ('11','5') [ RunTime:0.0000s ]

[ 2016-11-25T00:16:54+08:00 ] ::1 /apply/index.php/Admin/Apply/index.html
INFO: [ app_init ] --START--
INFO: Run Behavior\BuildLiteBehavior [ RunTime:0.000000s ]
INFO: [ app_init ] --END-- [ RunTime:0.000000s ]
INFO: [ app_begin ] --START--
INFO: Run Behavior\ReadHtmlCacheBehavior [ RunTime:0.000000s ]
INFO: [ app_begin ] --END-- [ RunTime:0.000000s ]

[ 2016-11-25T00:16:54+08:00 ] ::1 /apply/index.php/Admin/Login/index.html
INFO: [ app_init ] --START--
INFO: Run Behavior\BuildLiteBehavior [ RunTime:0.000000s ]
INFO: [ app_init ] --END-- [ RunTime:0.001000s ]
INFO: [ app_begin ] --START--
INFO: Run Behavior\ReadHtmlCacheBehavior [ RunTime:0.001000s ]
INFO: [ app_begin ] --END-- [ RunTime:0.001000s ]
SQL: SHOW COLUMNS FROM `l_admin_user` [ RunTime:0.0030s ]
SQL: SHOW COLUMNS FROM `l_role_user` [ RunTime:0.0020s ]
INFO: [ view_parse ] --START--
INFO: [ template_filter ] --START--
INFO: Run Behavior\ContentReplaceBehavior [ RunTime:0.000000s ]
INFO: [ template_filter ] --END-- [ RunTime:0.001000s ]
INFO: Run Behavior\ParseTemplateBehavior [ RunTime:0.006000s ]
INFO: [ view_parse ] --END-- [ RunTime:0.006000s ]
INFO: [ view_filter ] --START--
INFO: Run Behavior\WriteHtmlCacheBehavior [ RunTime:0.001000s ]
INFO: [ view_filter ] --END-- [ RunTime:0.001000s ]
INFO: [ app_end ] --START--
INFO: Run Behavior\ShowPageTraceBehavior [ RunTime:0.001000s ]
INFO: [ app_end ] --END-- [ RunTime:0.001000s ]

[ 2016-11-25T00:17:01+08:00 ] ::1 /apply/index.php/Admin/Login/login.html
INFO: [ app_init ] --START--
INFO: Run Behavior\BuildLiteBehavior [ RunTime:0.000000s ]
INFO: [ app_init ] --END-- [ RunTime:0.001000s ]
INFO: [ app_begin ] --START--
INFO: Run Behavior\ReadHtmlCacheBehavior [ RunTime:0.000000s ]
INFO: [ app_begin ] --END-- [ RunTime:0.001000s ]
SQL: SHOW COLUMNS FROM `l_admin_user` [ RunTime:0.0030s ]
SQL: SHOW COLUMNS FROM `l_role_user` [ RunTime:0.0030s ]
SQL: SELECT * FROM `l_admin_user` WHERE `account` = '黄菲娅' AND `password` = 'e10adc3949ba59abbe56e057f20f883e' AND `status` = 1 LIMIT 1   [ RunTime:0.0000s ]
SQL: SELECT `role_id` FROM `l_role_user` WHERE `user_id` = '5'  [ RunTime:0.0010s ]

[ 2016-11-25T00:17:01+08:00 ] ::1 /apply/index.php/Admin/Apply/index.html
INFO: [ app_init ] --START--
INFO: Run Behavior\BuildLiteBehavior [ RunTime:0.000000s ]
INFO: [ app_init ] --END-- [ RunTime:0.000000s ]
INFO: [ app_begin ] --START--
INFO: Run Behavior\ReadHtmlCacheBehavior [ RunTime:0.000000s ]
INFO: [ app_begin ] --END-- [ RunTime:0.001000s ]
INFO: [ view_parse ] --START--
INFO: [ template_filter ] --START--
INFO: Run Behavior\ContentReplaceBehavior [ RunTime:0.000000s ]
INFO: [ template_filter ] --END-- [ RunTime:0.000000s ]
INFO: Run Behavior\ParseTemplateBehavior [ RunTime:0.010001s ]
INFO: [ view_parse ] --END-- [ RunTime:0.010001s ]
INFO: [ view_filter ] --START--
INFO: Run Behavior\WriteHtmlCacheBehavior [ RunTime:0.000000s ]
INFO: [ view_filter ] --END-- [ RunTime:0.000000s ]
INFO: [ app_end ] --START--
INFO: Run Behavior\ShowPageTraceBehavior [ RunTime:0.000000s ]
INFO: [ app_end ] --END-- [ RunTime:0.001000s ]

[ 2016-11-25T00:17:01+08:00 ] ::1 /apply/index.php/Admin/Apply/Apply/list
INFO: [ app_init ] --START--
INFO: Run Behavior\BuildLiteBehavior [ RunTime:0.000000s ]
INFO: [ app_init ] --END-- [ RunTime:0.001000s ]
INFO: [ app_begin ] --START--
INFO: Run Behavior\ReadHtmlCacheBehavior [ RunTime:0.001000s ]
INFO: [ app_begin ] --END-- [ RunTime:0.001000s ]
ERR: 非法操作:Apply

[ 2016-11-25T00:17:01+08:00 ] ::1 /apply/index.php/Admin/Apply/__AIMG__/a4.jpg
INFO: [ app_init ] --START--
INFO: Run Behavior\BuildLiteBehavior [ RunTime:0.000000s ]
INFO: [ app_init ] --END-- [ RunTime:0.001000s ]

[ 2016-11-25T00:17:01+08:00 ] ::1 /apply/index.php/Admin/Apply/__AIMG__/a7.jpg
INFO: [ app_init ] --START--
INFO: Run Behavior\BuildLiteBehavior [ RunTime:0.000000s ]
INFO: [ app_init ] --END-- [ RunTime:0.000000s ]

[ 2016-11-25T00:17:01+08:00 ] ::1 /apply/index.php/Admin/Apply/Apply/list
INFO: [ app_init ] --START--
INFO: Run Behavior\BuildLiteBehavior [ RunTime:0.000000s ]
INFO: [ app_init ] --END-- [ RunTime:0.001000s ]
INFO: [ app_begin ] --START--
INFO: Run Behavior\ReadHtmlCacheBehavior [ RunTime:0.000000s ]
INFO: [ app_begin ] --END-- [ RunTime:0.001000s ]
ERR: 非法操作:Apply

[ 2016-11-25T00:17:03+08:00 ] ::1 /apply/index.php/Admin/Venue/lists.html
INFO: [ app_init ] --START--
INFO: Run Behavior\BuildLiteBehavior [ RunTime:0.000000s ]
INFO: [ app_init ] --END-- [ RunTime:0.000000s ]
INFO: [ app_begin ] --START--
INFO: Run Behavior\ReadHtmlCacheBehavior [ RunTime:0.001000s ]
INFO: [ app_begin ] --END-- [ RunTime:0.001000s ]
SQL: SHOW COLUMNS FROM `l_role_user` [ RunTime:0.0030s ]
SQL: SHOW COLUMNS FROM `l_role` [ RunTime:0.0020s ]
SQL: SHOW COLUMNS FROM `l_approve` [ RunTime:0.0030s ]
SQL: SHOW COLUMNS FROM `l_process` [ RunTime:0.0020s ]
SQL: SHOW COLUMNS FROM `l_apply_venue` [ RunTime:0.0020s ]
SQL: SELECT DISTINCT user_type FROM l_process WHERE FIND_IN_SET(role_id, '11') AND type_id = 3 [ RunTime:0.0000s ]
INFO: [ view_parse ] --START--
INFO: [ template_filter ] --START--
INFO: Run Behavior\ContentReplaceBehavior [ RunTime:0.000000s ]
INFO: [ template_filter ] --END-- [ RunTime:0.000000s ]
INFO: Run Behavior\ParseTemplateBehavior [ RunTime:0.007001s ]
INFO: [ view_parse ] --END-- [ RunTime:0.008001s ]
INFO: [ view_filter ] --START--
INFO: Run Behavior\WriteHtmlCacheBehavior [ RunTime:0.000000s ]
INFO: [ view_filter ] --END-- [ RunTime:0.000000s ]
INFO: [ app_end ] --START--
INFO: Run Behavior\ShowPageTraceBehavior [ RunTime:0.001000s ]
INFO: [ app_end ] --END-- [ RunTime:0.001000s ]

